2021-12-19 06:47:06 INFO  cic.cs.unb.ca.jnetpcap.worker.TrafficFlowWorker    Pcap is listening...
2021-12-19 06:47:14 INFO  cic.cs.unb.ca.flow.ui.FlowMonitorPane    Pcap stop listening
2021-12-19 06:47:14 INFO  cic.cs.unb.ca.flow.ui.FlowMonitorPane    path:D:\Documents\GitHub\Panda\target\data\daily\2021-12-19_Flow.csv
2021-12-19 06:47:16 DEBUG cic.cs.unb.ca.jnetpcap.worker.TrafficFlowWorker    break Packet loop
2021-12-19 06:48:39 INFO  cic.cs.unb.ca.jnetpcap.worker.TrafficFlowWorker    Pcap is listening...
2021-12-19 06:48:57 DEBUG cic.cs.unb.ca.jnetpcap.FlowGenerator    FlagFIN current has 52 flow
2021-12-19 06:48:57 DEBUG cic.cs.unb.ca.jnetpcap.FlowGenerator    FlagFIN current has 54 flow
2021-12-19 06:48:57 DEBUG cic.cs.unb.ca.jnetpcap.FlowGenerator    FlagFIN current has 54 flow
2021-12-19 06:49:07 DEBUG cic.cs.unb.ca.jnetpcap.FlowGenerator    FlagFIN current has 106 flow
2021-12-19 06:49:22 DEBUG cic.cs.unb.ca.jnetpcap.FlowGenerator    FlagFIN current has 149 flow
2021-12-19 06:49:22 DEBUG cic.cs.unb.ca.jnetpcap.FlowGenerator    FlagFIN current has 149 flow
2021-12-19 06:49:23 DEBUG cic.cs.unb.ca.jnetpcap.FlowGenerator    FlagFIN current has 180 flow
2021-12-19 06:49:35 DEBUG cic.cs.unb.ca.jnetpcap.FlowGenerator    FlagFIN current has 186 flow
2021-12-19 06:49:35 DEBUG cic.cs.unb.ca.jnetpcap.FlowGenerator    FlagFIN current has 186 flow
2021-12-19 06:50:19 DEBUG cic.cs.unb.ca.jnetpcap.FlowGenerator    FlagFIN current has 232 flow
2021-12-19 06:50:19 DEBUG cic.cs.unb.ca.jnetpcap.FlowGenerator    FlagFIN current has 233 flow
2021-12-19 06:50:19 DEBUG cic.cs.unb.ca.jnetpcap.FlowGenerator    FlagFIN current has 233 flow
2021-12-19 06:50:19 DEBUG cic.cs.unb.ca.jnetpcap.FlowGenerator    FlagFIN current has 233 flow
2021-12-19 06:50:19 DEBUG cic.cs.unb.ca.jnetpcap.FlowGenerator    FlagFIN current has 234 flow
2021-12-19 06:50:19 DEBUG cic.cs.unb.ca.jnetpcap.FlowGenerator    FlagFIN current has 235 flow
2021-12-19 06:50:19 DEBUG cic.cs.unb.ca.jnetpcap.FlowGenerator    FlagFIN current has 235 flow
2021-12-19 06:50:19 DEBUG cic.cs.unb.ca.jnetpcap.FlowGenerator    FlagFIN current has 235 flow
2021-12-19 06:50:20 DEBUG cic.cs.unb.ca.jnetpcap.FlowGenerator    FlagFIN current has 235 flow
2021-12-19 06:50:20 DEBUG cic.cs.unb.ca.jnetpcap.FlowGenerator    FlagFIN current has 235 flow
2021-12-19 06:50:25 DEBUG cic.cs.unb.ca.jnetpcap.FlowGenerator    FlagFIN current has 206 flow
2021-12-19 06:50:25 DEBUG cic.cs.unb.ca.jnetpcap.FlowGenerator    FlagFIN current has 206 flow
2021-12-19 06:51:35 DEBUG cic.cs.unb.ca.jnetpcap.FlowGenerator    FlagFIN current has 237 flow
2021-12-19 06:51:35 DEBUG cic.cs.unb.ca.jnetpcap.FlowGenerator    FlagFIN current has 236 flow
2021-12-19 06:51:35 DEBUG cic.cs.unb.ca.jnetpcap.FlowGenerator    FlagFIN current has 235 flow
2021-12-19 06:51:35 DEBUG cic.cs.unb.ca.jnetpcap.FlowGenerator    FlagFIN current has 238 flow
2021-12-19 06:51:35 DEBUG cic.cs.unb.ca.jnetpcap.FlowGenerator    FlagFIN current has 237 flow
2021-12-19 06:51:35 DEBUG cic.cs.unb.ca.jnetpcap.FlowGenerator    FlagFIN current has 236 flow
2021-12-19 06:51:37 DEBUG cic.cs.unb.ca.jnetpcap.FlowGenerator    FlagFIN current has 240 flow
2021-12-19 06:51:37 DEBUG cic.cs.unb.ca.jnetpcap.FlowGenerator    FlagFIN current has 239 flow
2021-12-19 06:51:37 DEBUG cic.cs.unb.ca.jnetpcap.FlowGenerator    FlagFIN current has 238 flow
2021-12-19 06:51:45 DEBUG cic.cs.unb.ca.jnetpcap.FlowGenerator    FlagFIN current has 237 flow
2021-12-19 06:51:45 DEBUG cic.cs.unb.ca.jnetpcap.FlowGenerator    FlagFIN current has 236 flow
2021-12-19 06:51:45 DEBUG cic.cs.unb.ca.jnetpcap.FlowGenerator    FlagFIN current has 235 flow
2021-12-19 06:52:19 DEBUG cic.cs.unb.ca.jnetpcap.FlowGenerator    FlagFIN current has 193 flow
2021-12-19 06:52:56 DEBUG cic.cs.unb.ca.jnetpcap.FlowGenerator    FlagFIN current has 170 flow
2021-12-19 06:52:56 DEBUG cic.cs.unb.ca.jnetpcap.FlowGenerator    FlagFIN current has 170 flow
2021-12-19 06:53:19 DEBUG cic.cs.unb.ca.jnetpcap.FlowGenerator    FlagFIN current has 234 flow
2021-12-19 06:53:50 DEBUG cic.cs.unb.ca.jnetpcap.FlowGenerator    FlagFIN current has 242 flow
2021-12-19 06:53:50 DEBUG cic.cs.unb.ca.jnetpcap.FlowGenerator    FlagFIN current has 242 flow
2021-12-19 06:53:50 DEBUG cic.cs.unb.ca.jnetpcap.FlowGenerator    FlagFIN current has 243 flow
2021-12-19 06:53:50 DEBUG cic.cs.unb.ca.jnetpcap.FlowGenerator    FlagFIN current has 243 flow
2021-12-19 06:53:50 DEBUG cic.cs.unb.ca.jnetpcap.FlowGenerator    FlagFIN current has 244 flow
2021-12-19 06:53:50 DEBUG cic.cs.unb.ca.jnetpcap.FlowGenerator    FlagFIN current has 246 flow
2021-12-19 06:53:50 DEBUG cic.cs.unb.ca.jnetpcap.FlowGenerator    FlagFIN current has 246 flow
2021-12-19 06:53:50 DEBUG cic.cs.unb.ca.jnetpcap.FlowGenerator    FlagFIN current has 245 flow
2021-12-19 06:53:50 DEBUG cic.cs.unb.ca.jnetpcap.FlowGenerator    FlagFIN current has 245 flow
2021-12-19 06:53:50 DEBUG cic.cs.unb.ca.jnetpcap.FlowGenerator    FlagFIN current has 245 flow
2021-12-19 06:53:50 DEBUG cic.cs.unb.ca.jnetpcap.FlowGenerator    FlagFIN current has 245 flow
2021-12-19 06:53:50 DEBUG cic.cs.unb.ca.jnetpcap.FlowGenerator    FlagFIN current has 246 flow
2021-12-19 06:53:50 DEBUG cic.cs.unb.ca.jnetpcap.FlowGenerator    FlagFIN current has 246 flow
2021-12-19 06:53:50 DEBUG cic.cs.unb.ca.jnetpcap.FlowGenerator    FlagFIN current has 247 flow
2021-12-19 06:53:50 DEBUG cic.cs.unb.ca.jnetpcap.FlowGenerator    FlagFIN current has 248 flow
2021-12-19 06:53:50 DEBUG cic.cs.unb.ca.jnetpcap.FlowGenerator    FlagFIN current has 248 flow
2021-12-19 06:53:50 DEBUG cic.cs.unb.ca.jnetpcap.FlowGenerator    FlagFIN current has 247 flow
2021-12-19 06:53:50 DEBUG cic.cs.unb.ca.jnetpcap.FlowGenerator    FlagFIN current has 248 flow
2021-12-19 06:53:50 DEBUG cic.cs.unb.ca.jnetpcap.FlowGenerator    FlagFIN current has 248 flow
2021-12-19 06:53:50 DEBUG cic.cs.unb.ca.jnetpcap.FlowGenerator    FlagFIN current has 248 flow
2021-12-19 06:53:50 DEBUG cic.cs.unb.ca.jnetpcap.FlowGenerator    FlagFIN current has 248 flow
2021-12-19 06:53:50 DEBUG cic.cs.unb.ca.jnetpcap.FlowGenerator    FlagFIN current has 249 flow
2021-12-19 06:53:50 DEBUG cic.cs.unb.ca.jnetpcap.FlowGenerator    FlagFIN current has 250 flow
2021-12-19 06:53:50 DEBUG cic.cs.unb.ca.jnetpcap.FlowGenerator    FlagFIN current has 257 flow
2021-12-19 06:53:50 DEBUG cic.cs.unb.ca.jnetpcap.FlowGenerator    FlagFIN current has 257 flow
2021-12-19 06:53:50 DEBUG cic.cs.unb.ca.jnetpcap.FlowGenerator    FlagFIN current has 257 flow
2021-12-19 06:53:50 DEBUG cic.cs.unb.ca.jnetpcap.FlowGenerator    FlagFIN current has 257 flow
2021-12-19 06:53:50 DEBUG cic.cs.unb.ca.jnetpcap.FlowGenerator    FlagFIN current has 257 flow
2021-12-19 06:53:50 DEBUG cic.cs.unb.ca.jnetpcap.FlowGenerator    FlagFIN current has 256 flow
2021-12-19 06:53:50 DEBUG cic.cs.unb.ca.jnetpcap.FlowGenerator    FlagFIN current has 255 flow
2021-12-19 06:53:50 DEBUG cic.cs.unb.ca.jnetpcap.FlowGenerator    FlagFIN current has 257 flow
2021-12-19 06:53:50 DEBUG cic.cs.unb.ca.jnetpcap.FlowGenerator    FlagFIN current has 257 flow
2021-12-19 06:53:50 DEBUG cic.cs.unb.ca.jnetpcap.FlowGenerator    FlagFIN current has 256 flow
2021-12-19 06:53:50 DEBUG cic.cs.unb.ca.jnetpcap.FlowGenerator    FlagFIN current has 257 flow
2021-12-19 06:53:50 DEBUG cic.cs.unb.ca.jnetpcap.FlowGenerator    FlagFIN current has 257 flow
2021-12-19 06:53:50 DEBUG cic.cs.unb.ca.jnetpcap.FlowGenerator    FlagFIN current has 258 flow
2021-12-19 06:53:50 DEBUG cic.cs.unb.ca.jnetpcap.FlowGenerator    FlagFIN current has 258 flow
2021-12-19 06:53:50 DEBUG cic.cs.unb.ca.jnetpcap.FlowGenerator    FlagFIN current has 260 flow
2021-12-19 06:53:50 DEBUG cic.cs.unb.ca.jnetpcap.FlowGenerator    FlagFIN current has 260 flow
2021-12-19 06:53:51 DEBUG cic.cs.unb.ca.jnetpcap.FlowGenerator    FlagFIN current has 260 flow
2021-12-19 06:53:51 DEBUG cic.cs.unb.ca.jnetpcap.FlowGenerator    FlagFIN current has 260 flow
2021-12-19 06:53:57 DEBUG cic.cs.unb.ca.jnetpcap.FlowGenerator    FlagFIN current has 198 flow
2021-12-19 06:53:57 DEBUG cic.cs.unb.ca.jnetpcap.FlowGenerator    FlagFIN current has 198 flow
2021-12-19 06:53:59 DEBUG cic.cs.unb.ca.jnetpcap.FlowGenerator    FlagFIN current has 250 flow
2021-12-19 06:53:59 DEBUG cic.cs.unb.ca.jnetpcap.FlowGenerator    FlagFIN current has 250 flow
2021-12-19 06:53:59 DEBUG cic.cs.unb.ca.jnetpcap.FlowGenerator    FlagFIN current has 252 flow
2021-12-19 06:53:59 DEBUG cic.cs.unb.ca.jnetpcap.FlowGenerator    FlagFIN current has 252 flow
2021-12-19 06:53:59 DEBUG cic.cs.unb.ca.jnetpcap.FlowGenerator    FlagFIN current has 257 flow
2021-12-19 06:53:59 DEBUG cic.cs.unb.ca.jnetpcap.FlowGenerator    FlagFIN current has 257 flow
2021-12-19 06:53:59 DEBUG cic.cs.unb.ca.jnetpcap.FlowGenerator    FlagFIN current has 258 flow
2021-12-19 06:53:59 DEBUG cic.cs.unb.ca.jnetpcap.FlowGenerator    FlagFIN current has 258 flow
2021-12-19 06:53:59 DEBUG cic.cs.unb.ca.jnetpcap.FlowGenerator    FlagFIN current has 258 flow
2021-12-19 06:53:59 DEBUG cic.cs.unb.ca.jnetpcap.FlowGenerator    FlagFIN current has 258 flow
2021-12-19 06:53:59 DEBUG cic.cs.unb.ca.jnetpcap.FlowGenerator    FlagFIN current has 259 flow
2021-12-19 06:53:59 DEBUG cic.cs.unb.ca.jnetpcap.FlowGenerator    FlagFIN current has 259 flow
2021-12-19 06:53:59 DEBUG cic.cs.unb.ca.jnetpcap.FlowGenerator    FlagFIN current has 260 flow
2021-12-19 06:53:59 DEBUG cic.cs.unb.ca.jnetpcap.FlowGenerator    FlagFIN current has 260 flow
2021-12-19 06:53:59 DEBUG cic.cs.unb.ca.jnetpcap.FlowGenerator    FlagFIN current has 262 flow
2021-12-19 06:53:59 DEBUG cic.cs.unb.ca.jnetpcap.FlowGenerator    FlagFIN current has 262 flow
2021-12-19 06:53:59 DEBUG cic.cs.unb.ca.jnetpcap.FlowGenerator    FlagFIN current has 262 flow
2021-12-19 06:53:59 DEBUG cic.cs.unb.ca.jnetpcap.FlowGenerator    FlagFIN current has 263 flow
2021-12-19 06:53:59 DEBUG cic.cs.unb.ca.jnetpcap.FlowGenerator    FlagFIN current has 264 flow
2021-12-19 06:53:59 DEBUG cic.cs.unb.ca.jnetpcap.FlowGenerator    FlagFIN current has 264 flow
2021-12-19 06:53:59 DEBUG cic.cs.unb.ca.jnetpcap.FlowGenerator    FlagFIN current has 265 flow
2021-12-19 06:53:59 DEBUG cic.cs.unb.ca.jnetpcap.FlowGenerator    FlagFIN current has 265 flow
2021-12-19 06:53:59 DEBUG cic.cs.unb.ca.jnetpcap.FlowGenerator    FlagFIN current has 266 flow
2021-12-19 06:53:59 DEBUG cic.cs.unb.ca.jnetpcap.FlowGenerator    FlagFIN current has 266 flow
2021-12-19 06:53:59 DEBUG cic.cs.unb.ca.jnetpcap.FlowGenerator    FlagFIN current has 267 flow
2021-12-19 06:53:59 DEBUG cic.cs.unb.ca.jnetpcap.FlowGenerator    FlagFIN current has 267 flow
2021-12-19 06:53:59 DEBUG cic.cs.unb.ca.jnetpcap.FlowGenerator    FlagFIN current has 268 flow
2021-12-19 06:53:59 DEBUG cic.cs.unb.ca.jnetpcap.FlowGenerator    FlagFIN current has 268 flow
2021-12-19 06:53:59 DEBUG cic.cs.unb.ca.jnetpcap.FlowGenerator    FlagFIN current has 270 flow
2021-12-19 06:53:59 DEBUG cic.cs.unb.ca.jnetpcap.FlowGenerator    FlagFIN current has 270 flow
2021-12-19 06:53:59 DEBUG cic.cs.unb.ca.jnetpcap.FlowGenerator    FlagFIN current has 270 flow
2021-12-19 06:53:59 DEBUG cic.cs.unb.ca.jnetpcap.FlowGenerator    FlagFIN current has 270 flow
2021-12-19 06:53:59 DEBUG cic.cs.unb.ca.jnetpcap.FlowGenerator    FlagFIN current has 271 flow
2021-12-19 06:53:59 DEBUG cic.cs.unb.ca.jnetpcap.FlowGenerator    FlagFIN current has 271 flow
2021-12-19 06:53:59 DEBUG cic.cs.unb.ca.jnetpcap.FlowGenerator    FlagFIN current has 272 flow
2021-12-19 06:53:59 DEBUG cic.cs.unb.ca.jnetpcap.FlowGenerator    FlagFIN current has 272 flow
2021-12-19 06:53:59 DEBUG cic.cs.unb.ca.jnetpcap.FlowGenerator    FlagFIN current has 273 flow
2021-12-19 06:53:59 DEBUG cic.cs.unb.ca.jnetpcap.FlowGenerator    FlagFIN current has 273 flow
2021-12-19 06:53:59 DEBUG cic.cs.unb.ca.jnetpcap.FlowGenerator    FlagFIN current has 274 flow
2021-12-19 06:53:59 DEBUG cic.cs.unb.ca.jnetpcap.FlowGenerator    FlagFIN current has 274 flow
2021-12-19 06:53:59 DEBUG cic.cs.unb.ca.jnetpcap.FlowGenerator    FlagFIN current has 275 flow
2021-12-19 06:53:59 DEBUG cic.cs.unb.ca.jnetpcap.FlowGenerator    FlagFIN current has 275 flow
2021-12-19 06:53:59 DEBUG cic.cs.unb.ca.jnetpcap.FlowGenerator    FlagFIN current has 276 flow
2021-12-19 06:53:59 DEBUG cic.cs.unb.ca.jnetpcap.FlowGenerator    FlagFIN current has 276 flow
2021-12-19 06:53:59 DEBUG cic.cs.unb.ca.jnetpcap.FlowGenerator    FlagFIN current has 277 flow
2021-12-19 06:53:59 DEBUG cic.cs.unb.ca.jnetpcap.FlowGenerator    FlagFIN current has 277 flow
2021-12-19 06:53:59 DEBUG cic.cs.unb.ca.jnetpcap.FlowGenerator    FlagFIN current has 278 flow
2021-12-19 06:53:59 DEBUG cic.cs.unb.ca.jnetpcap.FlowGenerator    FlagFIN current has 277 flow
2021-12-19 06:53:59 DEBUG cic.cs.unb.ca.jnetpcap.FlowGenerator    FlagFIN current has 277 flow
2021-12-19 06:53:59 DEBUG cic.cs.unb.ca.jnetpcap.FlowGenerator    FlagFIN current has 276 flow
2021-12-19 06:53:59 DEBUG cic.cs.unb.ca.jnetpcap.FlowGenerator    FlagFIN current has 275 flow
2021-12-19 06:53:59 DEBUG cic.cs.unb.ca.jnetpcap.FlowGenerator    FlagFIN current has 274 flow
2021-12-19 06:53:59 DEBUG cic.cs.unb.ca.jnetpcap.FlowGenerator    FlagFIN current has 274 flow
2021-12-19 06:53:59 DEBUG cic.cs.unb.ca.jnetpcap.FlowGenerator    FlagFIN current has 274 flow
2021-12-19 06:53:59 DEBUG cic.cs.unb.ca.jnetpcap.FlowGenerator    FlagFIN current has 275 flow
2021-12-19 06:53:59 DEBUG cic.cs.unb.ca.jnetpcap.FlowGenerator    FlagFIN current has 275 flow
2021-12-19 06:53:59 DEBUG cic.cs.unb.ca.jnetpcap.FlowGenerator    FlagFIN current has 276 flow
2021-12-19 06:53:59 DEBUG cic.cs.unb.ca.jnetpcap.FlowGenerator    FlagFIN current has 276 flow
2021-12-19 06:53:59 DEBUG cic.cs.unb.ca.jnetpcap.FlowGenerator    FlagFIN current has 276 flow
2021-12-19 06:53:59 DEBUG cic.cs.unb.ca.jnetpcap.FlowGenerator    FlagFIN current has 276 flow
2021-12-19 06:53:59 DEBUG cic.cs.unb.ca.jnetpcap.FlowGenerator    FlagFIN current has 278 flow
2021-12-19 06:53:59 DEBUG cic.cs.unb.ca.jnetpcap.FlowGenerator    FlagFIN current has 278 flow
2021-12-19 06:53:59 DEBUG cic.cs.unb.ca.jnetpcap.FlowGenerator    FlagFIN current has 278 flow
2021-12-19 06:53:59 DEBUG cic.cs.unb.ca.jnetpcap.FlowGenerator    FlagFIN current has 278 flow
2021-12-19 06:53:59 DEBUG cic.cs.unb.ca.jnetpcap.FlowGenerator    FlagFIN current has 279 flow
2021-12-19 06:53:59 DEBUG cic.cs.unb.ca.jnetpcap.FlowGenerator    FlagFIN current has 279 flow
2021-12-19 06:53:59 DEBUG cic.cs.unb.ca.jnetpcap.FlowGenerator    FlagFIN current has 282 flow
2021-12-19 06:53:59 DEBUG cic.cs.unb.ca.jnetpcap.FlowGenerator    FlagFIN current has 282 flow
2021-12-19 06:53:59 DEBUG cic.cs.unb.ca.jnetpcap.FlowGenerator    FlagFIN current has 283 flow
2021-12-19 06:53:59 DEBUG cic.cs.unb.ca.jnetpcap.FlowGenerator    FlagFIN current has 283 flow
2021-12-19 06:53:59 DEBUG cic.cs.unb.ca.jnetpcap.FlowGenerator    FlagFIN current has 283 flow
2021-12-19 06:53:59 DEBUG cic.cs.unb.ca.jnetpcap.FlowGenerator    FlagFIN current has 283 flow
2021-12-19 06:53:59 DEBUG cic.cs.unb.ca.jnetpcap.FlowGenerator    FlagFIN current has 283 flow
2021-12-19 06:53:59 DEBUG cic.cs.unb.ca.jnetpcap.FlowGenerator    FlagFIN current has 283 flow
2021-12-19 06:54:00 DEBUG cic.cs.unb.ca.jnetpcap.FlowGenerator    FlagFIN current has 286 flow
2021-12-19 06:54:00 DEBUG cic.cs.unb.ca.jnetpcap.FlowGenerator    FlagFIN current has 286 flow
2021-12-19 06:54:00 DEBUG cic.cs.unb.ca.jnetpcap.FlowGenerator    FlagFIN current has 286 flow
2021-12-19 06:54:00 DEBUG cic.cs.unb.ca.jnetpcap.FlowGenerator    FlagFIN current has 286 flow
2021-12-19 06:54:00 DEBUG cic.cs.unb.ca.jnetpcap.FlowGenerator    FlagFIN current has 286 flow
2021-12-19 06:54:00 DEBUG cic.cs.unb.ca.jnetpcap.FlowGenerator    FlagFIN current has 286 flow
2021-12-19 06:54:00 DEBUG cic.cs.unb.ca.jnetpcap.FlowGenerator    FlagFIN current has 288 flow
2021-12-19 06:54:00 DEBUG cic.cs.unb.ca.jnetpcap.FlowGenerator    FlagFIN current has 288 flow
2021-12-19 06:54:00 DEBUG cic.cs.unb.ca.jnetpcap.FlowGenerator    FlagFIN current has 288 flow
2021-12-19 06:54:00 DEBUG cic.cs.unb.ca.jnetpcap.FlowGenerator    FlagFIN current has 288 flow
2021-12-19 06:54:00 DEBUG cic.cs.unb.ca.jnetpcap.FlowGenerator    FlagFIN current has 290 flow
2021-12-19 06:54:00 DEBUG cic.cs.unb.ca.jnetpcap.FlowGenerator    FlagFIN current has 290 flow
2021-12-19 06:54:00 DEBUG cic.cs.unb.ca.jnetpcap.FlowGenerator    FlagFIN current has 296 flow
2021-12-19 06:54:00 DEBUG cic.cs.unb.ca.jnetpcap.FlowGenerator    FlagFIN current has 296 flow
2021-12-19 06:54:00 DEBUG cic.cs.unb.ca.jnetpcap.FlowGenerator    FlagFIN current has 297 flow
2021-12-19 06:54:00 DEBUG cic.cs.unb.ca.jnetpcap.FlowGenerator    FlagFIN current has 296 flow
2021-12-19 06:54:00 DEBUG cic.cs.unb.ca.jnetpcap.FlowGenerator    FlagFIN current has 297 flow
2021-12-19 06:54:00 DEBUG cic.cs.unb.ca.jnetpcap.FlowGenerator    FlagFIN current has 296 flow
2021-12-19 06:54:00 DEBUG cic.cs.unb.ca.jnetpcap.FlowGenerator    FlagFIN current has 297 flow
2021-12-19 06:54:00 DEBUG cic.cs.unb.ca.jnetpcap.FlowGenerator    FlagFIN current has 297 flow
2021-12-19 06:54:00 DEBUG cic.cs.unb.ca.jnetpcap.FlowGenerator    FlagFIN current has 296 flow
2021-12-19 06:54:00 DEBUG cic.cs.unb.ca.jnetpcap.FlowGenerator    FlagFIN current has 296 flow
2021-12-19 06:54:00 DEBUG cic.cs.unb.ca.jnetpcap.FlowGenerator    FlagFIN current has 298 flow
2021-12-19 06:54:00 DEBUG cic.cs.unb.ca.jnetpcap.FlowGenerator    FlagFIN current has 298 flow
2021-12-19 06:54:00 DEBUG cic.cs.unb.ca.jnetpcap.FlowGenerator    FlagFIN current has 300 flow
2021-12-19 06:54:00 DEBUG cic.cs.unb.ca.jnetpcap.FlowGenerator    FlagFIN current has 300 flow
2021-12-19 06:54:00 DEBUG cic.cs.unb.ca.jnetpcap.FlowGenerator    FlagFIN current has 300 flow
2021-12-19 06:54:00 DEBUG cic.cs.unb.ca.jnetpcap.FlowGenerator    FlagFIN current has 300 flow
2021-12-19 06:54:00 DEBUG cic.cs.unb.ca.jnetpcap.FlowGenerator    FlagFIN current has 300 flow
2021-12-19 06:54:00 DEBUG cic.cs.unb.ca.jnetpcap.FlowGenerator    FlagFIN current has 300 flow
2021-12-19 06:54:00 DEBUG cic.cs.unb.ca.jnetpcap.FlowGenerator    FlagFIN current has 300 flow
2021-12-19 06:54:00 DEBUG cic.cs.unb.ca.jnetpcap.FlowGenerator    FlagFIN current has 300 flow
2021-12-19 06:54:01 DEBUG cic.cs.unb.ca.jnetpcap.FlowGenerator    FlagFIN current has 296 flow
2021-12-19 06:54:01 DEBUG cic.cs.unb.ca.jnetpcap.FlowGenerator    FlagFIN current has 296 flow
2021-12-19 06:54:01 DEBUG cic.cs.unb.ca.jnetpcap.FlowGenerator    FlagFIN current has 296 flow
2021-12-19 06:54:01 DEBUG cic.cs.unb.ca.jnetpcap.FlowGenerator    FlagFIN current has 296 flow
2021-12-19 06:54:06 DEBUG cic.cs.unb.ca.jnetpcap.FlowGenerator    FlagFIN current has 300 flow
2021-12-19 06:54:07 DEBUG cic.cs.unb.ca.jnetpcap.FlowGenerator    FlagFIN current has 300 flow
2021-12-19 06:54:07 DEBUG cic.cs.unb.ca.jnetpcap.FlowGenerator    FlagFIN current has 301 flow
2021-12-19 06:54:10 DEBUG cic.cs.unb.ca.jnetpcap.FlowGenerator    FlagFIN current has 289 flow
2021-12-19 06:54:10 DEBUG cic.cs.unb.ca.jnetpcap.FlowGenerator    FlagFIN current has 289 flow
2021-12-19 06:54:10 DEBUG cic.cs.unb.ca.jnetpcap.FlowGenerator    FlagFIN current has 289 flow
2021-12-19 06:54:10 DEBUG cic.cs.unb.ca.jnetpcap.FlowGenerator    FlagFIN current has 289 flow
2021-12-19 06:54:10 DEBUG cic.cs.unb.ca.jnetpcap.FlowGenerator    FlagFIN current has 291 flow
2021-12-19 06:54:10 DEBUG cic.cs.unb.ca.jnetpcap.FlowGenerator    FlagFIN current has 291 flow
2021-12-19 06:54:10 DEBUG cic.cs.unb.ca.jnetpcap.FlowGenerator    FlagFIN current has 291 flow
2021-12-19 06:54:10 DEBUG cic.cs.unb.ca.jnetpcap.FlowGenerator    FlagFIN current has 290 flow
2021-12-19 06:54:11 DEBUG cic.cs.unb.ca.jnetpcap.FlowGenerator    FlagFIN current has 289 flow
2021-12-19 06:54:11 DEBUG cic.cs.unb.ca.jnetpcap.FlowGenerator    FlagFIN current has 289 flow
2021-12-19 06:54:13 DEBUG cic.cs.unb.ca.jnetpcap.FlowGenerator    FlagFIN current has 288 flow
2021-12-19 06:54:13 DEBUG cic.cs.unb.ca.jnetpcap.FlowGenerator    FlagFIN current has 288 flow
2021-12-19 06:54:14 DEBUG cic.cs.unb.ca.jnetpcap.FlowGenerator    FlagFIN current has 289 flow
2021-12-19 06:54:14 DEBUG cic.cs.unb.ca.jnetpcap.FlowGenerator    FlagFIN current has 290 flow
2021-12-19 06:54:16 DEBUG cic.cs.unb.ca.jnetpcap.FlowGenerator    FlagFIN current has 290 flow
2021-12-19 06:54:16 DEBUG cic.cs.unb.ca.jnetpcap.FlowGenerator    FlagFIN current has 290 flow
2021-12-19 06:54:16 DEBUG cic.cs.unb.ca.jnetpcap.FlowGenerator    FlagFIN current has 290 flow
2021-12-19 06:54:16 DEBUG cic.cs.unb.ca.jnetpcap.FlowGenerator    FlagFIN current has 290 flow
2021-12-19 06:54:16 DEBUG cic.cs.unb.ca.jnetpcap.FlowGenerator    FlagFIN current has 290 flow
2021-12-19 06:54:19 DEBUG cic.cs.unb.ca.jnetpcap.FlowGenerator    FlagFIN current has 290 flow
2021-12-19 06:54:19 DEBUG cic.cs.unb.ca.jnetpcap.FlowGenerator    FlagFIN current has 290 flow
2021-12-19 06:54:20 DEBUG cic.cs.unb.ca.jnetpcap.FlowGenerator    FlagFIN current has 292 flow
2021-12-19 06:54:20 DEBUG cic.cs.unb.ca.jnetpcap.FlowGenerator    FlagFIN current has 292 flow
2021-12-19 06:54:20 DEBUG cic.cs.unb.ca.jnetpcap.FlowGenerator    FlagFIN current has 292 flow
2021-12-19 06:54:20 DEBUG cic.cs.unb.ca.jnetpcap.FlowGenerator    FlagFIN current has 292 flow
2021-12-19 06:54:20 DEBUG cic.cs.unb.ca.jnetpcap.FlowGenerator    FlagFIN current has 294 flow
2021-12-19 06:54:20 DEBUG cic.cs.unb.ca.jnetpcap.FlowGenerator    FlagFIN current has 294 flow
2021-12-19 06:54:22 DEBUG cic.cs.unb.ca.jnetpcap.FlowGenerator    FlagFIN current has 308 flow
2021-12-19 06:54:22 DEBUG cic.cs.unb.ca.jnetpcap.FlowGenerator    FlagFIN current has 308 flow
2021-12-19 06:54:22 DEBUG cic.cs.unb.ca.jnetpcap.FlowGenerator    FlagFIN current has 308 flow
2021-12-19 06:54:22 DEBUG cic.cs.unb.ca.jnetpcap.FlowGenerator    FlagFIN current has 308 flow
2021-12-19 06:54:25 DEBUG cic.cs.unb.ca.jnetpcap.FlowGenerator    FlagFIN current has 310 flow
2021-12-19 06:54:25 DEBUG cic.cs.unb.ca.jnetpcap.FlowGenerator    FlagFIN current has 310 flow
2021-12-19 06:54:25 DEBUG cic.cs.unb.ca.jnetpcap.FlowGenerator    FlagFIN current has 314 flow
2021-12-19 06:54:25 DEBUG cic.cs.unb.ca.jnetpcap.FlowGenerator    FlagFIN current has 315 flow
2021-12-19 06:54:25 DEBUG cic.cs.unb.ca.jnetpcap.FlowGenerator    FlagFIN current has 315 flow
2021-12-19 06:54:25 DEBUG cic.cs.unb.ca.jnetpcap.FlowGenerator    FlagFIN current has 315 flow
2021-12-19 06:54:25 DEBUG cic.cs.unb.ca.jnetpcap.FlowGenerator    FlagFIN current has 317 flow
2021-12-19 06:54:25 DEBUG cic.cs.unb.ca.jnetpcap.FlowGenerator    FlagFIN current has 318 flow
2021-12-19 06:54:26 DEBUG cic.cs.unb.ca.jnetpcap.FlowGenerator    FlagFIN current has 318 flow
2021-12-19 06:54:26 DEBUG cic.cs.unb.ca.jnetpcap.FlowGenerator    FlagFIN current has 318 flow
2021-12-19 06:54:26 DEBUG cic.cs.unb.ca.jnetpcap.FlowGenerator    FlagFIN current has 318 flow
2021-12-19 06:54:26 DEBUG cic.cs.unb.ca.jnetpcap.FlowGenerator    FlagFIN current has 318 flow
2021-12-19 06:54:28 DEBUG cic.cs.unb.ca.jnetpcap.FlowGenerator    FlagFIN current has 320 flow
2021-12-19 06:54:28 DEBUG cic.cs.unb.ca.jnetpcap.FlowGenerator    FlagFIN current has 320 flow
2021-12-19 06:54:28 DEBUG cic.cs.unb.ca.jnetpcap.FlowGenerator    FlagFIN current has 320 flow
2021-12-19 06:54:28 DEBUG cic.cs.unb.ca.jnetpcap.FlowGenerator    FlagFIN current has 320 flow
2021-12-19 06:54:30 DEBUG cic.cs.unb.ca.jnetpcap.FlowGenerator    FlagFIN current has 321 flow
2021-12-19 06:54:30 DEBUG cic.cs.unb.ca.jnetpcap.FlowGenerator    FlagFIN current has 321 flow
2021-12-19 06:54:30 DEBUG cic.cs.unb.ca.jnetpcap.FlowGenerator    FlagFIN current has 321 flow
2021-12-19 06:54:30 DEBUG cic.cs.unb.ca.jnetpcap.FlowGenerator    FlagFIN current has 321 flow
2021-12-19 06:54:30 DEBUG cic.cs.unb.ca.jnetpcap.FlowGenerator    FlagFIN current has 323 flow
2021-12-19 06:54:30 DEBUG cic.cs.unb.ca.jnetpcap.FlowGenerator    FlagFIN current has 323 flow
2021-12-19 06:54:30 DEBUG cic.cs.unb.ca.jnetpcap.FlowGenerator    FlagFIN current has 324 flow
2021-12-19 06:54:31 DEBUG cic.cs.unb.ca.jnetpcap.FlowGenerator    FlagFIN current has 323 flow
2021-12-19 06:54:31 DEBUG cic.cs.unb.ca.jnetpcap.FlowGenerator    FlagFIN current has 323 flow
2021-12-19 06:54:31 DEBUG cic.cs.unb.ca.jnetpcap.FlowGenerator    FlagFIN current has 323 flow
2021-12-19 06:54:35 DEBUG cic.cs.unb.ca.jnetpcap.FlowGenerator    FlagFIN current has 282 flow
2021-12-19 06:54:35 DEBUG cic.cs.unb.ca.jnetpcap.FlowGenerator    FlagFIN current has 282 flow
2021-12-19 06:54:37 DEBUG cic.cs.unb.ca.jnetpcap.FlowGenerator    FlagFIN current has 283 flow
2021-12-19 06:54:37 DEBUG cic.cs.unb.ca.jnetpcap.FlowGenerator    FlagFIN current has 283 flow
2021-12-19 06:54:40 DEBUG cic.cs.unb.ca.jnetpcap.FlowGenerator    FlagFIN current has 284 flow
2021-12-19 06:54:40 DEBUG cic.cs.unb.ca.jnetpcap.FlowGenerator    FlagFIN current has 284 flow
2021-12-19 06:54:40 DEBUG cic.cs.unb.ca.jnetpcap.FlowGenerator    FlagFIN current has 287 flow
2021-12-19 06:54:40 DEBUG cic.cs.unb.ca.jnetpcap.FlowGenerator    FlagFIN current has 287 flow
2021-12-19 06:54:40 DEBUG cic.cs.unb.ca.jnetpcap.FlowGenerator    FlagFIN current has 287 flow
2021-12-19 06:54:40 DEBUG cic.cs.unb.ca.jnetpcap.FlowGenerator    FlagFIN current has 287 flow
2021-12-19 06:54:40 DEBUG cic.cs.unb.ca.jnetpcap.FlowGenerator    FlagFIN current has 289 flow
2021-12-19 06:54:40 DEBUG cic.cs.unb.ca.jnetpcap.FlowGenerator    FlagFIN current has 289 flow
2021-12-19 06:54:41 INFO  cic.cs.unb.ca.flow.ui.FlowMonitorPane    Pcap stop listening
2021-12-19 06:54:41 INFO  cic.cs.unb.ca.flow.ui.FlowMonitorPane    path:D:\Documents\GitHub\Panda\target\data\daily\2021-12-19_Flow.csv
2021-12-19 06:54:41 DEBUG cic.cs.unb.ca.jnetpcap.FlowGenerator    FlagFIN current has 289 flow
2021-12-19 06:54:41 DEBUG cic.cs.unb.ca.jnetpcap.worker.TrafficFlowWorker    break Packet loop
