#
# A fatal error has been detected by the Java Runtime Environment:
#
#  SIGSEGV (0xb) at pc=0x00007f8a08139fc8, pid=17201, tid=17243
#
# JRE version: OpenJDK Runtime Environment (11.0.12+7) (build 11.0.12+7-post-Debian-2)
# Java VM: OpenJDK 64-Bit Server VM (11.0.12+7-post-Debian-2, mixed mode, sharing, tiered, compressed oops, g1 gc, linux-amd64)
# Problematic frame:
# C  [libpcap.so+0x9fc8]
#
# No core dump will be written. Core dumps have been disabled. To enable core dumping, try "ulimit -c unlimited" before starting Java again
#
# If you would like to submit a bug report, please visit:
#   https://bugs.debian.org/openjdk-11
# The crash happened outside the Java Virtual Machine in native code.
# See problematic frame for where to report the bug.
#

---------------  S U M M A R Y ------------

Command Line: -agentlib:jdwp=transport=dt_socket,server=n,suspend=y,address=127.0.0.1:42069 -Dfile.encoding=UTF-8 -Duser.country=US -Duser.language=en -Duser.variant edu.ncat.susman.ifm.Cmd

Host: Intel(R) Core(TM) i7-8700K CPU @ 3.70GHz, 6 cores, 7G, Debian GNU/Linux 11 (bullseye)
Time: Sun Sep 19 17:47:33 2021 EDT elapsed time: 160.662534 seconds (0d 0h 2m 40s)

---------------  T H R E A D  ---------------

Current thread (0x00007f8a303ba000):  JavaThread "Thread-2" [_thread_in_native, id=17243, stack(0x00007f8a0862d000,0x00007f8a0872e000)]

Stack: [0x00007f8a0862d000,0x00007f8a0872e000],  sp=0x00007f8a0872c6e0,  free space=1021k
Native frames: (J=compiled Java code, A=aot compiled Java code, j=interpreted, Vv=VM code, C=native code)
C  [libpcap.so+0x9fc8]

Java frames: (J=compiled Java code, j=interpreted, Vv=VM code)
j  org.jnetpcap.Pcap.loop(IILorg/jnetpcap/packet/PcapPacketHandler;Ljava/lang/Object;Lorg/jnetpcap/packet/JPacket;Lorg/jnetpcap/packet/JPacket$State;Lorg/jnetpcap/PcapHeader;Lorg/jnetpcap/packet/JScanner;)I+0
j  org.jnetpcap.Pcap.loop(ILorg/jnetpcap/packet/PcapPacketHandler;Ljava/lang/Object;)I+35
j  edu.ncat.susman.jnetpcap.worker.TrafficFlowWorker.run()V+132
v  ~StubRoutines::call_stub

siginfo: si_signo: 11 (SIGSEGV), si_code: 1 (SEGV_MAPERR), si_addr: 0x00007f89bf8766b0

Register to memory mapping:

RAX=0x0000000000000001 is an unknown value
RBX=0x000000000000006f is an unknown value
RCX=0x00007f8a36368220: <offset 0x00000000008c8220> in /usr/lib/jvm/java-11-openjdk-amd64/lib/server/libjvm.so at 0x00007f8a35aa0000
RDX=0x00007f8a0872c840 is pointing into the stack for thread: 0x00007f8a303ba000
RSP=0x00007f8a0872c6e0 is pointing into the stack for thread: 0x00007f8a303ba000
RBP=0x00007f8a0872c7a0 is pointing into the stack for thread: 0x00007f8a303ba000
RSI=0x0000000000000001 is an unknown value
RDI=0x00007f8a0872c3f8 is pointing into the stack for thread: 0x00007f8a303ba000
R8 =0x00007f89c0002340 points into unknown readable memory: 0x000000080010b060 | 60 b0 10 00 08 00 00 00
R9 =0x0000000000000004 is an unknown value
R10=0x0000000000000001 is an unknown value
R11=0x00007f8a2039fce8 is at entry_point+40 in (nmethod*)0x00007f8a2039fb10
R12=0x00007f8a08192a9b: cb_pcap_packet_dispatch+0x0000000000000000 in /usr/lib/libjnetpcap.so at 0x00007f8a0817d000
R13=0x00007f89bf8766b0 is an unknown value
R14=0x00007f89c0002ef8 points into unknown readable memory: 0x0000000000000000 | 00 00 00 00 00 00 00 00
R15=0x00007f89c0002c70 points into unknown readable memory: 0x00007f8a08139ee0 | e0 9e 13 08 8a 7f 00 00


Registers:
RAX=0x0000000000000001, RBX=0x000000000000006f, RCX=0x00007f8a36368220, RDX=0x00007f8a0872c840
RSP=0x00007f8a0872c6e0, RBP=0x00007f8a0872c7a0, RSI=0x0000000000000001, RDI=0x00007f8a0872c3f8
R8 =0x00007f89c0002340, R9 =0x0000000000000004, R10=0x0000000000000001, R11=0x00007f8a2039fce8
R12=0x00007f8a08192a9b, R13=0x00007f89bf8766b0, R14=0x00007f89c0002ef8, R15=0x00007f89c0002c70
RIP=0x00007f8a08139fc8, EFLAGS=0x0000000000010202, CSGSFS=0x002b000000000033, ERR=0x0000000000000004
  TRAPNO=0x000000000000000e

Top of Stack: (sp=0x00007f8a0872c6e0)
0x00007f8a0872c6e0:   00007f8a09c7d390 0000003b0872c938
0x00007f8a0872c6f0:   00007f89bf874000 01007f8affffffff
0x00007f8a0872c700:   0000000000000400 00007f89c0002c70
0x00007f8a0872c710:   00007f8a0872c7a0 00007f8a08192a9b 

Instructions: (pc=0x00007f8a08139fc8)
0x00007f8a08139ec8:   89 02 e9 1a fd ff ff e8 4c c3 ff ff 66 66 2e 0f
0x00007f8a08139ed8:   1f 84 00 00 00 00 00 90 41 57 49 89 ff 41 56 41
0x00007f8a08139ee8:   55 41 54 49 89 d4 55 48 89 cd 53 48 83 ec 28 4c
0x00007f8a08139ef8:   8b 77 30 89 74 24 18 49 63 57 6c 49 8b 47 18 48
0x00007f8a08139f08:   8b 04 d0 48 89 44 24 10 48 83 c0 08 49 83 be 80
0x00007f8a08139f18:   00 00 00 00 74 1a 8b 00 85 c0 75 3f 41 8b 56 2c
0x00007f8a08139f28:   85 d2 74 d3 31 c0 e9 e8 01 00 00 0f 1f 44 00 00
0x00007f8a08139f38:   48 8b 44 24 10 8b 40 08 85 c0 0f 84 28 02 00 00
0x00007f8a08139f48:   49 63 57 6c 49 8b 47 18 48 8b 04 d0 48 89 44 24
0x00007f8a08139f58:   10 48 83 c0 08 8b 00 85 c0 74 c1 8b 4c 24 18 c7
0x00007f8a08139f68:   44 24 0c 00 00 00 00 85 c9 0f 9e 44 24 1f 8b 7c
0x00007f8a08139f78:   24 18 39 7c 24 0c 7c 0b 80 7c 24 1f 00 0f 84 fd
0x00007f8a08139f88:   01 00 00 49 83 be 80 00 00 00 00 0f 84 97 01 00
0x00007f8a08139f98:   00 41 8b 86 88 00 00 00 8b 7c 24 18 89 c3 85 ff
0x00007f8a08139fa8:   7e 0b 89 fb 2b 5c 24 0c 39 c3 0f 4f d8 85 db 75
0x00007f8a08139fb8:   34 e9 d2 00 00 00 66 90 85 c0 0f 88 48 01 00 00
0x00007f8a08139fc8:   41 8b 45 00 49 01 86 80 00 00 00 41 8b 86 88 00
0x00007f8a08139fd8:   00 00 83 e8 01 41 89 86 88 00 00 00 83 eb 01 0f
0x00007f8a08139fe8:   84 a3 00 00 00 41 8b 7f 2c 85 ff 0f 85 b7 00 00
0x00007f8a08139ff8:   00 4d 8b ae 80 00 00 00 41 0f b7 45 24 66 85 c0
0x00007f8a0813a008:   75 0c b9 00 81 00 00 41 f6 45 14 40 74 03 0f b7
0x00007f8a0813a018:   c8 41 8b 45 20 ba 01 00 00 00 0f b7 f0 85 c0 75
0x00007f8a0813a028:   0a 41 8b 55 14 c1 ea 04 83 e2 01 41 83 bf 9c 00
0x00007f8a0813a038:   00 00 01 41 8b 45 08 74 0b 48 69 c0 d3 4d 62 10
0x00007f8a0813a048:   48 c1 e8 26 45 0f b7 4d 18 45 8b 45 10 51 4c 89
0x00007f8a0813a058:   ff 56 4c 89 e9 4c 89 e6 52 48 89 ea 50 41 8b 45
0x00007f8a0813a068:   04 50 41 8b 45 0c 50 e8 0c fa ff ff 48 83 c4 30
0x00007f8a0813a078:   83 f8 01 0f 85 3f ff ff ff 83 44 24 0c 01 e9 3d
0x00007f8a0813a088:   ff ff ff 0f 1f 44 00 00 85 c0 7e 27 41 8b 77 2c
0x00007f8a0813a098:   85 f6 0f 84 d6 fe ff ff 41 c7 47 2c 00 00 00 00
0x00007f8a0813a0a8:   b8 fe ff ff ff eb 6c 90 41 8b 86 88 00 00 00 85
0x00007f8a0813a0b8:   c0 7f e5 48 8b 44 24 10 c7 40 08 00 00 00 00 41 


Stack slot to memory mapping:
stack at sp + 0 slots: 0x00007f8a09c7d390 is pointing into metadata
stack at sp + 1 slots: 0x0000003b0872c938 is an unknown value
stack at sp + 2 slots: 0x00007f89bf874000 is an unknown value
stack at sp + 3 slots: 0x01007f8affffffff is an unknown value
stack at sp + 4 slots: 0x0000000000000400 is an unknown value
stack at sp + 5 slots: 0x00007f89c0002c70 points into unknown readable memory: 0x00007f8a08139ee0 | e0 9e 13 08 8a 7f 00 00
stack at sp + 6 slots: 0x00007f8a0872c7a0 is pointing into the stack for thread: 0x00007f8a303ba000
stack at sp + 7 slots: 0x00007f8a08192a9b: cb_pcap_packet_dispatch+0x0000000000000000 in /usr/lib/libjnetpcap.so at 0x00007f8a0817d000


---------------  P R O C E S S  ---------------

Threads class SMR info:
_java_thread_list=0x00007f89ac000d10, length=16, elements={
0x00007f8a30017800, 0x00007f8a3011a000, 0x00007f8a3011c000, 0x00007f8a30121800,
0x00007f8a30123800, 0x00007f8a30125800, 0x00007f8a30127800, 0x00007f8a30129800,
0x00007f8a3016d800, 0x00007f8a30171000, 0x00007f89dc001800, 0x00007f8a30178000,
0x00007f8a302fb000, 0x00007f8a30332000, 0x00007f8a303b6800, 0x00007f8a303ba000
}

Java Threads: ( => current thread )
  0x00007f8a30017800 JavaThread "main" [_thread_in_native, id=17202, stack(0x00007f8a35674000,0x00007f8a35775000)]
  0x00007f8a3011a000 JavaThread "Reference Handler" daemon [_thread_blocked, id=17216, stack(0x00007f8a09521000,0x00007f8a09622000)]
  0x00007f8a3011c000 JavaThread "Finalizer" daemon [_thread_blocked, id=17217, stack(0x00007f8a09420000,0x00007f8a09521000)]
  0x00007f8a30121800 JavaThread "Signal Dispatcher" daemon [_thread_blocked, id=17218, stack(0x00007f8a09038000,0x00007f8a09139000)]
  0x00007f8a30123800 JavaThread "Service Thread" daemon [_thread_blocked, id=17219, stack(0x00007f8a08f37000,0x00007f8a09038000)]
  0x00007f8a30125800 JavaThread "C2 CompilerThread0" daemon [_thread_in_native, id=17220, stack(0x00007f8a08e36000,0x00007f8a08f37000)]
  0x00007f8a30127800 JavaThread "C1 CompilerThread0" daemon [_thread_blocked, id=17221, stack(0x00007f8a08d35000,0x00007f8a08e36000)]
  0x00007f8a30129800 JavaThread "Sweeper thread" daemon [_thread_blocked, id=17222, stack(0x00007f8a08c34000,0x00007f8a08d35000)]
  0x00007f8a3016d800 JavaThread "JDWP Transport Listener: dt_socket" daemon [_thread_blocked, id=17223, stack(0x00007f8a08b33000,0x00007f8a08c34000)]
  0x00007f8a30171000 JavaThread "JDWP Event Helper Thread" daemon [_thread_blocked, id=17225, stack(0x00007f8a08a32000,0x00007f8a08b33000)]
  0x00007f89dc001800 JavaThread "JDWP Command Reader" daemon [_thread_in_native, id=17227, stack(0x00007f8a08931000,0x00007f8a08a32000)]
  0x00007f8a30178000 JavaThread "Common-Cleaner" daemon [_thread_blocked, id=17229, stack(0x00007f8a0872e000,0x00007f8a0882f000)]
  0x00007f8a302fb000 JavaThread "pool-1-thread-1" [_thread_in_native, id=17231, stack(0x00007f8a0852c000,0x00007f8a0862d000)]
  0x00007f8a30332000 JavaThread "pool-2-thread-1" [_thread_blocked, id=17232, stack(0x00007f8a0842b000,0x00007f8a0852c000)]
  0x00007f8a303b6800 JavaThread "DisposableGC" daemon [_thread_blocked, id=17233, stack(0x00007f89bfc76000,0x00007f89bfd77000)]
=>0x00007f8a303ba000 JavaThread "Thread-2" [_thread_in_native, id=17243, stack(0x00007f8a0862d000,0x00007f8a0872e000)]

Other Threads:
  0x00007f8a30117000 VMThread "VM Thread" [stack: 0x00007f8a09624000,0x00007f8a09724000] [id=17215]
  0x00007f8a30174000 WatcherThread [stack: 0x00007f8a08831000,0x00007f8a08931000] [id=17228]
  0x00007f8a3002f800 GCTaskThread "GC Thread#0" [stack: 0x00007f8a352e9000,0x00007f8a353e9000] [id=17204]
  0x00007f89fc019000 GCTaskThread "GC Thread#1" [stack: 0x00007f89bf673000,0x00007f89bf773000] [id=17245]
  0x00007f89fc01a800 GCTaskThread "GC Thread#2" [stack: 0x00007f89bf571000,0x00007f89bf671000] [id=17246]
  0x00007f89fc01c000 GCTaskThread "GC Thread#3" [stack: 0x00007f89bf46f000,0x00007f89bf56f000] [id=17247]
  0x00007f89fc01e000 GCTaskThread "GC Thread#4" [stack: 0x00007f89bf36d000,0x00007f89bf46d000] [id=17248]
  0x00007f89fc01f800 GCTaskThread "GC Thread#5" [stack: 0x00007f89bf26b000,0x00007f89bf36b000] [id=17249]
  0x00007f8a30061000 ConcurrentGCThread "G1 Main Marker" [stack: 0x00007f8a1875f000,0x00007f8a1885f000] [id=17206]
  0x00007f8a30063000 ConcurrentGCThread "G1 Conc#0" [stack: 0x00007f8a1865d000,0x00007f8a1875d000] [id=17207]
  0x00007f8a300e3800 ConcurrentGCThread "G1 Refine#0" [stack: 0x00007f8a10110000,0x00007f8a10210000] [id=17210]
  0x00007f8a300e5800 ConcurrentGCThread "G1 Young RemSet Sampling" [stack: 0x00007f8a1000e000,0x00007f8a1010e000] [id=17211]

Threads with active compile tasks:
C2 CompilerThread0 160682 1464       4       java.util.TimSort::sort (229 bytes)

VM state:not at safepoint (normal execution)

VM Mutex/Monitor currently owned by a thread: None

Heap address: 0x0000000084200000, size: 1982 MB, Compressed Oops mode: 32-bit
Narrow klass base: 0x0000000800000000, Narrow klass shift: 3
Compressed class space size: 1073741824 Address: 0x0000000840000000

Heap:
 garbage-first heap   total 129024K, used 17797K [0x0000000084200000, 0x0000000100000000)
  region size 1024K, 17 young (17408K), 3 survivors (3072K)
 Metaspace       used 6595K, capacity 7573K, committed 7936K, reserved 1056768K
  class space    used 782K, capacity 898K, committed 1024K, reserved 1048576K
Heap Regions: E=young(eden), S=young(survivor), O=old, HS=humongous(starts), HC=humongous(continues), CS=collection set, F=free, A=archive, TAMS=top-at-mark-start (previous, next)
|   0|0x0000000084200000, 0x00000000842af600, 0x0000000084300000| 68%| O|  |TAMS 0x0000000084200000, 0x0000000084200000| Untracked 
|   1|0x0000000084300000, 0x0000000084300000, 0x0000000084400000|  0%| F|  |TAMS 0x0000000084300000, 0x0000000084300000| Untracked 
|   2|0x0000000084400000, 0x0000000084400000, 0x0000000084500000|  0%| F|  |TAMS 0x0000000084400000, 0x0000000084400000| Untracked 
|   3|0x0000000084500000, 0x0000000084500000, 0x0000000084600000|  0%| F|  |TAMS 0x0000000084500000, 0x0000000084500000| Untracked 
|   4|0x0000000084600000, 0x0000000084600000, 0x0000000084700000|  0%| F|  |TAMS 0x0000000084600000, 0x0000000084600000| Untracked 
|   5|0x0000000084700000, 0x0000000084700000, 0x0000000084800000|  0%| F|  |TAMS 0x0000000084700000, 0x0000000084700000| Untracked 
|   6|0x0000000084800000, 0x0000000084800000, 0x0000000084900000|  0%| F|  |TAMS 0x0000000084800000, 0x0000000084800000| Untracked 
|   7|0x0000000084900000, 0x0000000084900000, 0x0000000084a00000|  0%| F|  |TAMS 0x0000000084900000, 0x0000000084900000| Untracked 
|   8|0x0000000084a00000, 0x0000000084a00000, 0x0000000084b00000|  0%| F|  |TAMS 0x0000000084a00000, 0x0000000084a00000| Untracked 
|   9|0x0000000084b00000, 0x0000000084b00000, 0x0000000084c00000|  0%| F|  |TAMS 0x0000000084b00000, 0x0000000084b00000| Untracked 
|  10|0x0000000084c00000, 0x0000000084c00000, 0x0000000084d00000|  0%| F|  |TAMS 0x0000000084c00000, 0x0000000084c00000| Untracked 
|  11|0x0000000084d00000, 0x0000000084d00000, 0x0000000084e00000|  0%| F|  |TAMS 0x0000000084d00000, 0x0000000084d00000| Untracked 
|  12|0x0000000084e00000, 0x0000000084e00000, 0x0000000084f00000|  0%| F|  |TAMS 0x0000000084e00000, 0x0000000084e00000| Untracked 
|  13|0x0000000084f00000, 0x0000000084f00000, 0x0000000085000000|  0%| F|  |TAMS 0x0000000084f00000, 0x0000000084f00000| Untracked 
|  14|0x0000000085000000, 0x0000000085000000, 0x0000000085100000|  0%| F|  |TAMS 0x0000000085000000, 0x0000000085000000| Untracked 
|  15|0x0000000085100000, 0x0000000085100000, 0x0000000085200000|  0%| F|  |TAMS 0x0000000085100000, 0x0000000085100000| Untracked 
|  16|0x0000000085200000, 0x0000000085200000, 0x0000000085300000|  0%| F|  |TAMS 0x0000000085200000, 0x0000000085200000| Untracked 
|  17|0x0000000085300000, 0x0000000085300000, 0x0000000085400000|  0%| F|  |TAMS 0x0000000085300000, 0x0000000085300000| Untracked 
|  18|0x0000000085400000, 0x0000000085400000, 0x0000000085500000|  0%| F|  |TAMS 0x0000000085400000, 0x0000000085400000| Untracked 
|  19|0x0000000085500000, 0x0000000085500000, 0x0000000085600000|  0%| F|  |TAMS 0x0000000085500000, 0x0000000085500000| Untracked 
|  20|0x0000000085600000, 0x0000000085600000, 0x0000000085700000|  0%| F|  |TAMS 0x0000000085600000, 0x0000000085600000| Untracked 
|  21|0x0000000085700000, 0x0000000085700000, 0x0000000085800000|  0%| F|  |TAMS 0x0000000085700000, 0x0000000085700000| Untracked 
|  22|0x0000000085800000, 0x0000000085800000, 0x0000000085900000|  0%| F|  |TAMS 0x0000000085800000, 0x0000000085800000| Untracked 
|  23|0x0000000085900000, 0x0000000085900000, 0x0000000085a00000|  0%| F|  |TAMS 0x0000000085900000, 0x0000000085900000| Untracked 
|  24|0x0000000085a00000, 0x0000000085a00000, 0x0000000085b00000|  0%| F|  |TAMS 0x0000000085a00000, 0x0000000085a00000| Untracked 
|  25|0x0000000085b00000, 0x0000000085b00000, 0x0000000085c00000|  0%| F|  |TAMS 0x0000000085b00000, 0x0000000085b00000| Untracked 
|  26|0x0000000085c00000, 0x0000000085c00000, 0x0000000085d00000|  0%| F|  |TAMS 0x0000000085c00000, 0x0000000085c00000| Untracked 
|  27|0x0000000085d00000, 0x0000000085d00000, 0x0000000085e00000|  0%| F|  |TAMS 0x0000000085d00000, 0x0000000085d00000| Untracked 
|  28|0x0000000085e00000, 0x0000000085e00000, 0x0000000085f00000|  0%| F|  |TAMS 0x0000000085e00000, 0x0000000085e00000| Untracked 
|  29|0x0000000085f00000, 0x0000000085f00000, 0x0000000086000000|  0%| F|  |TAMS 0x0000000085f00000, 0x0000000085f00000| Untracked 
|  30|0x0000000086000000, 0x0000000086000000, 0x0000000086100000|  0%| F|  |TAMS 0x0000000086000000, 0x0000000086000000| Untracked 
|  31|0x0000000086100000, 0x0000000086100000, 0x0000000086200000|  0%| F|  |TAMS 0x0000000086100000, 0x0000000086100000| Untracked 
|  32|0x0000000086200000, 0x0000000086200000, 0x0000000086300000|  0%| F|  |TAMS 0x0000000086200000, 0x0000000086200000| Untracked 
|  33|0x0000000086300000, 0x0000000086300000, 0x0000000086400000|  0%| F|  |TAMS 0x0000000086300000, 0x0000000086300000| Untracked 
|  34|0x0000000086400000, 0x0000000086400000, 0x0000000086500000|  0%| F|  |TAMS 0x0000000086400000, 0x0000000086400000| Untracked 
|  35|0x0000000086500000, 0x0000000086500000, 0x0000000086600000|  0%| F|  |TAMS 0x0000000086500000, 0x0000000086500000| Untracked 
|  36|0x0000000086600000, 0x0000000086600000, 0x0000000086700000|  0%| F|  |TAMS 0x0000000086600000, 0x0000000086600000| Untracked 
|  37|0x0000000086700000, 0x0000000086700000, 0x0000000086800000|  0%| F|  |TAMS 0x0000000086700000, 0x0000000086700000| Untracked 
|  38|0x0000000086800000, 0x0000000086800000, 0x0000000086900000|  0%| F|  |TAMS 0x0000000086800000, 0x0000000086800000| Untracked 
|  39|0x0000000086900000, 0x0000000086900000, 0x0000000086a00000|  0%| F|  |TAMS 0x0000000086900000, 0x0000000086900000| Untracked 
|  40|0x0000000086a00000, 0x0000000086a00000, 0x0000000086b00000|  0%| F|  |TAMS 0x0000000086a00000, 0x0000000086a00000| Untracked 
|  41|0x0000000086b00000, 0x0000000086b00000, 0x0000000086c00000|  0%| F|  |TAMS 0x0000000086b00000, 0x0000000086b00000| Untracked 
|  42|0x0000000086c00000, 0x0000000086c00000, 0x0000000086d00000|  0%| F|  |TAMS 0x0000000086c00000, 0x0000000086c00000| Untracked 
|  43|0x0000000086d00000, 0x0000000086d00000, 0x0000000086e00000|  0%| F|  |TAMS 0x0000000086d00000, 0x0000000086d00000| Untracked 
|  44|0x0000000086e00000, 0x0000000086e00000, 0x0000000086f00000|  0%| F|  |TAMS 0x0000000086e00000, 0x0000000086e00000| Untracked 
|  45|0x0000000086f00000, 0x0000000086f00000, 0x0000000087000000|  0%| F|  |TAMS 0x0000000086f00000, 0x0000000086f00000| Untracked 
|  46|0x0000000087000000, 0x0000000087000000, 0x0000000087100000|  0%| F|  |TAMS 0x0000000087000000, 0x0000000087000000| Untracked 
|  47|0x0000000087100000, 0x0000000087100000, 0x0000000087200000|  0%| F|  |TAMS 0x0000000087100000, 0x0000000087100000| Untracked 
|  48|0x0000000087200000, 0x0000000087200000, 0x0000000087300000|  0%| F|  |TAMS 0x0000000087200000, 0x0000000087200000| Untracked 
|  49|0x0000000087300000, 0x0000000087300000, 0x0000000087400000|  0%| F|  |TAMS 0x0000000087300000, 0x0000000087300000| Untracked 
|  50|0x0000000087400000, 0x0000000087400000, 0x0000000087500000|  0%| F|  |TAMS 0x0000000087400000, 0x0000000087400000| Untracked 
|  51|0x0000000087500000, 0x0000000087500000, 0x0000000087600000|  0%| F|  |TAMS 0x0000000087500000, 0x0000000087500000| Untracked 
|  52|0x0000000087600000, 0x0000000087600000, 0x0000000087700000|  0%| F|  |TAMS 0x0000000087600000, 0x0000000087600000| Untracked 
|  53|0x0000000087700000, 0x0000000087700000, 0x0000000087800000|  0%| F|  |TAMS 0x0000000087700000, 0x0000000087700000| Untracked 
|  54|0x0000000087800000, 0x0000000087800000, 0x0000000087900000|  0%| F|  |TAMS 0x0000000087800000, 0x0000000087800000| Untracked 
|  55|0x0000000087900000, 0x0000000087900000, 0x0000000087a00000|  0%| F|  |TAMS 0x0000000087900000, 0x0000000087900000| Untracked 
|  56|0x0000000087a00000, 0x0000000087a00000, 0x0000000087b00000|  0%| F|  |TAMS 0x0000000087a00000, 0x0000000087a00000| Untracked 
|  57|0x0000000087b00000, 0x0000000087b00000, 0x0000000087c00000|  0%| F|  |TAMS 0x0000000087b00000, 0x0000000087b00000| Untracked 
|  58|0x0000000087c00000, 0x0000000087c00000, 0x0000000087d00000|  0%| F|  |TAMS 0x0000000087c00000, 0x0000000087c00000| Untracked 
|  59|0x0000000087d00000, 0x0000000087d00000, 0x0000000087e00000|  0%| F|  |TAMS 0x0000000087d00000, 0x0000000087d00000| Untracked 
|  60|0x0000000087e00000, 0x0000000087e00000, 0x0000000087f00000|  0%| F|  |TAMS 0x0000000087e00000, 0x0000000087e00000| Untracked 
|  61|0x0000000087f00000, 0x0000000087f00000, 0x0000000088000000|  0%| F|  |TAMS 0x0000000087f00000, 0x0000000087f00000| Untracked 
|  62|0x0000000088000000, 0x0000000088000000, 0x0000000088100000|  0%| F|  |TAMS 0x0000000088000000, 0x0000000088000000| Untracked 
|  63|0x0000000088100000, 0x0000000088100000, 0x0000000088200000|  0%| F|  |TAMS 0x0000000088100000, 0x0000000088100000| Untracked 
|  64|0x0000000088200000, 0x0000000088200000, 0x0000000088300000|  0%| F|  |TAMS 0x0000000088200000, 0x0000000088200000| Untracked 
|  65|0x0000000088300000, 0x0000000088300000, 0x0000000088400000|  0%| F|  |TAMS 0x0000000088300000, 0x0000000088300000| Untracked 
|  66|0x0000000088400000, 0x0000000088400000, 0x0000000088500000|  0%| F|  |TAMS 0x0000000088400000, 0x0000000088400000| Untracked 
|  67|0x0000000088500000, 0x0000000088500000, 0x0000000088600000|  0%| F|  |TAMS 0x0000000088500000, 0x0000000088500000| Untracked 
|  68|0x0000000088600000, 0x0000000088600000, 0x0000000088700000|  0%| F|  |TAMS 0x0000000088600000, 0x0000000088600000| Untracked 
|  69|0x0000000088700000, 0x0000000088700000, 0x0000000088800000|  0%| F|  |TAMS 0x0000000088700000, 0x0000000088700000| Untracked 
|  70|0x0000000088800000, 0x0000000088800000, 0x0000000088900000|  0%| F|  |TAMS 0x0000000088800000, 0x0000000088800000| Untracked 
|  71|0x0000000088900000, 0x0000000088900000, 0x0000000088a00000|  0%| F|  |TAMS 0x0000000088900000, 0x0000000088900000| Untracked 
|  72|0x0000000088a00000, 0x0000000088a00000, 0x0000000088b00000|  0%| F|  |TAMS 0x0000000088a00000, 0x0000000088a00000| Untracked 
|  73|0x0000000088b00000, 0x0000000088b00000, 0x0000000088c00000|  0%| F|  |TAMS 0x0000000088b00000, 0x0000000088b00000| Untracked 
|  74|0x0000000088c00000, 0x0000000088c00000, 0x0000000088d00000|  0%| F|  |TAMS 0x0000000088c00000, 0x0000000088c00000| Untracked 
|  75|0x0000000088d00000, 0x0000000088d00000, 0x0000000088e00000|  0%| F|  |TAMS 0x0000000088d00000, 0x0000000088d00000| Untracked 
|  76|0x0000000088e00000, 0x0000000088e00000, 0x0000000088f00000|  0%| F|  |TAMS 0x0000000088e00000, 0x0000000088e00000| Untracked 
|  77|0x0000000088f00000, 0x0000000088f00000, 0x0000000089000000|  0%| F|  |TAMS 0x0000000088f00000, 0x0000000088f00000| Untracked 
|  78|0x0000000089000000, 0x0000000089000000, 0x0000000089100000|  0%| F|  |TAMS 0x0000000089000000, 0x0000000089000000| Untracked 
|  79|0x0000000089100000, 0x0000000089100000, 0x0000000089200000|  0%| F|  |TAMS 0x0000000089100000, 0x0000000089100000| Untracked 
|  80|0x0000000089200000, 0x0000000089200000, 0x0000000089300000|  0%| F|  |TAMS 0x0000000089200000, 0x0000000089200000| Untracked 
|  81|0x0000000089300000, 0x0000000089300000, 0x0000000089400000|  0%| F|  |TAMS 0x0000000089300000, 0x0000000089300000| Untracked 
|  82|0x0000000089400000, 0x0000000089400000, 0x0000000089500000|  0%| F|  |TAMS 0x0000000089400000, 0x0000000089400000| Untracked 
|  83|0x0000000089500000, 0x0000000089500000, 0x0000000089600000|  0%| F|  |TAMS 0x0000000089500000, 0x0000000089500000| Untracked 
|  84|0x0000000089600000, 0x0000000089600000, 0x0000000089700000|  0%| F|  |TAMS 0x0000000089600000, 0x0000000089600000| Untracked 
|  85|0x0000000089700000, 0x0000000089700000, 0x0000000089800000|  0%| F|  |TAMS 0x0000000089700000, 0x0000000089700000| Untracked 
|  86|0x0000000089800000, 0x0000000089800000, 0x0000000089900000|  0%| F|  |TAMS 0x0000000089800000, 0x0000000089800000| Untracked 
|  87|0x0000000089900000, 0x0000000089900000, 0x0000000089a00000|  0%| F|  |TAMS 0x0000000089900000, 0x0000000089900000| Untracked 
|  88|0x0000000089a00000, 0x0000000089a00000, 0x0000000089b00000|  0%| F|  |TAMS 0x0000000089a00000, 0x0000000089a00000| Untracked 
|  89|0x0000000089b00000, 0x0000000089b00000, 0x0000000089c00000|  0%| F|  |TAMS 0x0000000089b00000, 0x0000000089b00000| Untracked 
|  90|0x0000000089c00000, 0x0000000089c00000, 0x0000000089d00000|  0%| F|  |TAMS 0x0000000089c00000, 0x0000000089c00000| Untracked 
|  91|0x0000000089d00000, 0x0000000089d00000, 0x0000000089e00000|  0%| F|  |TAMS 0x0000000089d00000, 0x0000000089d00000| Untracked 
|  92|0x0000000089e00000, 0x0000000089e00000, 0x0000000089f00000|  0%| F|  |TAMS 0x0000000089e00000, 0x0000000089e00000| Untracked 
|  93|0x0000000089f00000, 0x0000000089f00000, 0x000000008a000000|  0%| F|  |TAMS 0x0000000089f00000, 0x0000000089f00000| Untracked 
|  94|0x000000008a000000, 0x000000008a000000, 0x000000008a100000|  0%| F|  |TAMS 0x000000008a000000, 0x000000008a000000| Untracked 
|  95|0x000000008a100000, 0x000000008a100000, 0x000000008a200000|  0%| F|  |TAMS 0x000000008a100000, 0x000000008a100000| Untracked 
|  96|0x000000008a200000, 0x000000008a200000, 0x000000008a300000|  0%| F|  |TAMS 0x000000008a200000, 0x000000008a200000| Untracked 
|  97|0x000000008a300000, 0x000000008a300000, 0x000000008a400000|  0%| F|  |TAMS 0x000000008a300000, 0x000000008a300000| Untracked 
|  98|0x000000008a400000, 0x000000008a400000, 0x000000008a500000|  0%| F|  |TAMS 0x000000008a400000, 0x000000008a400000| Untracked 
|  99|0x000000008a500000, 0x000000008a600000, 0x000000008a600000|100%| S|CS|TAMS 0x000000008a500000, 0x000000008a500000| Complete 
| 100|0x000000008a600000, 0x000000008a700000, 0x000000008a700000|100%| S|CS|TAMS 0x000000008a600000, 0x000000008a600000| Complete 
| 101|0x000000008a700000, 0x000000008a800000, 0x000000008a800000|100%| S|CS|TAMS 0x000000008a700000, 0x000000008a700000| Complete 
| 102|0x000000008a800000, 0x000000008a800000, 0x000000008a900000|  0%| F|  |TAMS 0x000000008a800000, 0x000000008a800000| Untracked 
| 103|0x000000008a900000, 0x000000008a900000, 0x000000008aa00000|  0%| F|  |TAMS 0x000000008a900000, 0x000000008a900000| Untracked 
| 104|0x000000008aa00000, 0x000000008aa00000, 0x000000008ab00000|  0%| F|  |TAMS 0x000000008aa00000, 0x000000008aa00000| Untracked 
| 105|0x000000008ab00000, 0x000000008ab00000, 0x000000008ac00000|  0%| F|  |TAMS 0x000000008ab00000, 0x000000008ab00000| Untracked 
| 106|0x000000008ac00000, 0x000000008ac00000, 0x000000008ad00000|  0%| F|  |TAMS 0x000000008ac00000, 0x000000008ac00000| Untracked 
| 107|0x000000008ad00000, 0x000000008ad00000, 0x000000008ae00000|  0%| F|  |TAMS 0x000000008ad00000, 0x000000008ad00000| Untracked 
| 108|0x000000008ae00000, 0x000000008ae00000, 0x000000008af00000|  0%| F|  |TAMS 0x000000008ae00000, 0x000000008ae00000| Untracked 
| 109|0x000000008af00000, 0x000000008af00000, 0x000000008b000000|  0%| F|  |TAMS 0x000000008af00000, 0x000000008af00000| Untracked 
| 110|0x000000008b000000, 0x000000008b000800, 0x000000008b100000|  0%| E|  |TAMS 0x000000008b000000, 0x000000008b000000| Complete 
| 111|0x000000008b100000, 0x000000008b200000, 0x000000008b200000|100%| E|CS|TAMS 0x000000008b100000, 0x000000008b100000| Complete 
| 112|0x000000008b200000, 0x000000008b300000, 0x000000008b300000|100%| E|CS|TAMS 0x000000008b200000, 0x000000008b200000| Complete 
| 113|0x000000008b300000, 0x000000008b400000, 0x000000008b400000|100%| E|CS|TAMS 0x000000008b300000, 0x000000008b300000| Complete 
| 114|0x000000008b400000, 0x000000008b500000, 0x000000008b500000|100%| E|CS|TAMS 0x000000008b400000, 0x000000008b400000| Complete 
| 115|0x000000008b500000, 0x000000008b600000, 0x000000008b600000|100%| E|CS|TAMS 0x000000008b500000, 0x000000008b500000| Complete 
| 116|0x000000008b600000, 0x000000008b700000, 0x000000008b700000|100%| E|CS|TAMS 0x000000008b600000, 0x000000008b600000| Complete 
| 117|0x000000008b700000, 0x000000008b800000, 0x000000008b800000|100%| E|CS|TAMS 0x000000008b700000, 0x000000008b700000| Complete 
| 118|0x000000008b800000, 0x000000008b900000, 0x000000008b900000|100%| E|CS|TAMS 0x000000008b800000, 0x000000008b800000| Complete 
| 119|0x000000008b900000, 0x000000008ba00000, 0x000000008ba00000|100%| E|CS|TAMS 0x000000008b900000, 0x000000008b900000| Complete 
| 120|0x000000008ba00000, 0x000000008bb00000, 0x000000008bb00000|100%| E|CS|TAMS 0x000000008ba00000, 0x000000008ba00000| Complete 
| 121|0x000000008bb00000, 0x000000008bc00000, 0x000000008bc00000|100%| E|CS|TAMS 0x000000008bb00000, 0x000000008bb00000| Complete 
| 122|0x000000008bc00000, 0x000000008bd00000, 0x000000008bd00000|100%| E|CS|TAMS 0x000000008bc00000, 0x000000008bc00000| Complete 
| 123|0x000000008bd00000, 0x000000008be00000, 0x000000008be00000|100%| E|CS|TAMS 0x000000008bd00000, 0x000000008bd00000| Complete 
|1980|0x00000000ffe00000, 0x00000000ffe47000, 0x00000000fff00000| 27%|OA|  |TAMS 0x00000000ffe00000, 0x00000000ffe00000| Untracked 
|1981|0x00000000fff00000, 0x00000000fff6b000, 0x0000000100000000| 41%|CA|  |TAMS 0x00000000fff00000, 0x00000000fff00000| Untracked 

Card table byte_map: [0x00007f8a34523000,0x00007f8a34902000] _byte_map_base: 0x00007f8a34102000

Marking Bits (Prev, Next): (CMBitMap*) 0x00007f8a300587f8, (CMBitMap*) 0x00007f8a30058830
 Prev Bits: [0x00007f8a12108000, 0x00007f8a14000000)
 Next Bits: [0x00007f8a10210000, 0x00007f8a12108000)

Polling page: 0x00007f8a36f49000

Metaspace:

Usage:
  Non-class:      6.52 MB capacity,     5.68 MB ( 87%) used,   846.10 KB ( 13%) free+waste,    16.50 KB ( <1%) overhead. 
      Class:    898.00 KB capacity,   782.68 KB ( 87%) used,   106.70 KB ( 12%) free+waste,     8.62 KB ( <1%) overhead. 
       Both:      7.40 MB capacity,     6.44 MB ( 87%) used,   952.80 KB ( 13%) free+waste,    25.12 KB ( <1%) overhead. 

Virtual space:
  Non-class space:        8.00 MB reserved,       6.75 MB ( 84%) committed 
      Class space:        1.00 GB reserved,       1.00 MB ( <1%) committed 
             Both:        1.01 GB reserved,       7.75 MB ( <1%) committed 

Chunk freelists:
   Non-Class:  45.00 KB
       Class:  0 bytes
        Both:  45.00 KB

MaxMetaspaceSize: unlimited
CompressedClassSpaceSize: 1.00 GB
Initial GC threshold: 20.80 MB
Current GC threshold: 20.80 MB
CDS: on

CodeHeap 'non-profiled nmethods': size=120032Kb used=817Kb max_used=817Kb free=119214Kb
 bounds [0x00007f8a20327000, 0x00007f8a20597000, 0x00007f8a2785f000]
CodeHeap 'profiled nmethods': size=120032Kb used=3052Kb max_used=3052Kb free=116979Kb
 bounds [0x00007f8a18def000, 0x00007f8a190ef000, 0x00007f8a20327000]
CodeHeap 'non-nmethods': size=5696Kb used=1238Kb max_used=1304Kb free=4457Kb
 bounds [0x00007f8a1885f000, 0x00007f8a18acf000, 0x00007f8a18def000]
 total_blobs=1891 nmethods=1457 adapters=356
 compilation: enabled
              stopped_count=0, restarted_count=0
 full_count=0

Compilation events (20 events):
Event: 74.295 Thread 0x00007f89e41f9000 nmethod 1425 0x00007f8a203e0e90 code [0x00007f8a203e1120, 0x00007f8a203e3db8]
Event: 83.844 Thread 0x00007f8a30127800 1453       3       jdk.internal.math.FloatingDecimal$BinaryToASCIIBuffer::appendTo (72 bytes)
Event: 83.845 Thread 0x00007f8a30127800 nmethod 1453 0x00007f8a190e5190 code [0x00007f8a190e53c0, 0x00007f8a190e5dc0]
Event: 83.845 Thread 0x00007f8a30127800 1454       3       jdk.internal.math.FloatingDecimal$BinaryToASCIIBuffer::getChars (502 bytes)
Event: 83.846 Thread 0x00007f8a30127800 nmethod 1454 0x00007f8a190e6010 code [0x00007f8a190e62c0, 0x00007f8a190e7330]
Event: 87.628 Thread 0x00007f8a30125800 1455       4       org.jnetpcap.packet.structure.JField::sortFieldByOffset (26 bytes)
Event: 87.724 Thread 0x00007f8a30125800 nmethod 1455 0x00007f8a203e5390 code [0x00007f8a203e5620, 0x00007f8a203e82b8]
Event: 87.724 Thread 0x00007f8a30125800 1456       4       java.util.TimSort::sort (229 bytes)
Event: 87.769 Thread 0x00007f8a30127800 1457       3       jdk.internal.math.FloatingDecimal::getBinaryToASCIIConverter (163 bytes)
Event: 87.770 Thread 0x00007f8a30127800 nmethod 1457 0x00007f8a190e7a90 code [0x00007f8a190e7ca0, 0x00007f8a190e8380]
Event: 87.770 Thread 0x00007f8a30127800 1458       3       java.util.Arrays::rangeCheck (74 bytes)
Event: 87.770 Thread 0x00007f8a30127800 nmethod 1458 0x00007f8a190e8590 code [0x00007f8a190e8880, 0x00007f8a190e9560]
Event: 87.770 Thread 0x00007f8a30127800 1459       3       jdk.internal.math.FloatingDecimal$BinaryToASCIIBuffer::estimateDecExp (182 bytes)
Event: 87.771 Thread 0x00007f8a30127800 nmethod 1459 0x00007f8a190e9a90 code [0x00007f8a190e9ca0, 0x00007f8a190ea150]
Event: 87.830 Thread 0x00007f8a30125800 nmethod 1456 0x00007f8a203e9790 code [0x00007f8a203e9a40, 0x00007f8a203ecdc8]
Event: 88.747 Thread 0x00007f8a30125800 1460       4       org.jnetpcap.packet.structure.JField::sortFieldByOffset (26 bytes)
Event: 88.894 Thread 0x00007f8a30125800 nmethod 1460 0x00007f8a203ee610 code [0x00007f8a203ee8a0, 0x00007f8a203f1898]
Event: 160.648 Thread 0x00007f8a30127800 1461  s    1       edu.ncat.susman.ais.Detector::getIncorrectMatches (5 bytes)
Event: 160.648 Thread 0x00007f8a30127800 nmethod 1461 0x00007f8a203f3090 code [0x00007f8a203f3240, 0x00007f8a203f34b0]
Event: 160.649 Thread 0x00007f8a30125800 1464       4       java.util.TimSort::sort (229 bytes)

GC Heap History (2 events):
Event: 8.253 GC heap before
{Heap before GC invocations=0 (full 0):
 garbage-first heap   total 129024K, used 23240K [0x0000000084200000, 0x0000000100000000)
  region size 1024K, 22 young (22528K), 0 survivors (0K)
 Metaspace       used 4820K, capacity 6369K, committed 6400K, reserved 1056768K
  class space    used 595K, capacity 759K, committed 768K, reserved 1048576K
}
Event: 8.262 GC heap after
{Heap after GC invocations=1 (full 0):
 garbage-first heap   total 129024K, used 4485K [0x0000000084200000, 0x0000000100000000)
  region size 1024K, 3 young (3072K), 3 survivors (3072K)
 Metaspace       used 4820K, capacity 6369K, committed 6400K, reserved 1056768K
  class space    used 595K, capacity 759K, committed 768K, reserved 1048576K
}

Deoptimization events (20 events):
Event: 88.744 Thread 0x00007f8a303ba000 Uncommon trap: trap_request=0xffffffd6 fr.pc=0x00007f8a203eb3cc relative=0x000000000000198c
Event: 88.744 Thread 0x00007f8a303ba000 Uncommon trap: reason=array_check action=maybe_recompile pc=0x00007f8a203eb3cc method=java.util.TimSort.reverseRange([Ljava/lang/Object;II)V @ 20 c2
Event: 88.744 Thread 0x00007f8a303ba000 DEOPT PACKING pc=0x00007f8a203eb3cc sp=0x00007f8a0872b520
Event: 88.744 Thread 0x00007f8a303ba000 DEOPT UNPACKING pc=0x00007f8a188a8ea5 sp=0x00007f8a0872b428 mode 2
Event: 160.648 Thread 0x00007f8a303ba000 Uncommon trap: trap_request=0xffffffd6 fr.pc=0x00007f8a203efc0c relative=0x000000000000136c
Event: 160.648 Thread 0x00007f8a30017800 Uncommon trap: trap_request=0xffffffc6 fr.pc=0x00007f8a203887ec relative=0x000000000000226c
Event: 160.648 Thread 0x00007f8a303ba000 Uncommon trap: reason=array_check action=maybe_recompile pc=0x00007f8a203efc0c method=java.util.TimSort.reverseRange([Ljava/lang/Object;II)V @ 27 c2
Event: 160.648 Thread 0x00007f8a30017800 Uncommon trap: reason=bimorphic_or_optimized_type_check action=maybe_recompile pc=0x00007f8a203887ec method=java.util.regex.Pattern$Start.match(Ljava/util/regex/Matcher;ILjava/lang/CharSequence;)Z @ 44 c2
Event: 160.648 Thread 0x00007f8a30017800 DEOPT PACKING pc=0x00007f8a203887ec sp=0x00007f8a35773720
Event: 160.648 Thread 0x00007f8a303ba000 DEOPT PACKING pc=0x00007f8a203efc0c sp=0x00007f8a0872b660
Event: 160.648 Thread 0x00007f8a30017800 DEOPT UNPACKING pc=0x00007f8a188a8ea5 sp=0x00007f8a357736c0 mode 2
Event: 160.648 Thread 0x00007f8a303ba000 DEOPT UNPACKING pc=0x00007f8a188a8ea5 sp=0x00007f8a0872b488 mode 2
Event: 160.648 Thread 0x00007f8a30017800 Uncommon trap: trap_request=0xffffff4d fr.pc=0x00007f8a2035882c relative=0x000000000000008c
Event: 160.648 Thread 0x00007f8a30017800 Uncommon trap: reason=unstable_if action=reinterpret pc=0x00007f8a2035882c method=java.util.regex.Pattern.lambda$DOT$5(I)Z @ 3 c2
Event: 160.648 Thread 0x00007f8a30017800 DEOPT PACKING pc=0x00007f8a2035882c sp=0x00007f8a35773580
Event: 160.648 Thread 0x00007f8a30017800 DEOPT UNPACKING pc=0x00007f8a188a8ea5 sp=0x00007f8a357734c8 mode 2
Event: 160.649 Thread 0x00007f8a303ba000 Uncommon trap: trap_request=0xffffffd6 fr.pc=0x00007f8a203efc0c relative=0x000000000000136c
Event: 160.649 Thread 0x00007f8a303ba000 Uncommon trap: reason=array_check action=maybe_recompile pc=0x00007f8a203efc0c method=java.util.TimSort.reverseRange([Ljava/lang/Object;II)V @ 27 c2
Event: 160.649 Thread 0x00007f8a303ba000 DEOPT PACKING pc=0x00007f8a203efc0c sp=0x00007f8a0872b990
Event: 160.649 Thread 0x00007f8a303ba000 DEOPT UNPACKING pc=0x00007f8a188a8ea5 sp=0x00007f8a0872b7b8 mode 2

Classes redefined (0 events):
No events

Internal exceptions (20 events):
Event: 0.280 Thread 0x00007f8a30017800 Exception <a 'java/lang/ClassNotFoundException'{0x000000008b758bb8}: java/lang/ObjectCustomizer> (0x000000008b758bb8) thrown at [./src/hotspot/share/classfile/systemDictionary.cpp, line 231]
Event: 0.288 Thread 0x00007f8a30017800 Exception <a 'java/lang/ClassNotFoundException'{0x000000008b76f4f0}: org/apache/log4j/LayoutCustomizer> (0x000000008b76f4f0) thrown at [./src/hotspot/share/classfile/systemDictionary.cpp, line 231]
Event: 0.290 Thread 0x00007f8a30017800 Exception <a 'java/lang/ClassNotFoundException'{0x000000008b7840f0}: org/apache/log4j/PatternLayoutCustomizer> (0x000000008b7840f0) thrown at [./src/hotspot/share/classfile/systemDictionary.cpp, line 231]
Event: 0.292 Thread 0x00007f8a30017800 Exception <a 'java/lang/ClassNotFoundException'{0x000000008b78f4b0}: org/apache/log4j/ConsoleAppenderBeanInfo> (0x000000008b78f4b0) thrown at [./src/hotspot/share/classfile/systemDictionary.cpp, line 231]
Event: 0.292 Thread 0x00007f8a30017800 Exception <a 'java/lang/ClassNotFoundException'{0x000000008b794ee0}: org/apache/log4j/WriterAppenderBeanInfo> (0x000000008b794ee0) thrown at [./src/hotspot/share/classfile/systemDictionary.cpp, line 231]
Event: 0.293 Thread 0x00007f8a30017800 Exception <a 'java/lang/ClassNotFoundException'{0x000000008b79ade8}: org/apache/log4j/AppenderSkeletonBeanInfo> (0x000000008b79ade8) thrown at [./src/hotspot/share/classfile/systemDictionary.cpp, line 231]
Event: 0.293 Thread 0x00007f8a30017800 Exception <a 'java/lang/ClassNotFoundException'{0x000000008b7a0f70}: org/apache/log4j/AppenderSkeletonCustomizer> (0x000000008b7a0f70) thrown at [./src/hotspot/share/classfile/systemDictionary.cpp, line 231]
Event: 0.295 Thread 0x00007f8a30017800 Exception <a 'java/lang/ClassNotFoundException'{0x000000008b7b5860}: org/apache/log4j/WriterAppenderCustomizer> (0x000000008b7b5860) thrown at [./src/hotspot/share/classfile/systemDictionary.cpp, line 231]
Event: 0.296 Thread 0x00007f8a30017800 Exception <a 'java/lang/ClassNotFoundException'{0x000000008b7c5348}: org/apache/log4j/ConsoleAppenderCustomizer> (0x000000008b7c5348) thrown at [./src/hotspot/share/classfile/systemDictionary.cpp, line 231]
Event: 0.347 Thread 0x00007f8a30017800 Exception <a 'java/lang/ClassNotFoundException'{0x000000008b6e2738}: org/apache/log4j/DailyRollingFileAppenderBeanInfo> (0x000000008b6e2738) thrown at [./src/hotspot/share/classfile/systemDictionary.cpp, line 231]
Event: 0.347 Thread 0x00007f8a30017800 Exception <a 'java/lang/ClassNotFoundException'{0x000000008b6e7f10}: org/apache/log4j/FileAppenderBeanInfo> (0x000000008b6e7f10) thrown at [./src/hotspot/share/classfile/systemDictionary.cpp, line 231]
Event: 0.347 Thread 0x00007f8a30017800 Exception <a 'java/lang/ClassNotFoundException'{0x000000008b6edbb8}: org/apache/log4j/FileAppenderCustomizer> (0x000000008b6edbb8) thrown at [./src/hotspot/share/classfile/systemDictionary.cpp, line 231]
Event: 0.349 Thread 0x00007f8a30017800 Exception <a 'java/lang/ClassNotFoundException'{0x000000008b6fdac8}: org/apache/log4j/DailyRollingFileAppenderCustomizer> (0x000000008b6fdac8) thrown at [./src/hotspot/share/classfile/systemDictionary.cpp, line 231]
Event: 0.354 Thread 0x00007f8a30017800 Exception <a 'java/lang/ClassNotFoundException'{0x000000008b51cea8}: org/apache/log4j/RollingFileAppenderBeanInfo> (0x000000008b51cea8) thrown at [./src/hotspot/share/classfile/systemDictionary.cpp, line 231]
Event: 0.355 Thread 0x00007f8a30017800 Exception <a 'java/lang/ClassNotFoundException'{0x000000008b522c58}: org/apache/log4j/RollingFileAppenderCustomizer> (0x000000008b522c58) thrown at [./src/hotspot/share/classfile/systemDictionary.cpp, line 231]
Event: 0.396 Thread 0x00007f8a30017800 Exception <a 'java/lang/NoSuchMethodError'{0x000000008b554248}: 'int java.lang.invoke.DirectMethodHandle$Holder.invokeSpecialIFC(java.lang.Object, java.lang.Object, int)'> (0x000000008b554248) thrown at [./src/hotspot/share/interpreter/linkResolver.cpp, line 772]
Event: 8.175 Thread 0x00007f8a303ba000 Exception <a 'org/jnetpcap/packet/UnregisteredHeaderException'{0x000000008accbd38}: native scanner not registered under ID=15 (WEB_IMAGE)> (0x000000008accbd38) thrown at [./src/hotspot/share/prims/jni.cpp, line 636]
Event: 8.193 Thread 0x00007f8a303ba000 Exception <a 'org/jnetpcap/packet/UnregisteredHeaderException'{0x000000008aba9b10}: native scanner not registered under ID=38 (HEARTBEAT_ACK)> (0x000000008aba9b10) thrown at [./src/hotspot/share/prims/jni.cpp, line 636]
Event: 69.804 Thread 0x00007f8a303ba000 Implicit null exception at 0x00007f8a2038d76d to 0x00007f8a2038eecc
Event: 69.812 Thread 0x00007f8a303ba000 Exception <a 'java/lang/NoSuchMethodError'{0x000000008b4b2e48}: 'java.lang.Object java.lang.invoke.DirectMethodHandle$Holder.invokeStatic(java.lang.Object, int, java.lang.Object)'> (0x000000008b4b2e48) thrown at [./src/hotspot/share/interpreter/linkResolver.cpp, line 772]

Events (20 events):
Event: 88.912 Executing VM operation: GetFrameCount
Event: 88.912 Executing VM operation: GetFrameCount done
Event: 88.913 Executing VM operation: GetStackTrace
Event: 88.913 Executing VM operation: GetStackTrace done
Event: 88.935 Executing VM operation: GetFrameCount
Event: 88.936 Executing VM operation: GetFrameCount done
Event: 88.936 Executing VM operation: GetFrameCount
Event: 88.936 Executing VM operation: GetFrameCount done
Event: 88.936 Executing VM operation: GetStackTrace
Event: 88.936 Executing VM operation: GetStackTrace done
Event: 158.195 Executing VM operation: GetFrameCount
Event: 158.195 Executing VM operation: GetFrameCount done
Event: 158.196 Executing VM operation: GetFrameCount
Event: 158.197 Executing VM operation: GetFrameCount done
Event: 158.197 Executing VM operation: GetStackTrace
Event: 158.197 Executing VM operation: GetStackTrace done
Event: 160.644 Executing VM operation: ChangeBreakpoints
Event: 160.645 Executing VM operation: ChangeBreakpoints done
Event: 160.645 Executing VM operation: ChangeBreakpoints
Event: 160.646 Executing VM operation: ChangeBreakpoints done


Dynamic libraries:
84200000-8be00000 rw-p 00000000 00:00 0 
8be00000-ffe00000 ---p 00000000 00:00 0 
ffe00000-ffe47000 rw-p 01113000 08:01 798759                             /usr/lib/jvm/java-11-openjdk-amd64/lib/server/classes.jsa
ffe47000-fff00000 rw-p 00000000 00:00 0 
fff00000-fff6b000 rw-p 010a8000 08:01 798759                             /usr/lib/jvm/java-11-openjdk-amd64/lib/server/classes.jsa
fff6b000-100000000 rw-p 00000000 00:00 0 
800000000-800002000 rwxp 00001000 08:01 798759                           /usr/lib/jvm/java-11-openjdk-amd64/lib/server/classes.jsa
800002000-8010a7000 rw-p 00003000 08:01 798759                           /usr/lib/jvm/java-11-openjdk-amd64/lib/server/classes.jsa
840000000-840100000 rw-p 00000000 00:00 0 
840100000-880000000 ---p 00000000 00:00 0 
556bb5f48000-556bb5f49000 r--p 00000000 08:01 799275                     /usr/lib/jvm/java-11-openjdk-amd64/bin/java
556bb5f49000-556bb5f4a000 r-xp 00001000 08:01 799275                     /usr/lib/jvm/java-11-openjdk-amd64/bin/java
556bb5f4a000-556bb5f4b000 r--p 00002000 08:01 799275                     /usr/lib/jvm/java-11-openjdk-amd64/bin/java
556bb5f4b000-556bb5f4c000 r--p 00002000 08:01 799275                     /usr/lib/jvm/java-11-openjdk-amd64/bin/java
556bb5f4c000-556bb5f4d000 rw-p 00003000 08:01 799275                     /usr/lib/jvm/java-11-openjdk-amd64/bin/java
556bb64e5000-556bb6506000 rw-p 00000000 00:00 0                          [heap]
7f899c000000-7f899c021000 rw-p 00000000 00:00 0 
7f899c021000-7f89a0000000 ---p 00000000 00:00 0 
7f89a0000000-7f89a0021000 rw-p 00000000 00:00 0 
7f89a0021000-7f89a4000000 ---p 00000000 00:00 0 
7f89a4000000-7f89a4021000 rw-p 00000000 00:00 0 
7f89a4021000-7f89a8000000 ---p 00000000 00:00 0 
7f89a8000000-7f89a8021000 rw-p 00000000 00:00 0 
7f89a8021000-7f89ac000000 ---p 00000000 00:00 0 
7f89ac000000-7f89adcef000 rw-p 00000000 00:00 0 
7f89adcef000-7f89b0000000 ---p 00000000 00:00 0 
7f89b0000000-7f89b0021000 rw-p 00000000 00:00 0 
7f89b0021000-7f89b4000000 ---p 00000000 00:00 0 
7f89b4000000-7f89b4021000 rw-p 00000000 00:00 0 
7f89b4021000-7f89b8000000 ---p 00000000 00:00 0 
7f89b8000000-7f89b8021000 rw-p 00000000 00:00 0 
7f89b8021000-7f89bc000000 ---p 00000000 00:00 0 
7f89bf269000-7f89bf26a000 ---p 00000000 00:00 0 
7f89bf26a000-7f89bf36b000 rw-p 00000000 00:00 0 
7f89bf36b000-7f89bf36c000 ---p 00000000 00:00 0 
7f89bf36c000-7f89bf46d000 rw-p 00000000 00:00 0 
7f89bf46d000-7f89bf46e000 ---p 00000000 00:00 0 
7f89bf46e000-7f89bf56f000 rw-p 00000000 00:00 0 
7f89bf56f000-7f89bf570000 ---p 00000000 00:00 0 
7f89bf570000-7f89bf671000 rw-p 00000000 00:00 0 
7f89bf671000-7f89bf672000 ---p 00000000 00:00 0 
7f89bf672000-7f89bf773000 rw-p 00000000 00:00 0 
7f89bf773000-7f89bf777000 ---p 00000000 00:00 0 
7f89bf777000-7f89bf874000 rw-p 00000000 00:00 0 
7f89bfa74000-7f89bfa76000 r-xp 00000000 08:01 697480                     /usr/lib/libjnetpcap-pcap100.so
7f89bfa76000-7f89bfc75000 ---p 00002000 08:01 697480                     /usr/lib/libjnetpcap-pcap100.so
7f89bfc75000-7f89bfc76000 rw-p 00001000 08:01 697480                     /usr/lib/libjnetpcap-pcap100.so
7f89bfc76000-7f89bfc7a000 ---p 00000000 00:00 0 
7f89bfc7a000-7f89bfd77000 rw-p 00000000 00:00 0 
7f89bfd77000-7f89bfd83000 r--p 00000000 08:01 653797                     /usr/lib/x86_64-linux-gnu/libgcrypt.so.20.2.8
7f89bfd83000-7f89bfe53000 r-xp 0000c000 08:01 653797                     /usr/lib/x86_64-linux-gnu/libgcrypt.so.20.2.8
7f89bfe53000-7f89bfe90000 r--p 000dc000 08:01 653797                     /usr/lib/x86_64-linux-gnu/libgcrypt.so.20.2.8
7f89bfe90000-7f89bfe92000 r--p 00118000 08:01 653797                     /usr/lib/x86_64-linux-gnu/libgcrypt.so.20.2.8
7f89bfe92000-7f89bfe97000 rw-p 0011a000 08:01 653797                     /usr/lib/x86_64-linux-gnu/libgcrypt.so.20.2.8
7f89bfe97000-7f89bfea2000 r--p 00000000 08:01 656171                     /usr/lib/x86_64-linux-gnu/libzstd.so.1.4.8
7f89bfea2000-7f89bff5d000 r-xp 0000b000 08:01 656171                     /usr/lib/x86_64-linux-gnu/libzstd.so.1.4.8
7f89bff5d000-7f89bff6f000 r--p 000c6000 08:01 656171                     /usr/lib/x86_64-linux-gnu/libzstd.so.1.4.8
7f89bff6f000-7f89bff70000 ---p 000d8000 08:01 656171                     /usr/lib/x86_64-linux-gnu/libzstd.so.1.4.8
7f89bff70000-7f89bff71000 r--p 000d8000 08:01 656171                     /usr/lib/x86_64-linux-gnu/libzstd.so.1.4.8
7f89bff71000-7f89bff72000 rw-p 000d9000 08:01 656171                     /usr/lib/x86_64-linux-gnu/libzstd.so.1.4.8
7f89bff72000-7f89bff75000 r--p 00000000 08:01 653183                     /usr/lib/x86_64-linux-gnu/liblzma.so.5.2.5
7f89bff75000-7f89bff8d000 r-xp 00003000 08:01 653183                     /usr/lib/x86_64-linux-gnu/liblzma.so.5.2.5
7f89bff8d000-7f89bff98000 r--p 0001b000 08:01 653183                     /usr/lib/x86_64-linux-gnu/liblzma.so.5.2.5
7f89bff98000-7f89bff99000 r--p 00025000 08:01 653183                     /usr/lib/x86_64-linux-gnu/liblzma.so.5.2.5
7f89bff99000-7f89bff9a000 rw-p 00026000 08:01 653183                     /usr/lib/x86_64-linux-gnu/liblzma.so.5.2.5
7f89c0000000-7f89c05ba000 rw-p 00000000 00:00 0 
7f89c05ba000-7f89c4000000 ---p 00000000 00:00 0 
7f89c4000000-7f89c40bc000 rw-p 00000000 00:00 0 
7f89c40bc000-7f89c8000000 ---p 00000000 00:00 0 
7f89c8000000-7f89c8021000 rw-p 00000000 00:00 0 
7f89c8021000-7f89cc000000 ---p 00000000 00:00 0 
7f89cc000000-7f89cc021000 rw-p 00000000 00:00 0 
7f89cc021000-7f89d0000000 ---p 00000000 00:00 0 
7f89d0000000-7f89d0031000 rw-p 00000000 00:00 0 
7f89d0031000-7f89d4000000 ---p 00000000 00:00 0 
7f89d4000000-7f89d4021000 rw-p 00000000 00:00 0 
7f89d4021000-7f89d8000000 ---p 00000000 00:00 0 
7f89d8000000-7f89d8021000 rw-p 00000000 00:00 0 
7f89d8021000-7f89dc000000 ---p 00000000 00:00 0 
7f89dc000000-7f89dc021000 rw-p 00000000 00:00 0 
7f89dc021000-7f89e0000000 ---p 00000000 00:00 0 
7f89e0000000-7f89e0d86000 rw-p 00000000 00:00 0 
7f89e0d86000-7f89e4000000 ---p 00000000 00:00 0 
7f89e4000000-7f89e4510000 rw-p 00000000 00:00 0 
7f89e4510000-7f89e8000000 ---p 00000000 00:00 0 
7f89e8000000-7f89e8021000 rw-p 00000000 00:00 0 
7f89e8021000-7f89ec000000 ---p 00000000 00:00 0 
7f89ec000000-7f89ec021000 rw-p 00000000 00:00 0 
7f89ec021000-7f89f0000000 ---p 00000000 00:00 0 
7f89f0000000-7f89f0021000 rw-p 00000000 00:00 0 
7f89f0021000-7f89f4000000 ---p 00000000 00:00 0 
7f89f4000000-7f89f4021000 rw-p 00000000 00:00 0 
7f89f4021000-7f89f8000000 ---p 00000000 00:00 0 
7f89f8000000-7f89f8021000 rw-p 00000000 00:00 0 
7f89f8021000-7f89fc000000 ---p 00000000 00:00 0 
7f89fc000000-7f89fc05b000 rw-p 00000000 00:00 0 
7f89fc05b000-7f8a00000000 ---p 00000000 00:00 0 
7f8a00000000-7f8a00021000 rw-p 00000000 00:00 0 
7f8a00021000-7f8a04000000 ---p 00000000 00:00 0 
7f8a04000000-7f8a04021000 rw-p 00000000 00:00 0 
7f8a04021000-7f8a08000000 ---p 00000000 00:00 0 
7f8a08000000-7f8a08004000 r--p 00000000 08:01 653785                     /usr/lib/x86_64-linux-gnu/libgpg-error.so.0.29.0
7f8a08004000-7f8a08019000 r-xp 00004000 08:01 653785                     /usr/lib/x86_64-linux-gnu/libgpg-error.so.0.29.0
7f8a08019000-7f8a08023000 r--p 00019000 08:01 653785                     /usr/lib/x86_64-linux-gnu/libgpg-error.so.0.29.0
7f8a08023000-7f8a08024000 ---p 00023000 08:01 653785                     /usr/lib/x86_64-linux-gnu/libgpg-error.so.0.29.0
7f8a08024000-7f8a08025000 r--p 00023000 08:01 653785                     /usr/lib/x86_64-linux-gnu/libgpg-error.so.0.29.0
7f8a08025000-7f8a08026000 rw-p 00024000 08:01 653785                     /usr/lib/x86_64-linux-gnu/libgpg-error.so.0.29.0
7f8a08026000-7f8a08038000 r--p 00000000 08:01 656183                     /usr/lib/x86_64-linux-gnu/libsystemd.so.0.30.0
7f8a08038000-7f8a080b0000 r-xp 00012000 08:01 656183                     /usr/lib/x86_64-linux-gnu/libsystemd.so.0.30.0
7f8a080b0000-7f8a080d5000 r--p 0008a000 08:01 656183                     /usr/lib/x86_64-linux-gnu/libsystemd.so.0.30.0
7f8a080d5000-7f8a080d9000 r--p 000ae000 08:01 656183                     /usr/lib/x86_64-linux-gnu/libsystemd.so.0.30.0
7f8a080d9000-7f8a080da000 rw-p 000b2000 08:01 656183                     /usr/lib/x86_64-linux-gnu/libsystemd.so.0.30.0
7f8a080da000-7f8a080db000 rw-p 00000000 00:00 0 
7f8a080db000-7f8a080e8000 r--p 00000000 08:01 655152                     /usr/lib/x86_64-linux-gnu/libdbus-1.so.3.19.13
7f8a080e8000-7f8a08118000 r-xp 0000d000 08:01 655152                     /usr/lib/x86_64-linux-gnu/libdbus-1.so.3.19.13
7f8a08118000-7f8a0812d000 r--p 0003d000 08:01 655152                     /usr/lib/x86_64-linux-gnu/libdbus-1.so.3.19.13
7f8a0812d000-7f8a0812f000 r--p 00051000 08:01 655152                     /usr/lib/x86_64-linux-gnu/libdbus-1.so.3.19.13
7f8a0812f000-7f8a08130000 rw-p 00053000 08:01 655152                     /usr/lib/x86_64-linux-gnu/libdbus-1.so.3.19.13
7f8a08130000-7f8a08136000 r--p 00000000 08:01 678868                     /usr/lib/x86_64-linux-gnu/libpcap.so.1.10.0
7f8a08136000-7f8a0815e000 r-xp 00006000 08:01 678868                     /usr/lib/x86_64-linux-gnu/libpcap.so.1.10.0
7f8a0815e000-7f8a0817a000 r--p 0002e000 08:01 678868                     /usr/lib/x86_64-linux-gnu/libpcap.so.1.10.0
7f8a0817a000-7f8a0817c000 r--p 00049000 08:01 678868                     /usr/lib/x86_64-linux-gnu/libpcap.so.1.10.0
7f8a0817c000-7f8a0817d000 rw-p 0004b000 08:01 678868                     /usr/lib/x86_64-linux-gnu/libpcap.so.1.10.0
7f8a0817d000-7f8a081a6000 r-xp 00000000 08:01 697479                     /usr/lib/libjnetpcap.so
7f8a081a6000-7f8a083a6000 ---p 00029000 08:01 697479                     /usr/lib/libjnetpcap.so
7f8a083a6000-7f8a083a7000 rw-p 00029000 08:01 697479                     /usr/lib/libjnetpcap.so
7f8a083a7000-7f8a0842b000 rw-p 00000000 00:00 0 
7f8a0842b000-7f8a0842f000 ---p 00000000 00:00 0 
7f8a0842f000-7f8a0852c000 rw-p 00000000 00:00 0 
7f8a0852c000-7f8a08530000 ---p 00000000 00:00 0 
7f8a08530000-7f8a0862d000 rw-p 00000000 00:00 0 
7f8a0862d000-7f8a08631000 ---p 00000000 00:00 0 
7f8a08631000-7f8a0872e000 rw-p 00000000 00:00 0 
7f8a0872e000-7f8a08732000 ---p 00000000 00:00 0 
7f8a08732000-7f8a0882f000 rw-p 00000000 00:00 0 
7f8a0882f000-7f8a08830000 ---p 00000000 00:00 0 
7f8a08830000-7f8a08931000 rw-p 00000000 00:00 0 
7f8a08931000-7f8a08935000 ---p 00000000 00:00 0 
7f8a08935000-7f8a08a32000 rw-p 00000000 00:00 0 
7f8a08a32000-7f8a08a36000 ---p 00000000 00:00 0 
7f8a08a36000-7f8a08b33000 rw-p 00000000 00:00 0 
7f8a08b33000-7f8a08b37000 ---p 00000000 00:00 0 
7f8a08b37000-7f8a08c34000 rw-p 00000000 00:00 0 
7f8a08c34000-7f8a08c38000 ---p 00000000 00:00 0 
7f8a08c38000-7f8a08d35000 rw-p 00000000 00:00 0 
7f8a08d35000-7f8a08d39000 ---p 00000000 00:00 0 
7f8a08d39000-7f8a08e36000 rw-p 00000000 00:00 0 
7f8a08e36000-7f8a08e3a000 ---p 00000000 00:00 0 
7f8a08e3a000-7f8a08f37000 rw-p 00000000 00:00 0 
7f8a08f37000-7f8a08f3b000 ---p 00000000 00:00 0 
7f8a08f3b000-7f8a09038000 rw-p 00000000 00:00 0 
7f8a09038000-7f8a0903c000 ---p 00000000 00:00 0 
7f8a0903c000-7f8a09139000 rw-p 00000000 00:00 0 
7f8a09139000-7f8a09420000 r--p 00000000 08:01 653254                     /usr/lib/locale/locale-archive
7f8a09420000-7f8a09424000 ---p 00000000 00:00 0 
7f8a09424000-7f8a09521000 rw-p 00000000 00:00 0 
7f8a09521000-7f8a09525000 ---p 00000000 00:00 0 
7f8a09525000-7f8a09622000 rw-p 00000000 00:00 0 
7f8a09622000-7f8a09623000 ---p 00000000 00:00 0 
7f8a09623000-7f8a09ec0000 rw-p 00000000 00:00 0 
7f8a09ec0000-7f8a0a000000 ---p 00000000 00:00 0 
7f8a0a000000-7f8a0c000000 rw-p 00000000 00:00 0 
7f8a0c000000-7f8a0c021000 rw-p 00000000 00:00 0 
7f8a0c021000-7f8a10000000 ---p 00000000 00:00 0 
7f8a1000c000-7f8a1000d000 ---p 00000000 00:00 0 
7f8a1000d000-7f8a1010e000 rw-p 00000000 00:00 0 
7f8a1010e000-7f8a1010f000 ---p 00000000 00:00 0 
7f8a1010f000-7f8a10400000 rw-p 00000000 00:00 0 
7f8a10400000-7f8a12100000 ---p 00000000 00:00 0 
7f8a12100000-7f8a122f8000 rw-p 00000000 00:00 0 
7f8a122f8000-7f8a13ff8000 ---p 00000000 00:00 0 
7f8a13ff8000-7f8a14000000 rw-p 00000000 00:00 0 
7f8a14000000-7f8a14021000 rw-p 00000000 00:00 0 
7f8a14021000-7f8a18000000 ---p 00000000 00:00 0 
7f8a18001000-7f8a18004000 r--p 00000000 08:01 653822                     /usr/lib/x86_64-linux-gnu/liblz4.so.1.9.3
7f8a18004000-7f8a1801f000 r-xp 00003000 08:01 653822                     /usr/lib/x86_64-linux-gnu/liblz4.so.1.9.3
7f8a1801f000-7f8a18022000 r--p 0001e000 08:01 653822                     /usr/lib/x86_64-linux-gnu/liblz4.so.1.9.3
7f8a18022000-7f8a18023000 r--p 00020000 08:01 653822                     /usr/lib/x86_64-linux-gnu/liblz4.so.1.9.3
7f8a18023000-7f8a18024000 rw-p 00021000 08:01 653822                     /usr/lib/x86_64-linux-gnu/liblz4.so.1.9.3
7f8a18024000-7f8a1865b000 rw-p 00000000 00:00 0 
7f8a1865b000-7f8a1865c000 ---p 00000000 00:00 0 
7f8a1865c000-7f8a1875d000 rw-p 00000000 00:00 0 
7f8a1875d000-7f8a1875e000 ---p 00000000 00:00 0 
7f8a1875e000-7f8a1885f000 rw-p 00000000 00:00 0 
7f8a1885f000-7f8a18acf000 rwxp 00000000 00:00 0 
7f8a18acf000-7f8a18def000 ---p 00000000 00:00 0 
7f8a18def000-7f8a190ef000 rwxp 00000000 00:00 0 
7f8a190ef000-7f8a20327000 ---p 00000000 00:00 0 
7f8a20327000-7f8a20597000 rwxp 00000000 00:00 0 
7f8a20597000-7f8a2785f000 ---p 00000000 00:00 0 
7f8a2785f000-7f8a30000000 r--s 00000000 08:01 799442                     /usr/lib/jvm/java-11-openjdk-amd64/lib/modules
7f8a30000000-7f8a303df000 rw-p 00000000 00:00 0 
7f8a303df000-7f8a34000000 ---p 00000000 00:00 0 
7f8a3401a000-7f8a3401b000 r--p 00000000 08:01 799414                     /usr/lib/jvm/java-11-openjdk-amd64/lib/libextnet.so
7f8a3401b000-7f8a3401c000 r-xp 00001000 08:01 799414                     /usr/lib/jvm/java-11-openjdk-amd64/lib/libextnet.so
7f8a3401c000-7f8a3401d000 r--p 00002000 08:01 799414                     /usr/lib/jvm/java-11-openjdk-amd64/lib/libextnet.so
7f8a3401d000-7f8a3401e000 r--p 00002000 08:01 799414                     /usr/lib/jvm/java-11-openjdk-amd64/lib/libextnet.so
7f8a3401e000-7f8a3401f000 rw-p 00003000 08:01 799414                     /usr/lib/jvm/java-11-openjdk-amd64/lib/libextnet.so
7f8a3401f000-7f8a34023000 r--p 00000000 08:01 799432                     /usr/lib/jvm/java-11-openjdk-amd64/lib/libnet.so
7f8a34023000-7f8a34032000 r-xp 00004000 08:01 799432                     /usr/lib/jvm/java-11-openjdk-amd64/lib/libnet.so
7f8a34032000-7f8a34036000 r--p 00013000 08:01 799432                     /usr/lib/jvm/java-11-openjdk-amd64/lib/libnet.so
7f8a34036000-7f8a34037000 r--p 00016000 08:01 799432                     /usr/lib/jvm/java-11-openjdk-amd64/lib/libnet.so
7f8a34037000-7f8a34038000 rw-p 00017000 08:01 799432                     /usr/lib/jvm/java-11-openjdk-amd64/lib/libnet.so
7f8a34038000-7f8a3403f000 r--p 00000000 08:01 799433                     /usr/lib/jvm/java-11-openjdk-amd64/lib/libnio.so
7f8a3403f000-7f8a34046000 r-xp 00007000 08:01 799433                     /usr/lib/jvm/java-11-openjdk-amd64/lib/libnio.so
7f8a34046000-7f8a34049000 r--p 0000e000 08:01 799433                     /usr/lib/jvm/java-11-openjdk-amd64/lib/libnio.so
7f8a34049000-7f8a3404a000 r--p 00010000 08:01 799433                     /usr/lib/jvm/java-11-openjdk-amd64/lib/libnio.so
7f8a3404a000-7f8a3404b000 rw-p 00011000 08:01 799433                     /usr/lib/jvm/java-11-openjdk-amd64/lib/libnio.so
7f8a3404b000-7f8a3404c000 r--p 00000000 08:01 799413                     /usr/lib/jvm/java-11-openjdk-amd64/lib/libdt_socket.so
7f8a3404c000-7f8a3404f000 r-xp 00001000 08:01 799413                     /usr/lib/jvm/java-11-openjdk-amd64/lib/libdt_socket.so
7f8a3404f000-7f8a34050000 r--p 00004000 08:01 799413                     /usr/lib/jvm/java-11-openjdk-amd64/lib/libdt_socket.so
7f8a34050000-7f8a34051000 ---p 00005000 08:01 799413                     /usr/lib/jvm/java-11-openjdk-amd64/lib/libdt_socket.so
7f8a34051000-7f8a34052000 r--p 00005000 08:01 799413                     /usr/lib/jvm/java-11-openjdk-amd64/lib/libdt_socket.so
7f8a34052000-7f8a34053000 rw-p 00006000 08:01 799413                     /usr/lib/jvm/java-11-openjdk-amd64/lib/libdt_socket.so
7f8a34053000-7f8a3405a000 r--s 00000000 08:01 655748                     /usr/lib/x86_64-linux-gnu/gconv/gconv-modules.cache
7f8a3405a000-7f8a34182000 rw-p 00000000 00:00 0 
7f8a34182000-7f8a34522000 ---p 00000000 00:00 0 
7f8a34522000-7f8a34561000 rw-p 00000000 00:00 0 
7f8a34561000-7f8a34901000 ---p 00000000 00:00 0 
7f8a34901000-7f8a34940000 rw-p 00000000 00:00 0 
7f8a34940000-7f8a34ce0000 ---p 00000000 00:00 0 
7f8a34ce0000-7f8a352e7000 rw-p 00000000 00:00 0 
7f8a352e7000-7f8a352e8000 ---p 00000000 00:00 0 
7f8a352e8000-7f8a353ee000 rw-p 00000000 00:00 0 
7f8a353ee000-7f8a354d4000 ---p 00000000 00:00 0 
7f8a354d4000-7f8a354da000 rw-p 00000000 00:00 0 
7f8a354da000-7f8a355bf000 ---p 00000000 00:00 0 
7f8a355bf000-7f8a355c4000 rw-p 00000000 00:00 0 
7f8a355c4000-7f8a355cb000 ---p 00000000 00:00 0 
7f8a355cb000-7f8a355ce000 r--p 00000000 08:01 653510                     /usr/lib/x86_64-linux-gnu/libnss_files-2.31.so
7f8a355ce000-7f8a355d5000 r-xp 00003000 08:01 653510                     /usr/lib/x86_64-linux-gnu/libnss_files-2.31.so
7f8a355d5000-7f8a355d7000 r--p 0000a000 08:01 653510                     /usr/lib/x86_64-linux-gnu/libnss_files-2.31.so
7f8a355d7000-7f8a355d8000 r--p 0000b000 08:01 653510                     /usr/lib/x86_64-linux-gnu/libnss_files-2.31.so
7f8a355d8000-7f8a355d9000 rw-p 0000c000 08:01 653510                     /usr/lib/x86_64-linux-gnu/libnss_files-2.31.so
7f8a355d9000-7f8a355df000 rw-p 00000000 00:00 0 
7f8a355e3000-7f8a355e5000 r--p 00000000 08:01 799441                     /usr/lib/jvm/java-11-openjdk-amd64/lib/libzip.so
7f8a355e5000-7f8a355e9000 r-xp 00002000 08:01 799441                     /usr/lib/jvm/java-11-openjdk-amd64/lib/libzip.so
7f8a355e9000-7f8a355eb000 r--p 00006000 08:01 799441                     /usr/lib/jvm/java-11-openjdk-amd64/lib/libzip.so
7f8a355eb000-7f8a355ec000 r--p 00007000 08:01 799441                     /usr/lib/jvm/java-11-openjdk-amd64/lib/libzip.so
7f8a355ec000-7f8a355ed000 rw-p 00008000 08:01 799441                     /usr/lib/jvm/java-11-openjdk-amd64/lib/libzip.so
7f8a355ed000-7f8a355f5000 rw-s 00000000 08:01 930010                     /tmp/hsperfdata_root/17201
7f8a355f5000-7f8a355f7000 r--p 00000000 08:01 799423                     /usr/lib/jvm/java-11-openjdk-amd64/lib/libjdwp.so
7f8a355f7000-7f8a35623000 r-xp 00002000 08:01 799423                     /usr/lib/jvm/java-11-openjdk-amd64/lib/libjdwp.so
7f8a35623000-7f8a35631000 r--p 0002e000 08:01 799423                     /usr/lib/jvm/java-11-openjdk-amd64/lib/libjdwp.so
7f8a35631000-7f8a35632000 r--p 0003b000 08:01 799423                     /usr/lib/jvm/java-11-openjdk-amd64/lib/libjdwp.so
7f8a35632000-7f8a35633000 rw-p 0003c000 08:01 799423                     /usr/lib/jvm/java-11-openjdk-amd64/lib/libjdwp.so
7f8a35633000-7f8a35635000 r--p 00000000 08:01 799424                     /usr/lib/jvm/java-11-openjdk-amd64/lib/libjimage.so
7f8a35635000-7f8a35638000 r-xp 00002000 08:01 799424                     /usr/lib/jvm/java-11-openjdk-amd64/lib/libjimage.so
7f8a35638000-7f8a35639000 r--p 00005000 08:01 799424                     /usr/lib/jvm/java-11-openjdk-amd64/lib/libjimage.so
7f8a35639000-7f8a3563a000 ---p 00006000 08:01 799424                     /usr/lib/jvm/java-11-openjdk-amd64/lib/libjimage.so
7f8a3563a000-7f8a3563b000 r--p 00006000 08:01 799424                     /usr/lib/jvm/java-11-openjdk-amd64/lib/libjimage.so
7f8a3563b000-7f8a3563c000 rw-p 00007000 08:01 799424                     /usr/lib/jvm/java-11-openjdk-amd64/lib/libjimage.so
7f8a3563c000-7f8a3564a000 r--p 00000000 08:01 799421                     /usr/lib/jvm/java-11-openjdk-amd64/lib/libjava.so
7f8a3564a000-7f8a3565f000 r-xp 0000e000 08:01 799421                     /usr/lib/jvm/java-11-openjdk-amd64/lib/libjava.so
7f8a3565f000-7f8a35666000 r--p 00023000 08:01 799421                     /usr/lib/jvm/java-11-openjdk-amd64/lib/libjava.so
7f8a35666000-7f8a35667000 r--p 00029000 08:01 799421                     /usr/lib/jvm/java-11-openjdk-amd64/lib/libjava.so
7f8a35667000-7f8a35668000 rw-p 0002a000 08:01 799421                     /usr/lib/jvm/java-11-openjdk-amd64/lib/libjava.so
7f8a35668000-7f8a35669000 rw-p 00000000 00:00 0 
7f8a35669000-7f8a3566c000 r--p 00000000 08:01 653516                     /usr/lib/x86_64-linux-gnu/librt-2.31.so
7f8a3566c000-7f8a35670000 r-xp 00003000 08:01 653516                     /usr/lib/x86_64-linux-gnu/librt-2.31.so
7f8a35670000-7f8a35671000 r--p 00007000 08:01 653516                     /usr/lib/x86_64-linux-gnu/librt-2.31.so
7f8a35671000-7f8a35672000 ---p 00008000 08:01 653516                     /usr/lib/x86_64-linux-gnu/librt-2.31.so
7f8a35672000-7f8a35673000 r--p 00008000 08:01 653516                     /usr/lib/x86_64-linux-gnu/librt-2.31.so
7f8a35673000-7f8a35674000 rw-p 00009000 08:01 653516                     /usr/lib/x86_64-linux-gnu/librt-2.31.so
7f8a35674000-7f8a35678000 ---p 00000000 00:00 0 
7f8a35678000-7f8a35775000 rw-p 00000000 00:00 0 
7f8a35775000-7f8a35778000 r--p 00000000 08:01 652811                     /usr/lib/x86_64-linux-gnu/libgcc_s.so.1
7f8a35778000-7f8a35789000 r-xp 00003000 08:01 652811                     /usr/lib/x86_64-linux-gnu/libgcc_s.so.1
7f8a35789000-7f8a3578d000 r--p 00014000 08:01 652811                     /usr/lib/x86_64-linux-gnu/libgcc_s.so.1
7f8a3578d000-7f8a3578e000 r--p 00017000 08:01 652811                     /usr/lib/x86_64-linux-gnu/libgcc_s.so.1
7f8a3578e000-7f8a3578f000 rw-p 00018000 08:01 652811                     /usr/lib/x86_64-linux-gnu/libgcc_s.so.1
7f8a3578f000-7f8a3579e000 r--p 00000000 08:01 653501                     /usr/lib/x86_64-linux-gnu/libm-2.31.so
7f8a3579e000-7f8a35838000 r-xp 0000f000 08:01 653501                     /usr/lib/x86_64-linux-gnu/libm-2.31.so
7f8a35838000-7f8a358d1000 r--p 000a9000 08:01 653501                     /usr/lib/x86_64-linux-gnu/libm-2.31.so
7f8a358d1000-7f8a358d2000 r--p 00141000 08:01 653501                     /usr/lib/x86_64-linux-gnu/libm-2.31.so
7f8a358d2000-7f8a358d3000 rw-p 00142000 08:01 653501                     /usr/lib/x86_64-linux-gnu/libm-2.31.so
7f8a358d3000-7f8a35969000 r--p 00000000 08:01 656155                     /usr/lib/x86_64-linux-gnu/libstdc++.so.6.0.28
7f8a35969000-7f8a35a45000 r-xp 00096000 08:01 656155                     /usr/lib/x86_64-linux-gnu/libstdc++.so.6.0.28
7f8a35a45000-7f8a35a8f000 r--p 00172000 08:01 656155                     /usr/lib/x86_64-linux-gnu/libstdc++.so.6.0.28
7f8a35a8f000-7f8a35a9a000 r--p 001bb000 08:01 656155                     /usr/lib/x86_64-linux-gnu/libstdc++.so.6.0.28
7f8a35a9a000-7f8a35a9d000 rw-p 001c6000 08:01 656155                     /usr/lib/x86_64-linux-gnu/libstdc++.so.6.0.28
7f8a35a9d000-7f8a35aa0000 rw-p 00000000 00:00 0 
7f8a35aa0000-7f8a35d21000 r--p 00000000 08:01 799447                     /usr/lib/jvm/java-11-openjdk-amd64/lib/server/libjvm.so
7f8a35d21000-7f8a36987000 r-xp 00281000 08:01 799447                     /usr/lib/jvm/java-11-openjdk-amd64/lib/server/libjvm.so
7f8a36987000-7f8a36be5000 r--p 00ee7000 08:01 799447                     /usr/lib/jvm/java-11-openjdk-amd64/lib/server/libjvm.so
7f8a36be5000-7f8a36ca9000 r--p 01144000 08:01 799447                     /usr/lib/jvm/java-11-openjdk-amd64/lib/server/libjvm.so
7f8a36ca9000-7f8a36ce4000 rw-p 01208000 08:01 799447                     /usr/lib/jvm/java-11-openjdk-amd64/lib/server/libjvm.so
7f8a36ce4000-7f8a36d3d000 rw-p 00000000 00:00 0 
7f8a36d3d000-7f8a36d44000 r--p 00000000 08:01 653513                     /usr/lib/x86_64-linux-gnu/libpthread-2.31.so
7f8a36d44000-7f8a36d54000 r-xp 00007000 08:01 653513                     /usr/lib/x86_64-linux-gnu/libpthread-2.31.so
7f8a36d54000-7f8a36d59000 r--p 00017000 08:01 653513                     /usr/lib/x86_64-linux-gnu/libpthread-2.31.so
7f8a36d59000-7f8a36d5a000 r--p 0001b000 08:01 653513                     /usr/lib/x86_64-linux-gnu/libpthread-2.31.so
7f8a36d5a000-7f8a36d5b000 rw-p 0001c000 08:01 653513                     /usr/lib/x86_64-linux-gnu/libpthread-2.31.so
7f8a36d5b000-7f8a36d5f000 rw-p 00000000 00:00 0 
7f8a36d5f000-7f8a36d60000 r--p 00000000 08:01 653500                     /usr/lib/x86_64-linux-gnu/libdl-2.31.so
7f8a36d60000-7f8a36d62000 r-xp 00001000 08:01 653500                     /usr/lib/x86_64-linux-gnu/libdl-2.31.so
7f8a36d62000-7f8a36d63000 r--p 00003000 08:01 653500                     /usr/lib/x86_64-linux-gnu/libdl-2.31.so
7f8a36d63000-7f8a36d64000 r--p 00003000 08:01 653500                     /usr/lib/x86_64-linux-gnu/libdl-2.31.so
7f8a36d64000-7f8a36d65000 rw-p 00004000 08:01 653500                     /usr/lib/x86_64-linux-gnu/libdl-2.31.so
7f8a36d65000-7f8a36d68000 r--p 00000000 08:01 655006                     /usr/lib/x86_64-linux-gnu/libz.so.1.2.11
7f8a36d68000-7f8a36d79000 r-xp 00003000 08:01 655006                     /usr/lib/x86_64-linux-gnu/libz.so.1.2.11
7f8a36d79000-7f8a36d7f000 r--p 00014000 08:01 655006                     /usr/lib/x86_64-linux-gnu/libz.so.1.2.11
7f8a36d7f000-7f8a36d80000 ---p 0001a000 08:01 655006                     /usr/lib/x86_64-linux-gnu/libz.so.1.2.11
7f8a36d80000-7f8a36d81000 r--p 0001a000 08:01 655006                     /usr/lib/x86_64-linux-gnu/libz.so.1.2.11
7f8a36d81000-7f8a36d82000 rw-p 0001b000 08:01 655006                     /usr/lib/x86_64-linux-gnu/libz.so.1.2.11
7f8a36d82000-7f8a36da7000 r--p 00000000 08:01 652826                     /usr/lib/x86_64-linux-gnu/libc-2.31.so
7f8a36da7000-7f8a36ef2000 r-xp 00025000 08:01 652826                     /usr/lib/x86_64-linux-gnu/libc-2.31.so
7f8a36ef2000-7f8a36f3c000 r--p 00170000 08:01 652826                     /usr/lib/x86_64-linux-gnu/libc-2.31.so
7f8a36f3c000-7f8a36f3d000 ---p 001ba000 08:01 652826                     /usr/lib/x86_64-linux-gnu/libc-2.31.so
7f8a36f3d000-7f8a36f40000 r--p 001ba000 08:01 652826                     /usr/lib/x86_64-linux-gnu/libc-2.31.so
7f8a36f40000-7f8a36f43000 rw-p 001bd000 08:01 652826                     /usr/lib/x86_64-linux-gnu/libc-2.31.so
7f8a36f43000-7f8a36f47000 rw-p 00000000 00:00 0 
7f8a36f47000-7f8a36f49000 r--s 0000c000 08:01 1059857                    /usr/share/java/java-atk-wrapper.jar
7f8a36f49000-7f8a36f4a000 ---p 00000000 00:00 0 
7f8a36f4a000-7f8a36f4b000 r--p 00000000 00:00 0 
7f8a36f4b000-7f8a36f50000 r--p 00000000 08:01 799440                     /usr/lib/jvm/java-11-openjdk-amd64/lib/libverify.so
7f8a36f50000-7f8a36f57000 r-xp 00005000 08:01 799440                     /usr/lib/jvm/java-11-openjdk-amd64/lib/libverify.so
7f8a36f57000-7f8a36f59000 r--p 0000c000 08:01 799440                     /usr/lib/jvm/java-11-openjdk-amd64/lib/libverify.so
7f8a36f59000-7f8a36f5a000 ---p 0000e000 08:01 799440                     /usr/lib/jvm/java-11-openjdk-amd64/lib/libverify.so
7f8a36f5a000-7f8a36f5c000 r--p 0000e000 08:01 799440                     /usr/lib/jvm/java-11-openjdk-amd64/lib/libverify.so
7f8a36f5c000-7f8a36f5d000 rw-p 00010000 08:01 799440                     /usr/lib/jvm/java-11-openjdk-amd64/lib/libverify.so
7f8a36f5d000-7f8a36f60000 r--p 00000000 08:01 799406                     /usr/lib/jvm/java-11-openjdk-amd64/lib/jli/libjli.so
7f8a36f60000-7f8a36f6a000 r-xp 00003000 08:01 799406                     /usr/lib/jvm/java-11-openjdk-amd64/lib/jli/libjli.so
7f8a36f6a000-7f8a36f6d000 r--p 0000d000 08:01 799406                     /usr/lib/jvm/java-11-openjdk-amd64/lib/jli/libjli.so
7f8a36f6d000-7f8a36f6e000 ---p 00010000 08:01 799406                     /usr/lib/jvm/java-11-openjdk-amd64/lib/jli/libjli.so
7f8a36f6e000-7f8a36f6f000 r--p 00010000 08:01 799406                     /usr/lib/jvm/java-11-openjdk-amd64/lib/jli/libjli.so
7f8a36f6f000-7f8a36f70000 rw-p 00011000 08:01 799406                     /usr/lib/jvm/java-11-openjdk-amd64/lib/jli/libjli.so
7f8a36f70000-7f8a36f72000 rw-p 00000000 00:00 0 
7f8a36f72000-7f8a36f73000 r--p 00000000 08:01 652821                     /usr/lib/x86_64-linux-gnu/ld-2.31.so
7f8a36f73000-7f8a36f93000 r-xp 00001000 08:01 652821                     /usr/lib/x86_64-linux-gnu/ld-2.31.so
7f8a36f93000-7f8a36f9b000 r--p 00021000 08:01 652821                     /usr/lib/x86_64-linux-gnu/ld-2.31.so
7f8a36f9c000-7f8a36f9d000 r--p 00029000 08:01 652821                     /usr/lib/x86_64-linux-gnu/ld-2.31.so
7f8a36f9d000-7f8a36f9e000 rw-p 0002a000 08:01 652821                     /usr/lib/x86_64-linux-gnu/ld-2.31.so
7f8a36f9e000-7f8a36f9f000 rw-p 00000000 00:00 0 
7fffc51fd000-7fffc521f000 rw-p 00000000 00:00 0                          [stack]
7fffc52c3000-7fffc52c7000 r--p 00000000 00:00 0                          [vvar]
7fffc52c7000-7fffc52c9000 r-xp 00000000 00:00 0                          [vdso]


VM Arguments:
jvm_args: -agentlib:jdwp=transport=dt_socket,server=n,suspend=y,address=127.0.0.1:42069 -Dfile.encoding=UTF-8 -Duser.country=US -Duser.language=en -Duser.variant 
java_command: edu.ncat.susman.ifm.Cmd
java_class_path (initial): /root/Documents/Panda/build/classes/java/main:/root/Documents/Panda/build/resources/main:/root/.m2/repository/org/apache/logging/log4j/log4j-core/2.11.0/log4j-core-2.11.0.jar:/root/.m2/repository/org/slf4j/slf4j-log4j12/1.7.25/slf4j-log4j12-1.7.25.jar:/root/.m2/repository/org/jnetpcap/jnetpcap/1.4.1/jnetpcap-1.4.1.jar:/root/.m2/repository/junit/junit/4.12/junit-4.12.jar:/root/.m2/repository/org/apache/commons/commons-lang3/3.6/commons-lang3-3.6.jar:/root/.m2/repository/org/apache/commons/commons-math3/3.5/commons-math3-3.5.jar:/root/.m2/repository/commons-io/commons-io/2.5/commons-io-2.5.jar:/root/.m2/repository/nz/ac/waikato/cms/weka/weka-stable/3.6.14/weka-stable-3.6.14.jar:/root/.gradle/caches/modules-2/files-2.1/org.jfree/jfreechart/1.5.0/bc7919249bac68c15c433ed51cb798a1bf8cd74e/jfreechart-1.5.0.jar:/root/.m2/repository/com/google/guava/guava/23.6-jre/guava-23.6-jre.jar:/root/.m2/repository/org/apache/tika/tika-core/1.17/tika-core-1.17.jar:/root/.m2/repository/org/apache/logging/log4j/log4j-api/2.11.0/log4j-api-2.11.0.jar:/root/.m2/repository/org/slf4j/slf4j-api/1.7.25/slf4j-api-1.7.25.jar:/root/.m2/repository/log4j/log4j/1.2.17/log4j-1.2.17.jar:/root/.m2/repository/org/hamcrest/hamcrest-core/1.3/hamcrest-core-1.3.jar:/root/.m2/repository/net/sf/squirrel-sql/thirdparty-non-maven/java-cup/0.11a/java-cup-0.11a.jar:/root/.m2/repository/com/google/code/findbugs/jsr305/1.3.9/jsr305-1.3.9.jar:/root/.m2/repository/org/checkerframework/checker-compat-qual/2.0.0/checker-compat-qual-2.0.0.jar:/root/.m2/repository/com/google/errorprone/error_prone_annotations/2.1.3/error_prone_annotations-2.1.3.jar:/root/.m2/repository/com/google/j2objc/j2objc-annotations/1.1/j2objc-annotations-1.1.jar:/root/.m2/repository/org/codehaus/mojo/animal-sniffer-annotations/1.14/animal-sniffer-annotations-1.14.jar
Launcher Type: SUN_STANDARD

[Global flags]
     intx CICompilerCount                          = 3                                         {product} {ergonomic}
     uint ConcGCThreads                            = 2                                         {product} {ergonomic}
     uint G1ConcRefinementThreads                  = 6                                         {product} {ergonomic}
   size_t G1HeapRegionSize                         = 1048576                                   {product} {ergonomic}
    uintx GCDrainStackTargetSize                   = 64                                        {product} {ergonomic}
   size_t InitialHeapSize                          = 130023424                                 {product} {ergonomic}
   size_t MarkStackSize                            = 4194304                                   {product} {ergonomic}
   size_t MaxHeapSize                              = 2078277632                                {product} {ergonomic}
   size_t MaxNewSize                               = 1246756864                                {product} {ergonomic}
   size_t MinHeapDeltaBytes                        = 1048576                                   {product} {ergonomic}
    uintx NonNMethodCodeHeapSize                   = 5830732                                {pd product} {ergonomic}
    uintx NonProfiledCodeHeapSize                  = 122913754                              {pd product} {ergonomic}
    uintx ProfiledCodeHeapSize                     = 122913754                              {pd product} {ergonomic}
    uintx ReservedCodeCacheSize                    = 251658240                              {pd product} {ergonomic}
     bool SegmentedCodeCache                       = true                                      {product} {ergonomic}
     bool UseCompressedClassPointers               = true                                 {lp64_product} {ergonomic}
     bool UseCompressedOops                        = true                                 {lp64_product} {ergonomic}
     bool UseG1GC                                  = true                                      {product} {ergonomic}

Logging:
Log output configuration:
 #0: stdout all=warning uptime,level,tags
 #1: stderr all=off uptime,level,tags

Environment Variables:
PATH=/home/james/.sdkman/candidates/gradle/current/bin:/usr/local/bin:/usr/bin:/bin:/usr/local/games:/usr/games
USERNAME=james
SHELL=/bin/bash
DISPLAY=:0
LANG=en_US.UTF-8

Signal Handlers:
SIGSEGV: [libjvm.so+0xe754c0], sa_mask[0]=11111111011111111101111111111110, sa_flags=SA_RESTART|SA_SIGINFO
SIGBUS: [libjvm.so+0xe754c0], sa_mask[0]=11111111011111111101111111111110, sa_flags=SA_RESTART|SA_SIGINFO
SIGFPE: [libjvm.so+0xe754c0], sa_mask[0]=11111111011111111101111111111110, sa_flags=SA_RESTART|SA_SIGINFO
SIGPIPE: [libjvm.so+0xbc4070], sa_mask[0]=11111111011111111101111111111110, sa_flags=SA_RESTART|SA_SIGINFO
SIGXFSZ: [libjvm.so+0xbc4070], sa_mask[0]=11111111011111111101111111111110, sa_flags=SA_RESTART|SA_SIGINFO
SIGILL: [libjvm.so+0xe754c0], sa_mask[0]=11111111011111111101111111111110, sa_flags=SA_RESTART|SA_SIGINFO
SIGUSR2: [libjvm.so+0xbc3f10], sa_mask[0]=00100000000000000000000000000000, sa_flags=SA_RESTART|SA_SIGINFO
SIGHUP: [libjvm.so+0xbc44a0], sa_mask[0]=11111111011111111101111111111110, sa_flags=SA_RESTART|SA_SIGINFO
SIGINT: [libjvm.so+0xbc44a0], sa_mask[0]=11111111011111111101111111111110, sa_flags=SA_RESTART|SA_SIGINFO
SIGTERM: [libjvm.so+0xbc44a0], sa_mask[0]=11111111011111111101111111111110, sa_flags=SA_RESTART|SA_SIGINFO
SIGQUIT: [libjvm.so+0xbc44a0], sa_mask[0]=11111111011111111101111111111110, sa_flags=SA_RESTART|SA_SIGINFO


---------------  S Y S T E M  ---------------

OS:PRETTY_NAME="Debian GNU/Linux 11 (bullseye)"
NAME="Debian GNU/Linux"
VERSION_ID="11"
VERSION="11 (bullseye)"
VERSION_CODENAME=bullseye
ID=debian
HOME_URL="https://www.debian.org/"
SUPPORT_URL="https://www.debian.org/support"
BUG_REPORT_URL="https://bugs.debian.org/"
uname:Linux 5.10.0-8-amd64 #1 SMP Debian 5.10.46-4 (2021-08-03) x86_64
OS uptime: 0 days 4:25 hours
libc:glibc 2.31 NPTL 2.31 
rlimit (soft/hard): STACK 8192k/infinity , CORE 0k/infinity , NPROC 31525/31525 , NOFILE 1048576/1048576 , AS infinity/infinity , CPU infinity/infinity , DATA infinity/infinity , FSIZE infinity/infinity , MEMLOCK 1014550k/1014550k
load average:1.21 1.61 1.72

/proc/meminfo:
MemTotal:        8116400 kB
MemFree:         1747464 kB
MemAvailable:    2932404 kB
Buffers:           57032 kB
Cached:          1360476 kB
SwapCached:        64800 kB
Active:           939656 kB
Inactive:        5094348 kB
Active(anon):     281412 kB
Inactive(anon):  4379276 kB
Active(file):     658244 kB
Inactive(file):   715072 kB
Unevictable:          16 kB
Mlocked:              16 kB
SwapTotal:        998396 kB
SwapFree:         537772 kB
Dirty:               216 kB
Writeback:             0 kB
AnonPages:       4461872 kB
Mapped:           740788 kB
Shmem:             44192 kB
KReclaimable:      69980 kB
Slab:             154480 kB
SReclaimable:      69980 kB
SUnreclaim:        84500 kB
KernelStack:       18448 kB
PageTables:        32916 kB
NFS_Unstable:          0 kB
Bounce:                0 kB
WritebackTmp:          0 kB
CommitLimit:     5056596 kB
Committed_AS:    9286400 kB
VmallocTotal:   34359738367 kB
VmallocUsed:       35528 kB
VmallocChunk:          0 kB
Percpu:            90112 kB
HardwareCorrupted:     0 kB
AnonHugePages:   2007040 kB
ShmemHugePages:        0 kB
ShmemPmdMapped:        0 kB
FileHugePages:         0 kB
FilePmdMapped:         0 kB
HugePages_Total:       0
HugePages_Free:        0
HugePages_Rsvd:        0
HugePages_Surp:        0
Hugepagesize:       2048 kB
Hugetlb:               0 kB
DirectMap4k:      241536 kB
DirectMap2M:     6049792 kB
DirectMap1G:     4194304 kB

/sys/kernel/mm/transparent_hugepage/enabled:
[always] madvise never
/sys/kernel/mm/transparent_hugepage/defrag (defrag/compaction efforts parameter):
always defer defer+madvise [madvise] never

Process Memory:
Virtual Size: 5580388K (peak: 13465000K)
Resident Set Size: 113708K (peak: 138372K) (anon: 85024K, file: 28684K, shmem: 0K)
Swapped out: 0K
C-Heap outstanding allocations: 8910K

/proc/sys/kernel/threads-max (system-wide limit on the number of threads):
63050
/proc/sys/vm/max_map_count (maximum number of memory map areas a process may have):
65530
/proc/sys/kernel/pid_max (system-wide limit on number of process identifiers):
4194304

VMWare virtualization detected
Steal ticks since vm start: 0
Steal ticks percentage since vm start:  0.000

CPU:total 6 (initial active 6) (3 cores per cpu, 1 threads per core) family 6 model 158 stepping 10 microcode 0xb4, cmov, cx8, fxsr, mmx, sse, sse2, sse3, ssse3, sse4.1, sse4.2, popcnt, avx, avx2, aes, clmul, erms, 3dnowpref, lzcnt, tsc, tscinvbit, bmi1, bmi2, adx, fma
CPU Model and flags from /proc/cpuinfo:
model name	: Intel(R) Core(TM) i7-8700K CPU @ 3.70GHz
flags		: fpu vme de pse tsc msr pae mce cx8 apic sep mtrr pge mca cmov pat pse36 clflush mmx fxsr sse sse2 ss ht syscall nx pdpe1gb rdtscp lm constant_tsc arch_perfmon nopl xtopology tsc_reliable nonstop_tsc cpuid pni pclmulqdq ssse3 fma cx16 pcid sse4_1 sse4_2 x2apic movbe popcnt tsc_deadline_timer aes xsave avx f16c rdrand hypervisor lahf_lm abm 3dnowprefetch cpuid_fault invpcid_single pti ssbd ibrs ibpb stibp fsgsbase tsc_adjust bmi1 avx2 smep bmi2 invpcid rdseed adx smap clflushopt xsaveopt xsavec xgetbv1 xsaves arat md_clear flush_l1d arch_capabilities
Online cpus:
0-5
Offline cpus:
6-127
BIOS frequency limitation:
<Not Available>
Frequency switch latency (ns):
<Not Available>
Available cpu frequencies:
<Not Available>
Current governor:
<Not Available>
Core performance/turbo boost:
<Not Available>

Memory: 4k page, physical 8116400k(1747464k free), swap 998396k(537772k free)

vm_info: OpenJDK 64-Bit Server VM (11.0.12+7-post-Debian-2) for linux-amd64 JRE (11.0.12+7-post-Debian-2), built on Jul 21 2021 07:03:54 by "unknown" with gcc 10.2.1 20210110

END.
