#
# A fatal error has been detected by the Java Runtime Environment:
#
#  SIGSEGV (0xb) at pc=0x00007fb3a3876ea3, pid=11078, tid=11095
#
# JRE version: OpenJDK Runtime Environment (11.0.12+7) (build 11.0.12+7-post-Debian-2)
# Java VM: OpenJDK 64-Bit Server VM (11.0.12+7-post-Debian-2, mixed mode, sharing, tiered, compressed oops, g1 gc, linux-amd64)
# Problematic frame:
# C  [libjimage.so+0x2ea3]
#
# No core dump will be written. Core dumps have been disabled. To enable core dumping, try "ulimit -c unlimited" before starting Java again
#
# If you would like to submit a bug report, please visit:
#   https://bugs.debian.org/openjdk-11
#

---------------  S U M M A R Y ------------

Command Line: -agentlib:jdwp=transport=dt_socket,server=n,suspend=y,address=127.0.0.1:33739 -Dfile.encoding=UTF-8 -Duser.country=US -Duser.language=en -Duser.variant edu.ncat.susman.ifm.Cmd

Host: Intel(R) Core(TM) i7-8700K CPU @ 3.70GHz, 6 cores, 7G, Debian GNU/Linux 11 (bullseye)
Time: Sun Sep 19 15:20:22 2021 EDT elapsed time: 57.433054 seconds (0d 0h 0m 57s)

---------------  T H R E A D  ---------------

Current thread (0x00007fb39c121800):  JavaThread "Signal Dispatcher" daemon [_thread_in_vm, id=11095, stack(0x00007fb36f317000,0x00007fb36f418000)]

Stack: [0x00007fb36f317000,0x00007fb36f418000],  sp=0x00007fb36f4151f0,  free space=1016k
Native frames: (J=compiled Java code, A=aot compiled Java code, j=interpreted, Vv=VM code, C=native code)
C  [libjimage.so+0x2ea3]
C  [libjimage.so+0x3bee]
C  [libjimage.so+0x40b1]  JIMAGE_FindResource+0xe1
V  [libjvm.so+0x5b5f2d]
V  [libjvm.so+0x5b85ed]
V  [libjvm.so+0xdd4c9d]
V  [libjvm.so+0xdd382a]
V  [libjvm.so+0xdd5bf7]
V  [libjvm.so+0x667ba6]
V  [libjvm.so+0x84e492]
j  jdk.internal.misc.Signal.dispatch(I)V+25 java.base@11.0.12
v  ~StubRoutines::call_stub
V  [libjvm.so+0x857991]
V  [libjvm.so+0x8569da]
V  [libjvm.so+0xbbc13b]
V  [libjvm.so+0xe0aa13]
V  [libjvm.so+0xe070fc]
V  [libjvm.so+0xbcdaae]

Java frames: (J=compiled Java code, j=interpreted, Vv=VM code)
j  jdk.internal.misc.Signal.dispatch(I)V+25 java.base@11.0.12
v  ~StubRoutines::call_stub

siginfo: si_signo: 11 (SIGSEGV), si_code: 1 (SEGV_MAPERR), si_addr: 0x00007fb393871530

Register to memory mapping:

RAX=0x00007fb3a387bb30: <offset 0x0000000000007b30> in /usr/lib/jvm/java-11-openjdk-amd64/lib/libjimage.so at 0x00007fb3a3874000
RBX=0x00007fb36f4152a1 is pointing into the stack for thread: 0x00007fb39c121800
RCX=0x00007fb36f4152c3 is pointing into the stack for thread: 0x00007fb39c121800
RDX=0x0000000000004945 is an unknown value
RSP=0x00007fb36f4151f0 is pointing into the stack for thread: 0x00007fb39c121800
RBP=0x00007fb36f415210 is pointing into the stack for thread: 0x00007fb39c121800
RSI=0x00007fb39385f01c is an unknown value
RDI=0x00007fb3a387c030: <offset 0x0000000000008030> in /usr/lib/jvm/java-11-openjdk-amd64/lib/libjimage.so at 0x00007fb3a3874000
R8 =0x00007fb36f416338 is pointing into the stack for thread: 0x00007fb39c121800
R9 =0x00007fb39c123240 points into unknown readable memory: 0x0000000000000002 | 02 00 00 00 00 00 00 00
R10=0x0000000000000031 is an unknown value
R11=0x0 is NULL
R12=0x000000000000844b is an unknown value
R13=0x00007fb36f4152a0 is pointing into the stack for thread: 0x00007fb39c121800
R14=0x0 is NULL
R15=0x00007fb39c122110 points into unknown readable memory: 0x65746e692f6b646a | 6a 64 6b 2f 69 6e 74 65


Registers:
RAX=0x00007fb3a387bb30, RBX=0x00007fb36f4152a1, RCX=0x00007fb36f4152c3, RDX=0x0000000000004945
RSP=0x00007fb36f4151f0, RBP=0x00007fb36f415210, RSI=0x00007fb39385f01c, RDI=0x00007fb3a387c030
R8 =0x00007fb36f416338, R9 =0x00007fb39c123240, R10=0x0000000000000031, R11=0x0000000000000000
R12=0x000000000000844b, R13=0x00007fb36f4152a0, R14=0x0000000000000000, R15=0x00007fb39c122110
RIP=0x00007fb3a3876ea3, EFLAGS=0x0000000000010246, CSGSFS=0x002b000000000033, ERR=0x0000000000000004
  TRAPNO=0x000000000000000e

Top of Stack: (sp=0x00007fb36f4151f0)
0x00007fb36f4151f0:   0000000000000000 00007fb36f416338
0x00007fb36f415200:   00007fb39c00a150 00007fb36f4152a0
0x00007fb36f415210:   00007fb36f415280 00007fb3a3877bee
0x00007fb36f415220:   0000000000000000 0000000000000000 

Instructions: (pc=0x00007fb3a3876ea3)
0x00007fb3a3876da3:   4c 89 5d 98 e8 04 f3 ff ff 4c 8b 5d 98 4d 01 df
0x00007fb3a3876db3:   4d 85 f6 74 08 4c 89 f7 e8 70 f3 ff ff 44 03 65
0x00007fb3a3876dc3:   90 e9 3f fe ff ff 0f 1f 80 00 00 00 00 41 8b 10
0x00007fb3a3876dd3:   41 89 55 00 41 8b 54 00 fc 41 89 54 05 fc e9 7a
0x00007fb3a3876de3:   fc ff ff 66 2e 0f 1f 84 00 00 00 00 00 b9 0a 00
0x00007fb3a3876df3:   00 00 e9 f0 fc ff ff 41 0f b7 54 00 fe 66 41 89
0x00007fb3a3876e03:   54 05 fe e9 55 fc ff ff 0f 1f 44 00 00 0f b6 07
0x00007fb3a3876e13:   89 f2 48 8d 4f 01 84 c0 74 19 0f 1f 00 69 d2 93
0x00007fb3a3876e23:   01 00 01 48 83 c1 01 31 c2 0f b6 41 ff 84 c0 75
0x00007fb3a3876e33:   ec 89 d6 89 f0 25 ff ff ff 7f c3 66 90 48 85 d2
0x00007fb3a3876e43:   0f 84 d6 00 00 00 55 48 89 e5 41 55 41 54 41 89
0x00007fb3a3876e53:   cc 53 48 83 ec 08 85 c9 0f 84 b6 00 00 00 49 89
0x00007fb3a3876e63:   f5 48 89 d6 41 0f b6 55 00 49 8d 5d 01 84 d2 0f
0x00007fb3a3876e73:   84 98 00 00 00 48 89 d9 b8 93 01 00 01 69 c0 93
0x00007fb3a3876e83:   01 00 01 48 83 c1 01 31 d0 0f b6 51 ff 84 d2 75
0x00007fb3a3876e93:   ec 25 ff ff ff 7f 31 d2 41 f7 f4 48 8b 07 89 d2
0x00007fb3a3876ea3:   8b 34 96 ff 50 20 85 c0 7f 1b 74 68 f7 d0 41 89
0x00007fb3a3876eb3:   c0 48 83 c4 08 44 89 c0 5b 41 5c 41 5d 5d c3 66
0x00007fb3a3876ec3:   0f 1f 44 00 00 41 0f b6 4d 00 89 c6 84 c9 74 1b
0x00007fb3a3876ed3:   0f 1f 44 00 00 69 f6 93 01 00 01 48 83 c3 01 31
0x00007fb3a3876ee3:   ce 0f b6 4b ff 84 c9 75 ec 89 f0 25 ff ff ff 7f
0x00007fb3a3876ef3:   31 d2 48 83 c4 08 41 f7 f4 5b 41 5c 41 5d 5d 41
0x00007fb3a3876f03:   89 d0 44 89 c0 c3 0f 1f 80 00 00 00 00 b8 93 01
0x00007fb3a3876f13:   00 01 eb 82 41 b8 ff ff ff ff eb 95 41 83 c8 ff
0x00007fb3a3876f23:   44 89 c0 c3 90 0f 1f 84 00 00 00 00 00 eb 19 66
0x00007fb3a3876f33:   0f 1f 44 00 00 0f b6 16 84 d2 74 13 38 c2 75 1d
0x00007fb3a3876f43:   48 83 c7 01 48 83 c6 01 0f b6 07 84 c0 75 e6 48
0x00007fb3a3876f53:   89 f8 c3 66 2e 0f 1f 84 00 00 00 00 00 31 c0 c3
0x00007fb3a3876f63:   90 66 66 2e 0f 1f 84 00 00 00 00 00 90 49 89 f9
0x00007fb3a3876f73:   49 89 f2 48 85 f6 74 58 41 0f b6 02 84 c0 74 50
0x00007fb3a3876f83:   0f 1f 44 00 00 89 c2 89 c7 83 e0 07 c0 ea 03 49
0x00007fb3a3876f93:   8d 74 02 02 83 e7 07 31 c0 44 0f b6 c2 49 8d 52 


Stack slot to memory mapping:
stack at sp + 0 slots: 0x0 is NULL
stack at sp + 1 slots: 0x00007fb36f416338 is pointing into the stack for thread: 0x00007fb39c121800
stack at sp + 2 slots: 0x00007fb39c00a150 points into unknown readable memory: 0x00007fb348003e80 | 80 3e 00 48 b3 7f 00 00
stack at sp + 3 slots: 0x00007fb36f4152a0 is pointing into the stack for thread: 0x00007fb39c121800
stack at sp + 4 slots: 0x00007fb36f415280 is pointing into the stack for thread: 0x00007fb39c121800
stack at sp + 5 slots: 0x00007fb3a3877bee: <offset 0x0000000000003bee> in /usr/lib/jvm/java-11-openjdk-amd64/lib/libjimage.so at 0x00007fb3a3874000
stack at sp + 6 slots: 0x0 is NULL
stack at sp + 7 slots: 0x0 is NULL


---------------  P R O C E S S  ---------------

Threads class SMR info:
_java_thread_list=0x00007fb3400018b0, length=14, elements={
0x00007fb39c017800, 0x00007fb39c11a000, 0x00007fb39c11c000, 0x00007fb39c121800,
0x00007fb39c123800, 0x00007fb39c125800, 0x00007fb39c127800, 0x00007fb39c129800,
0x00007fb39c17d800, 0x00007fb39c181800, 0x00007fb39c188000, 0x00007fb39c3a1800,
0x00007fb39c3be800, 0x00007fb39c3a3800
}

Java Threads: ( => current thread )
  0x00007fb39c017800 JavaThread "main" [_thread_blocked, id=11084, stack(0x00007fb3a38b5000,0x00007fb3a39b6000)]
  0x00007fb39c11a000 JavaThread "Reference Handler" daemon [_thread_blocked, id=11093, stack(0x00007fb37c007000,0x00007fb37c108000)]
  0x00007fb39c11c000 JavaThread "Finalizer" daemon [_thread_blocked, id=11094, stack(0x00007fb36f6ff000,0x00007fb36f800000)]
=>0x00007fb39c121800 JavaThread "Signal Dispatcher" daemon [_thread_in_vm, id=11095, stack(0x00007fb36f317000,0x00007fb36f418000)]
  0x00007fb39c123800 JavaThread "Service Thread" daemon [_thread_blocked, id=11096, stack(0x00007fb36f216000,0x00007fb36f317000)]
  0x00007fb39c125800 JavaThread "C2 CompilerThread0" daemon [_thread_blocked, id=11097, stack(0x00007fb36f115000,0x00007fb36f216000)]
  0x00007fb39c127800 JavaThread "C1 CompilerThread0" daemon [_thread_blocked, id=11098, stack(0x00007fb36f014000,0x00007fb36f115000)]
  0x00007fb39c129800 JavaThread "Sweeper thread" daemon [_thread_blocked, id=11099, stack(0x00007fb36ef13000,0x00007fb36f014000)]
  0x00007fb39c17d800 JavaThread "JDWP Transport Listener: dt_socket" daemon [_thread_in_native, id=11100, stack(0x00007fb36ee12000,0x00007fb36ef13000)]
  0x00007fb39c181800 JavaThread "JDWP Event Helper Thread" daemon [_thread_blocked, id=11102, stack(0x00007fb36ed11000,0x00007fb36ee12000)]
  0x00007fb39c188000 JavaThread "Common-Cleaner" daemon [_thread_blocked, id=11106, stack(0x00007fb36ea0d000,0x00007fb36eb0e000)]
  0x00007fb39c3a1800 JavaThread "pool-2-thread-1" [_thread_in_Java, id=11107, stack(0x00007fb36e8af000,0x00007fb36e9b0000)]
  0x00007fb39c3be800 JavaThread "DisposableGC" daemon [_thread_blocked, id=11108, stack(0x00007fb36e127000,0x00007fb36e228000)]
  0x00007fb39c3a3800 JavaThread "Thread-1" [_thread_in_native, id=11114, stack(0x00007fb36db1e000,0x00007fb36dc1f000)]

Other Threads:
  0x00007fb39c117000 VMThread "VM Thread" [stack: 0x00007fb384011000,0x00007fb384111000] [id=11092]
  0x00007fb39c184000 WatcherThread [stack: 0x00007fb36eb10000,0x00007fb36ec10000] [id=11105]
  0x00007fb39c02f800 GCTaskThread "GC Thread#0" [stack: 0x00007fb3a352a000,0x00007fb3a362a000] [id=11085]
  0x00007fb364001000 GCTaskThread "GC Thread#1" [stack: 0x00007fb36de25000,0x00007fb36df25000] [id=11109]
  0x00007fb364002800 GCTaskThread "GC Thread#2" [stack: 0x00007fb36dd23000,0x00007fb36de23000] [id=11110]
  0x00007fb364004000 GCTaskThread "GC Thread#3" [stack: 0x00007fb36dc21000,0x00007fb36dd21000] [id=11111]
  0x00007fb364007000 GCTaskThread "GC Thread#4" [stack: 0x00007fb36d81e000,0x00007fb36d91e000] [id=11115]
  0x00007fb364008000 GCTaskThread "GC Thread#5" [stack: 0x00007fb36d71c000,0x00007fb36d81c000] [id=11116]
  0x00007fb39c061000 ConcurrentGCThread "G1 Main Marker" [stack: 0x00007fb3a030d000,0x00007fb3a040d000] [id=11086]
  0x00007fb39c063000 ConcurrentGCThread "G1 Conc#0" [stack: 0x00007fb3a020b000,0x00007fb3a030b000] [id=11087]
  0x00007fb39c0e3800 ConcurrentGCThread "G1 Refine#0" [stack: 0x00007fb38435b000,0x00007fb38445b000] [id=11088]
  0x00007fb39c0e5800 ConcurrentGCThread "G1 Young RemSet Sampling" [stack: 0x00007fb384259000,0x00007fb384359000] [id=11089]

Threads with active compile tasks:

VM state:not at safepoint (normal execution)

VM Mutex/Monitor currently owned by a thread: None

Heap address: 0x0000000084200000, size: 1982 MB, Compressed Oops mode: 32-bit
Narrow klass base: 0x0000000800000000, Narrow klass shift: 3
Compressed class space size: 1073741824 Address: 0x0000000840000000

Heap:
 garbage-first heap   total 129024K, used 40485K [0x0000000084200000, 0x0000000100000000)
  region size 1024K, 37 young (37888K), 1 survivors (1024K)
 Metaspace       used 4892K, capacity 6439K, committed 6656K, reserved 1056768K
  class space    used 598K, capacity 760K, committed 768K, reserved 1048576K
Heap Regions: E=young(eden), S=young(survivor), O=old, HS=humongous(starts), HC=humongous(continues), CS=collection set, F=free, A=archive, TAMS=top-at-mark-start (previous, next)
|   0|0x0000000084200000, 0x0000000084300000, 0x0000000084300000|100%| O|  |TAMS 0x0000000084200000, 0x0000000084200000| Untracked 
|   1|0x0000000084300000, 0x0000000084400000, 0x0000000084400000|100%| O|  |TAMS 0x0000000084300000, 0x0000000084300000| Untracked 
|   2|0x0000000084400000, 0x0000000084500000, 0x0000000084500000|100%| O|  |TAMS 0x0000000084400000, 0x0000000084400000| Untracked 
|   3|0x0000000084500000, 0x000000008451e200, 0x0000000084600000| 11%| O|  |TAMS 0x0000000084500000, 0x0000000084500000| Untracked 
|   4|0x0000000084600000, 0x0000000084600000, 0x0000000084700000|  0%| F|  |TAMS 0x0000000084600000, 0x0000000084600000| Untracked 
|   5|0x0000000084700000, 0x0000000084700000, 0x0000000084800000|  0%| F|  |TAMS 0x0000000084700000, 0x0000000084700000| Untracked 
|   6|0x0000000084800000, 0x0000000084800000, 0x0000000084900000|  0%| F|  |TAMS 0x0000000084800000, 0x0000000084800000| Untracked 
|   7|0x0000000084900000, 0x0000000084900000, 0x0000000084a00000|  0%| F|  |TAMS 0x0000000084900000, 0x0000000084900000| Untracked 
|   8|0x0000000084a00000, 0x0000000084a00000, 0x0000000084b00000|  0%| F|  |TAMS 0x0000000084a00000, 0x0000000084a00000| Untracked 
|   9|0x0000000084b00000, 0x0000000084b00000, 0x0000000084c00000|  0%| F|  |TAMS 0x0000000084b00000, 0x0000000084b00000| Untracked 
|  10|0x0000000084c00000, 0x0000000084c00000, 0x0000000084d00000|  0%| F|  |TAMS 0x0000000084c00000, 0x0000000084c00000| Untracked 
|  11|0x0000000084d00000, 0x0000000084d00000, 0x0000000084e00000|  0%| F|  |TAMS 0x0000000084d00000, 0x0000000084d00000| Untracked 
|  12|0x0000000084e00000, 0x0000000084e00000, 0x0000000084f00000|  0%| F|  |TAMS 0x0000000084e00000, 0x0000000084e00000| Untracked 
|  13|0x0000000084f00000, 0x0000000084f00000, 0x0000000085000000|  0%| F|  |TAMS 0x0000000084f00000, 0x0000000084f00000| Untracked 
|  14|0x0000000085000000, 0x0000000085000000, 0x0000000085100000|  0%| F|  |TAMS 0x0000000085000000, 0x0000000085000000| Untracked 
|  15|0x0000000085100000, 0x0000000085100000, 0x0000000085200000|  0%| F|  |TAMS 0x0000000085100000, 0x0000000085100000| Untracked 
|  16|0x0000000085200000, 0x0000000085200000, 0x0000000085300000|  0%| F|  |TAMS 0x0000000085200000, 0x0000000085200000| Untracked 
|  17|0x0000000085300000, 0x0000000085300000, 0x0000000085400000|  0%| F|  |TAMS 0x0000000085300000, 0x0000000085300000| Untracked 
|  18|0x0000000085400000, 0x0000000085400000, 0x0000000085500000|  0%| F|  |TAMS 0x0000000085400000, 0x0000000085400000| Untracked 
|  19|0x0000000085500000, 0x0000000085500000, 0x0000000085600000|  0%| F|  |TAMS 0x0000000085500000, 0x0000000085500000| Untracked 
|  20|0x0000000085600000, 0x0000000085600000, 0x0000000085700000|  0%| F|  |TAMS 0x0000000085600000, 0x0000000085600000| Untracked 
|  21|0x0000000085700000, 0x0000000085700000, 0x0000000085800000|  0%| F|  |TAMS 0x0000000085700000, 0x0000000085700000| Untracked 
|  22|0x0000000085800000, 0x0000000085800000, 0x0000000085900000|  0%| F|  |TAMS 0x0000000085800000, 0x0000000085800000| Untracked 
|  23|0x0000000085900000, 0x0000000085900000, 0x0000000085a00000|  0%| F|  |TAMS 0x0000000085900000, 0x0000000085900000| Untracked 
|  24|0x0000000085a00000, 0x0000000085a00000, 0x0000000085b00000|  0%| F|  |TAMS 0x0000000085a00000, 0x0000000085a00000| Untracked 
|  25|0x0000000085b00000, 0x0000000085b00000, 0x0000000085c00000|  0%| F|  |TAMS 0x0000000085b00000, 0x0000000085b00000| Untracked 
|  26|0x0000000085c00000, 0x0000000085c00000, 0x0000000085d00000|  0%| F|  |TAMS 0x0000000085c00000, 0x0000000085c00000| Untracked 
|  27|0x0000000085d00000, 0x0000000085d00000, 0x0000000085e00000|  0%| F|  |TAMS 0x0000000085d00000, 0x0000000085d00000| Untracked 
|  28|0x0000000085e00000, 0x0000000085e00000, 0x0000000085f00000|  0%| F|  |TAMS 0x0000000085e00000, 0x0000000085e00000| Untracked 
|  29|0x0000000085f00000, 0x0000000085f00000, 0x0000000086000000|  0%| F|  |TAMS 0x0000000085f00000, 0x0000000085f00000| Untracked 
|  30|0x0000000086000000, 0x0000000086000000, 0x0000000086100000|  0%| F|  |TAMS 0x0000000086000000, 0x0000000086000000| Untracked 
|  31|0x0000000086100000, 0x0000000086100000, 0x0000000086200000|  0%| F|  |TAMS 0x0000000086100000, 0x0000000086100000| Untracked 
|  32|0x0000000086200000, 0x0000000086200000, 0x0000000086300000|  0%| F|  |TAMS 0x0000000086200000, 0x0000000086200000| Untracked 
|  33|0x0000000086300000, 0x0000000086300000, 0x0000000086400000|  0%| F|  |TAMS 0x0000000086300000, 0x0000000086300000| Untracked 
|  34|0x0000000086400000, 0x0000000086400000, 0x0000000086500000|  0%| F|  |TAMS 0x0000000086400000, 0x0000000086400000| Untracked 
|  35|0x0000000086500000, 0x0000000086500000, 0x0000000086600000|  0%| F|  |TAMS 0x0000000086500000, 0x0000000086500000| Untracked 
|  36|0x0000000086600000, 0x0000000086600000, 0x0000000086700000|  0%| F|  |TAMS 0x0000000086600000, 0x0000000086600000| Untracked 
|  37|0x0000000086700000, 0x0000000086700000, 0x0000000086800000|  0%| F|  |TAMS 0x0000000086700000, 0x0000000086700000| Untracked 
|  38|0x0000000086800000, 0x0000000086800000, 0x0000000086900000|  0%| F|  |TAMS 0x0000000086800000, 0x0000000086800000| Untracked 
|  39|0x0000000086900000, 0x0000000086900000, 0x0000000086a00000|  0%| F|  |TAMS 0x0000000086900000, 0x0000000086900000| Untracked 
|  40|0x0000000086a00000, 0x0000000086a00000, 0x0000000086b00000|  0%| F|  |TAMS 0x0000000086a00000, 0x0000000086a00000| Untracked 
|  41|0x0000000086b00000, 0x0000000086b00000, 0x0000000086c00000|  0%| F|  |TAMS 0x0000000086b00000, 0x0000000086b00000| Untracked 
|  42|0x0000000086c00000, 0x0000000086c00000, 0x0000000086d00000|  0%| F|  |TAMS 0x0000000086c00000, 0x0000000086c00000| Untracked 
|  43|0x0000000086d00000, 0x0000000086d00000, 0x0000000086e00000|  0%| F|  |TAMS 0x0000000086d00000, 0x0000000086d00000| Untracked 
|  44|0x0000000086e00000, 0x0000000086e00000, 0x0000000086f00000|  0%| F|  |TAMS 0x0000000086e00000, 0x0000000086e00000| Untracked 
|  45|0x0000000086f00000, 0x0000000086f00000, 0x0000000087000000|  0%| F|  |TAMS 0x0000000086f00000, 0x0000000086f00000| Untracked 
|  46|0x0000000087000000, 0x0000000087000000, 0x0000000087100000|  0%| F|  |TAMS 0x0000000087000000, 0x0000000087000000| Untracked 
|  47|0x0000000087100000, 0x0000000087100000, 0x0000000087200000|  0%| F|  |TAMS 0x0000000087100000, 0x0000000087100000| Untracked 
|  48|0x0000000087200000, 0x0000000087200000, 0x0000000087300000|  0%| F|  |TAMS 0x0000000087200000, 0x0000000087200000| Untracked 
|  49|0x0000000087300000, 0x00000000873b9400, 0x0000000087400000| 72%| S|CS|TAMS 0x0000000087300000, 0x0000000087300000| Complete 
|  50|0x0000000087400000, 0x0000000087400000, 0x0000000087500000|  0%| F|  |TAMS 0x0000000087400000, 0x0000000087400000| Untracked 
|  51|0x0000000087500000, 0x0000000087500000, 0x0000000087600000|  0%| F|  |TAMS 0x0000000087500000, 0x0000000087500000| Untracked 
|  52|0x0000000087600000, 0x0000000087600000, 0x0000000087700000|  0%| F|  |TAMS 0x0000000087600000, 0x0000000087600000| Untracked 
|  53|0x0000000087700000, 0x0000000087700000, 0x0000000087800000|  0%| F|  |TAMS 0x0000000087700000, 0x0000000087700000| Untracked 
|  54|0x0000000087800000, 0x0000000087800000, 0x0000000087900000|  0%| F|  |TAMS 0x0000000087800000, 0x0000000087800000| Untracked 
|  55|0x0000000087900000, 0x0000000087900000, 0x0000000087a00000|  0%| F|  |TAMS 0x0000000087900000, 0x0000000087900000| Untracked 
|  56|0x0000000087a00000, 0x0000000087a00000, 0x0000000087b00000|  0%| F|  |TAMS 0x0000000087a00000, 0x0000000087a00000| Untracked 
|  57|0x0000000087b00000, 0x0000000087b00000, 0x0000000087c00000|  0%| F|  |TAMS 0x0000000087b00000, 0x0000000087b00000| Untracked 
|  58|0x0000000087c00000, 0x0000000087c00000, 0x0000000087d00000|  0%| F|  |TAMS 0x0000000087c00000, 0x0000000087c00000| Untracked 
|  59|0x0000000087d00000, 0x0000000087d00000, 0x0000000087e00000|  0%| F|  |TAMS 0x0000000087d00000, 0x0000000087d00000| Untracked 
|  60|0x0000000087e00000, 0x0000000087e00000, 0x0000000087f00000|  0%| F|  |TAMS 0x0000000087e00000, 0x0000000087e00000| Untracked 
|  61|0x0000000087f00000, 0x0000000087f00000, 0x0000000088000000|  0%| F|  |TAMS 0x0000000087f00000, 0x0000000087f00000| Untracked 
|  62|0x0000000088000000, 0x0000000088000000, 0x0000000088100000|  0%| F|  |TAMS 0x0000000088000000, 0x0000000088000000| Untracked 
|  63|0x0000000088100000, 0x0000000088100000, 0x0000000088200000|  0%| F|  |TAMS 0x0000000088100000, 0x0000000088100000| Untracked 
|  64|0x0000000088200000, 0x0000000088200000, 0x0000000088300000|  0%| F|  |TAMS 0x0000000088200000, 0x0000000088200000| Untracked 
|  65|0x0000000088300000, 0x0000000088300000, 0x0000000088400000|  0%| F|  |TAMS 0x0000000088300000, 0x0000000088300000| Untracked 
|  66|0x0000000088400000, 0x0000000088400000, 0x0000000088500000|  0%| F|  |TAMS 0x0000000088400000, 0x0000000088400000| Untracked 
|  67|0x0000000088500000, 0x0000000088500000, 0x0000000088600000|  0%| F|  |TAMS 0x0000000088500000, 0x0000000088500000| Untracked 
|  68|0x0000000088600000, 0x0000000088600000, 0x0000000088700000|  0%| F|  |TAMS 0x0000000088600000, 0x0000000088600000| Untracked 
|  69|0x0000000088700000, 0x0000000088700000, 0x0000000088800000|  0%| F|  |TAMS 0x0000000088700000, 0x0000000088700000| Untracked 
|  70|0x0000000088800000, 0x0000000088800000, 0x0000000088900000|  0%| F|  |TAMS 0x0000000088800000, 0x0000000088800000| Untracked 
|  71|0x0000000088900000, 0x0000000088900000, 0x0000000088a00000|  0%| F|  |TAMS 0x0000000088900000, 0x0000000088900000| Untracked 
|  72|0x0000000088a00000, 0x0000000088a00000, 0x0000000088b00000|  0%| F|  |TAMS 0x0000000088a00000, 0x0000000088a00000| Untracked 
|  73|0x0000000088b00000, 0x0000000088b00000, 0x0000000088c00000|  0%| F|  |TAMS 0x0000000088b00000, 0x0000000088b00000| Untracked 
|  74|0x0000000088c00000, 0x0000000088c00000, 0x0000000088d00000|  0%| F|  |TAMS 0x0000000088c00000, 0x0000000088c00000| Untracked 
|  75|0x0000000088d00000, 0x0000000088d00000, 0x0000000088e00000|  0%| F|  |TAMS 0x0000000088d00000, 0x0000000088d00000| Untracked 
|  76|0x0000000088e00000, 0x0000000088e00000, 0x0000000088f00000|  0%| F|  |TAMS 0x0000000088e00000, 0x0000000088e00000| Untracked 
|  77|0x0000000088f00000, 0x0000000088f00000, 0x0000000089000000|  0%| F|  |TAMS 0x0000000088f00000, 0x0000000088f00000| Untracked 
|  78|0x0000000089000000, 0x0000000089000000, 0x0000000089100000|  0%| F|  |TAMS 0x0000000089000000, 0x0000000089000000| Untracked 
|  79|0x0000000089100000, 0x0000000089100000, 0x0000000089200000|  0%| F|  |TAMS 0x0000000089100000, 0x0000000089100000| Untracked 
|  80|0x0000000089200000, 0x0000000089200000, 0x0000000089300000|  0%| F|  |TAMS 0x0000000089200000, 0x0000000089200000| Untracked 
|  81|0x0000000089300000, 0x0000000089300000, 0x0000000089400000|  0%| F|  |TAMS 0x0000000089300000, 0x0000000089300000| Untracked 
|  82|0x0000000089400000, 0x0000000089400000, 0x0000000089500000|  0%| F|  |TAMS 0x0000000089400000, 0x0000000089400000| Untracked 
|  83|0x0000000089500000, 0x0000000089500000, 0x0000000089600000|  0%| F|  |TAMS 0x0000000089500000, 0x0000000089500000| Untracked 
|  84|0x0000000089600000, 0x0000000089600000, 0x0000000089700000|  0%| F|  |TAMS 0x0000000089600000, 0x0000000089600000| Untracked 
|  85|0x0000000089700000, 0x0000000089700000, 0x0000000089800000|  0%| F|  |TAMS 0x0000000089700000, 0x0000000089700000| Untracked 
|  86|0x0000000089800000, 0x0000000089800000, 0x0000000089900000|  0%| F|  |TAMS 0x0000000089800000, 0x0000000089800000| Untracked 
|  87|0x0000000089900000, 0x0000000089900000, 0x0000000089a00000|  0%| F|  |TAMS 0x0000000089900000, 0x0000000089900000| Untracked 
|  88|0x0000000089a00000, 0x0000000089a80800, 0x0000000089b00000| 50%| E|  |TAMS 0x0000000089a00000, 0x0000000089a00000| Complete 
|  89|0x0000000089b00000, 0x0000000089c00000, 0x0000000089c00000|100%| E|CS|TAMS 0x0000000089b00000, 0x0000000089b00000| Complete 
|  90|0x0000000089c00000, 0x0000000089d00000, 0x0000000089d00000|100%| E|CS|TAMS 0x0000000089c00000, 0x0000000089c00000| Complete 
|  91|0x0000000089d00000, 0x0000000089e00000, 0x0000000089e00000|100%| E|CS|TAMS 0x0000000089d00000, 0x0000000089d00000| Complete 
|  92|0x0000000089e00000, 0x0000000089f00000, 0x0000000089f00000|100%| E|CS|TAMS 0x0000000089e00000, 0x0000000089e00000| Complete 
|  93|0x0000000089f00000, 0x000000008a000000, 0x000000008a000000|100%| E|CS|TAMS 0x0000000089f00000, 0x0000000089f00000| Complete 
|  94|0x000000008a000000, 0x000000008a100000, 0x000000008a100000|100%| E|CS|TAMS 0x000000008a000000, 0x000000008a000000| Complete 
|  95|0x000000008a100000, 0x000000008a200000, 0x000000008a200000|100%| E|CS|TAMS 0x000000008a100000, 0x000000008a100000| Complete 
|  96|0x000000008a200000, 0x000000008a300000, 0x000000008a300000|100%| E|CS|TAMS 0x000000008a200000, 0x000000008a200000| Complete 
|  97|0x000000008a300000, 0x000000008a400000, 0x000000008a400000|100%| E|CS|TAMS 0x000000008a300000, 0x000000008a300000| Complete 
|  98|0x000000008a400000, 0x000000008a500000, 0x000000008a500000|100%| E|CS|TAMS 0x000000008a400000, 0x000000008a400000| Complete 
|  99|0x000000008a500000, 0x000000008a600000, 0x000000008a600000|100%| E|CS|TAMS 0x000000008a500000, 0x000000008a500000| Complete 
| 100|0x000000008a600000, 0x000000008a700000, 0x000000008a700000|100%| E|CS|TAMS 0x000000008a600000, 0x000000008a600000| Complete 
| 101|0x000000008a700000, 0x000000008a800000, 0x000000008a800000|100%| E|CS|TAMS 0x000000008a700000, 0x000000008a700000| Complete 
| 102|0x000000008a800000, 0x000000008a900000, 0x000000008a900000|100%| E|CS|TAMS 0x000000008a800000, 0x000000008a800000| Complete 
| 103|0x000000008a900000, 0x000000008aa00000, 0x000000008aa00000|100%| E|CS|TAMS 0x000000008a900000, 0x000000008a900000| Complete 
| 104|0x000000008aa00000, 0x000000008ab00000, 0x000000008ab00000|100%| E|CS|TAMS 0x000000008aa00000, 0x000000008aa00000| Complete 
| 105|0x000000008ab00000, 0x000000008ac00000, 0x000000008ac00000|100%| E|CS|TAMS 0x000000008ab00000, 0x000000008ab00000| Complete 
| 106|0x000000008ac00000, 0x000000008ad00000, 0x000000008ad00000|100%| E|CS|TAMS 0x000000008ac00000, 0x000000008ac00000| Complete 
| 107|0x000000008ad00000, 0x000000008ae00000, 0x000000008ae00000|100%| E|CS|TAMS 0x000000008ad00000, 0x000000008ad00000| Complete 
| 108|0x000000008ae00000, 0x000000008af00000, 0x000000008af00000|100%| E|CS|TAMS 0x000000008ae00000, 0x000000008ae00000| Complete 
| 109|0x000000008af00000, 0x000000008b000000, 0x000000008b000000|100%| E|CS|TAMS 0x000000008af00000, 0x000000008af00000| Complete 
| 110|0x000000008b000000, 0x000000008b100000, 0x000000008b100000|100%| E|CS|TAMS 0x000000008b000000, 0x000000008b000000| Complete 
| 111|0x000000008b100000, 0x000000008b200000, 0x000000008b200000|100%| E|CS|TAMS 0x000000008b100000, 0x000000008b100000| Complete 
| 112|0x000000008b200000, 0x000000008b300000, 0x000000008b300000|100%| E|CS|TAMS 0x000000008b200000, 0x000000008b200000| Complete 
| 113|0x000000008b300000, 0x000000008b400000, 0x000000008b400000|100%| E|CS|TAMS 0x000000008b300000, 0x000000008b300000| Complete 
| 114|0x000000008b400000, 0x000000008b500000, 0x000000008b500000|100%| E|CS|TAMS 0x000000008b400000, 0x000000008b400000| Complete 
| 115|0x000000008b500000, 0x000000008b600000, 0x000000008b600000|100%| E|CS|TAMS 0x000000008b500000, 0x000000008b500000| Complete 
| 116|0x000000008b600000, 0x000000008b700000, 0x000000008b700000|100%| E|CS|TAMS 0x000000008b600000, 0x000000008b600000| Complete 
| 117|0x000000008b700000, 0x000000008b800000, 0x000000008b800000|100%| E|CS|TAMS 0x000000008b700000, 0x000000008b700000| Complete 
| 118|0x000000008b800000, 0x000000008b900000, 0x000000008b900000|100%| E|CS|TAMS 0x000000008b800000, 0x000000008b800000| Complete 
| 119|0x000000008b900000, 0x000000008ba00000, 0x000000008ba00000|100%| E|CS|TAMS 0x000000008b900000, 0x000000008b900000| Complete 
| 120|0x000000008ba00000, 0x000000008bb00000, 0x000000008bb00000|100%| E|CS|TAMS 0x000000008ba00000, 0x000000008ba00000| Complete 
| 121|0x000000008bb00000, 0x000000008bc00000, 0x000000008bc00000|100%| E|CS|TAMS 0x000000008bb00000, 0x000000008bb00000| Complete 
| 122|0x000000008bc00000, 0x000000008bd00000, 0x000000008bd00000|100%| E|CS|TAMS 0x000000008bc00000, 0x000000008bc00000| Complete 
| 123|0x000000008bd00000, 0x000000008be00000, 0x000000008be00000|100%| E|CS|TAMS 0x000000008bd00000, 0x000000008bd00000| Complete 
|1980|0x00000000ffe00000, 0x00000000ffe47000, 0x00000000fff00000| 27%|OA|  |TAMS 0x00000000ffe00000, 0x00000000ffe00000| Untracked 
|1981|0x00000000fff00000, 0x00000000fff6b000, 0x0000000100000000| 41%|CA|  |TAMS 0x00000000fff00000, 0x00000000fff00000| Untracked 

Card table byte_map: [0x00007fb3a2764000,0x00007fb3a2b43000] _byte_map_base: 0x00007fb3a2343000

Marking Bits (Prev, Next): (CMBitMap*) 0x00007fb39c0587f8, (CMBitMap*) 0x00007fb39c058830
 Prev Bits: [0x00007fb3a048d000, 0x00007fb3a2385000)
 Next Bits: [0x00007fb37e108000, 0x00007fb380000000)

Polling page: 0x00007fb3a518a000

Metaspace:

Usage:
  Non-class:      5.55 MB capacity,     4.19 MB ( 76%) used,     1.34 MB ( 24%) free+waste,    10.69 KB ( <1%) overhead. 
      Class:    760.00 KB capacity,   598.75 KB ( 79%) used,   155.44 KB ( 20%) free+waste,     5.81 KB ( <1%) overhead. 
       Both:      6.29 MB capacity,     4.78 MB ( 76%) used,     1.49 MB ( 24%) free+waste,    16.50 KB ( <1%) overhead. 

Virtual space:
  Non-class space:        8.00 MB reserved,       5.75 MB ( 72%) committed 
      Class space:        1.00 GB reserved,     768.00 KB ( <1%) committed 
             Both:        1.01 GB reserved,       6.50 MB ( <1%) committed 

Chunk freelists:
   Non-Class:  17.00 KB
       Class:  8.00 KB
        Both:  25.00 KB

MaxMetaspaceSize: unlimited
CompressedClassSpaceSize: 1.00 GB
Initial GC threshold: 20.80 MB
Current GC threshold: 20.80 MB
CDS: on

CodeHeap 'non-profiled nmethods': size=120032Kb used=418Kb max_used=418Kb free=119613Kb
 bounds [0x00007fb38c327000, 0x00007fb38c597000, 0x00007fb39385f000]
CodeHeap 'profiled nmethods': size=120032Kb used=2345Kb max_used=2345Kb free=117686Kb
 bounds [0x00007fb384def000, 0x00007fb38505f000, 0x00007fb38c327000]
CodeHeap 'non-nmethods': size=5696Kb used=1213Kb max_used=1230Kb free=4482Kb
 bounds [0x00007fb38485f000, 0x00007fb384acf000, 0x00007fb384def000]
 total_blobs=1569 nmethods=1168 adapters=323
 compilation: enabled
              stopped_count=0, restarted_count=0
 full_count=0

Compilation events (20 events):
Event: 5.997 Thread 0x00007fb39c127800 1159       3       java.util.concurrent.Semaphore::hasQueuedThreads (8 bytes)
Event: 5.997 Thread 0x00007fb39c127800 nmethod 1159 0x00007fb385036890 code [0x00007fb385036a40, 0x00007fb385036ba0]
Event: 5.997 Thread 0x00007fb39c127800 1160       3       java.util.concurrent.locks.AbstractQueuedSynchronizer::hasQueuedThreads (38 bytes)
Event: 5.997 Thread 0x00007fb39c127800 nmethod 1160 0x00007fb385036c90 code [0x00007fb385036e40, 0x00007fb385037090]
Event: 7.985 Thread 0x00007fb39c127800 1161   !   3       java.lang.ref.ReferenceQueue::remove (125 bytes)
Event: 7.986 Thread 0x00007fb39c127800 nmethod 1161 0x00007fb385037190 code [0x00007fb3850373c0, 0x00007fb385037cf0]
Event: 9.770 Thread 0x00007fb39c127800 1162       3       org.jnetpcap.nio.JMemory::cleanup (54 bytes)
Event: 9.771 Thread 0x00007fb39c127800 nmethod 1162 0x00007fb385038090 code [0x00007fb385038280, 0x00007fb385038970]
Event: 9.771 Thread 0x00007fb39c127800 1163       3       org.jnetpcap.nio.JMemory::peer0 (34 bytes)
Event: 9.771 Thread 0x00007fb39c127800 nmethod 1163 0x00007fb385038b90 code [0x00007fb385038d60, 0x00007fb385039000]
Event: 9.771 Thread 0x00007fb39c127800 1164       1       org.jnetpcap.nio.JMemory::setSize0 (6 bytes)
Event: 9.771 Thread 0x00007fb39c127800 nmethod 1164 0x00007fb38c38ea90 code [0x00007fb38c38ec40, 0x00007fb38c38ed10]
Event: 9.771 Thread 0x00007fb39c127800 1165       3       org.jnetpcap.packet.JPacket$State::cleanup (5 bytes)
Event: 9.771 Thread 0x00007fb39c127800 nmethod 1165 0x00007fb385039110 code [0x00007fb3850392c0, 0x00007fb385039400]
Event: 10.744 Thread 0x00007fb39c125800 1166       4       org.jnetpcap.nio.JMemory::cleanup (54 bytes)
Event: 10.745 Thread 0x00007fb39c125800 nmethod 1166 0x00007fb38c38ed90 code [0x00007fb38c38ef20, 0x00007fb38c38f018]
Event: 10.745 Thread 0x00007fb39c125800 1167       4       org.jnetpcap.nio.JMemory::peer0 (34 bytes)
Event: 10.748 Thread 0x00007fb39c125800 nmethod 1167 0x00007fb38c38f090 code [0x00007fb38c38f220, 0x00007fb38c38f4f8]
Event: 55.372 Thread 0x00007fb39c125800 1168       4       java.lang.ref.ReferenceQueue::reallyPoll (65 bytes)
Event: 55.374 Thread 0x00007fb39c125800 nmethod 1168 0x00007fb38c38f610 code [0x00007fb38c38f7a0, 0x00007fb38c38faf8]

GC Heap History (20 events):
Event: 1.197 GC heap before
{Heap before GC invocations=0 (full 0):
 garbage-first heap   total 129024K, used 23240K [0x0000000084200000, 0x0000000100000000)
  region size 1024K, 22 young (22528K), 0 survivors (0K)
 Metaspace       used 3516K, capacity 5427K, committed 5760K, reserved 1056768K
  class space    used 374K, capacity 554K, committed 640K, reserved 1048576K
}
Event: 1.293 GC heap after
{Heap after GC invocations=1 (full 0):
 garbage-first heap   total 129024K, used 3865K [0x0000000084200000, 0x0000000100000000)
  region size 1024K, 3 young (3072K), 3 survivors (3072K)
 Metaspace       used 3516K, capacity 5427K, committed 5760K, reserved 1056768K
  class space    used 374K, capacity 554K, committed 640K, reserved 1048576K
}
Event: 2.831 GC heap before
{Heap before GC invocations=1 (full 0):
 garbage-first heap   total 129024K, used 22297K [0x0000000084200000, 0x0000000100000000)
  region size 1024K, 21 young (21504K), 3 survivors (3072K)
 Metaspace       used 3516K, capacity 5427K, committed 5760K, reserved 1056768K
  class space    used 374K, capacity 554K, committed 640K, reserved 1048576K
}
Event: 2.836 GC heap after
{Heap after GC invocations=2 (full 0):
 garbage-first heap   total 129024K, used 3990K [0x0000000084200000, 0x0000000100000000)
  region size 1024K, 1 young (1024K), 1 survivors (1024K)
 Metaspace       used 3516K, capacity 5427K, committed 5760K, reserved 1056768K
  class space    used 374K, capacity 554K, committed 640K, reserved 1048576K
}
Event: 5.178 GC heap before
{Heap before GC invocations=2 (full 0):
 garbage-first heap   total 129024K, used 37782K [0x0000000084200000, 0x0000000100000000)
  region size 1024K, 34 young (34816K), 1 survivors (1024K)
 Metaspace       used 4672K, capacity 6285K, committed 6400K, reserved 1056768K
  class space    used 573K, capacity 752K, committed 768K, reserved 1048576K
}
Event: 5.184 GC heap after
{Heap after GC invocations=3 (full 0):
 garbage-first heap   total 129024K, used 4493K [0x0000000084200000, 0x0000000100000000)
  region size 1024K, 1 young (1024K), 1 survivors (1024K)
 Metaspace       used 4672K, capacity 6285K, committed 6400K, reserved 1056768K
  class space    used 573K, capacity 752K, committed 768K, reserved 1048576K
}
Event: 14.887 GC heap before
{Heap before GC invocations=3 (full 0):
 garbage-first heap   total 129024K, used 79245K [0x0000000084200000, 0x0000000100000000)
  region size 1024K, 74 young (75776K), 1 survivors (1024K)
 Metaspace       used 4891K, capacity 6439K, committed 6656K, reserved 1056768K
  class space    used 598K, capacity 760K, committed 768K, reserved 1048576K
}
Event: 14.891 GC heap after
{Heap after GC invocations=4 (full 0):
 garbage-first heap   total 129024K, used 4673K [0x0000000084200000, 0x0000000100000000)
  region size 1024K, 1 young (1024K), 1 survivors (1024K)
 Metaspace       used 4891K, capacity 6439K, committed 6656K, reserved 1056768K
  class space    used 598K, capacity 760K, committed 768K, reserved 1048576K
}
Event: 22.816 GC heap before
{Heap before GC invocations=4 (full 0):
 garbage-first heap   total 129024K, used 79425K [0x0000000084200000, 0x0000000100000000)
  region size 1024K, 74 young (75776K), 1 survivors (1024K)
 Metaspace       used 4891K, capacity 6439K, committed 6656K, reserved 1056768K
  class space    used 598K, capacity 760K, committed 768K, reserved 1048576K
}
Event: 22.817 GC heap after
{Heap after GC invocations=5 (full 0):
 garbage-first heap   total 129024K, used 4656K [0x0000000084200000, 0x0000000100000000)
  region size 1024K, 1 young (1024K), 1 survivors (1024K)
 Metaspace       used 4891K, capacity 6439K, committed 6656K, reserved 1056768K
  class space    used 598K, capacity 760K, committed 768K, reserved 1048576K
}
Event: 29.459 GC heap before
{Heap before GC invocations=5 (full 0):
 garbage-first heap   total 129024K, used 79408K [0x0000000084200000, 0x0000000100000000)
  region size 1024K, 74 young (75776K), 1 survivors (1024K)
 Metaspace       used 4891K, capacity 6439K, committed 6656K, reserved 1056768K
  class space    used 598K, capacity 760K, committed 768K, reserved 1048576K
}
Event: 29.461 GC heap after
{Heap after GC invocations=6 (full 0):
 garbage-first heap   total 129024K, used 4639K [0x0000000084200000, 0x0000000100000000)
  region size 1024K, 1 young (1024K), 1 survivors (1024K)
 Metaspace       used 4891K, capacity 6439K, committed 6656K, reserved 1056768K
  class space    used 598K, capacity 760K, committed 768K, reserved 1048576K
}
Event: 35.512 GC heap before
{Heap before GC invocations=6 (full 0):
 garbage-first heap   total 129024K, used 79391K [0x0000000084200000, 0x0000000100000000)
  region size 1024K, 74 young (75776K), 1 survivors (1024K)
 Metaspace       used 4891K, capacity 6439K, committed 6656K, reserved 1056768K
  class space    used 598K, capacity 760K, committed 768K, reserved 1048576K
}
Event: 35.514 GC heap after
{Heap after GC invocations=7 (full 0):
 garbage-first heap   total 129024K, used 4669K [0x0000000084200000, 0x0000000100000000)
  region size 1024K, 1 young (1024K), 1 survivors (1024K)
 Metaspace       used 4891K, capacity 6439K, committed 6656K, reserved 1056768K
  class space    used 598K, capacity 760K, committed 768K, reserved 1048576K
}
Event: 41.845 GC heap before
{Heap before GC invocations=7 (full 0):
 garbage-first heap   total 129024K, used 79421K [0x0000000084200000, 0x0000000100000000)
  region size 1024K, 74 young (75776K), 1 survivors (1024K)
 Metaspace       used 4891K, capacity 6439K, committed 6656K, reserved 1056768K
  class space    used 598K, capacity 760K, committed 768K, reserved 1048576K
}
Event: 41.846 GC heap after
{Heap after GC invocations=8 (full 0):
 garbage-first heap   total 129024K, used 4648K [0x0000000084200000, 0x0000000100000000)
  region size 1024K, 1 young (1024K), 1 survivors (1024K)
 Metaspace       used 4891K, capacity 6439K, committed 6656K, reserved 1056768K
  class space    used 598K, capacity 760K, committed 768K, reserved 1048576K
}
Event: 47.885 GC heap before
{Heap before GC invocations=8 (full 0):
 garbage-first heap   total 129024K, used 79400K [0x0000000084200000, 0x0000000100000000)
  region size 1024K, 74 young (75776K), 1 survivors (1024K)
 Metaspace       used 4891K, capacity 6439K, committed 6656K, reserved 1056768K
  class space    used 598K, capacity 760K, committed 768K, reserved 1048576K
}
Event: 47.887 GC heap after
{Heap after GC invocations=9 (full 0):
 garbage-first heap   total 129024K, used 4652K [0x0000000084200000, 0x0000000100000000)
  region size 1024K, 1 young (1024K), 1 survivors (1024K)
 Metaspace       used 4891K, capacity 6439K, committed 6656K, reserved 1056768K
  class space    used 598K, capacity 760K, committed 768K, reserved 1048576K
}
Event: 54.396 GC heap before
{Heap before GC invocations=9 (full 0):
 garbage-first heap   total 129024K, used 79404K [0x0000000084200000, 0x0000000100000000)
  region size 1024K, 74 young (75776K), 1 survivors (1024K)
 Metaspace       used 4891K, capacity 6439K, committed 6656K, reserved 1056768K
  class space    used 598K, capacity 760K, committed 768K, reserved 1048576K
}
Event: 54.398 GC heap after
{Heap after GC invocations=10 (full 0):
 garbage-first heap   total 129024K, used 4645K [0x0000000084200000, 0x0000000100000000)
  region size 1024K, 1 young (1024K), 1 survivors (1024K)
 Metaspace       used 4891K, capacity 6439K, committed 6656K, reserved 1056768K
  class space    used 598K, capacity 760K, committed 768K, reserved 1048576K
}

Deoptimization events (20 events):
Event: 0.586 Thread 0x00007fb39c017800 Uncommon trap: trap_request=0xffffffc6 fr.pc=0x00007fb38c358ba4 relative=0x0000000000000604
Event: 0.586 Thread 0x00007fb39c017800 Uncommon trap: reason=bimorphic_or_optimized_type_check action=maybe_recompile pc=0x00007fb38c358ba4 method=java.util.regex.Pattern$BmpCharPredicate.lambda$union$2(Ljava/util/regex/Pattern$CharPredicate;I)Z @ 2 c2
Event: 0.586 Thread 0x00007fb39c017800 DEOPT PACKING pc=0x00007fb38c358ba4 sp=0x00007fb3a39b3e20
Event: 0.586 Thread 0x00007fb39c017800 DEOPT UNPACKING pc=0x00007fb3848a8ea5 sp=0x00007fb3a39b3cd0 mode 2
Event: 0.587 Thread 0x00007fb39c017800 Uncommon trap: trap_request=0xffffffc6 fr.pc=0x00007fb38c358ba4 relative=0x0000000000000604
Event: 0.587 Thread 0x00007fb39c017800 Uncommon trap: reason=bimorphic_or_optimized_type_check action=maybe_recompile pc=0x00007fb38c358ba4 method=java.util.regex.Pattern$BmpCharPredicate.lambda$union$2(Ljava/util/regex/Pattern$CharPredicate;I)Z @ 2 c2
Event: 0.587 Thread 0x00007fb39c017800 DEOPT PACKING pc=0x00007fb38c358ba4 sp=0x00007fb3a39b3e20
Event: 0.587 Thread 0x00007fb39c017800 DEOPT UNPACKING pc=0x00007fb3848a8ea5 sp=0x00007fb3a39b3cd0 mode 2
Event: 0.587 Thread 0x00007fb39c017800 Uncommon trap: trap_request=0xffffffc6 fr.pc=0x00007fb38c358ba4 relative=0x0000000000000604
Event: 0.587 Thread 0x00007fb39c017800 Uncommon trap: reason=bimorphic_or_optimized_type_check action=maybe_recompile pc=0x00007fb38c358ba4 method=java.util.regex.Pattern$BmpCharPredicate.lambda$union$2(Ljava/util/regex/Pattern$CharPredicate;I)Z @ 2 c2
Event: 0.587 Thread 0x00007fb39c017800 DEOPT PACKING pc=0x00007fb38c358ba4 sp=0x00007fb3a39b3e20
Event: 0.587 Thread 0x00007fb39c017800 DEOPT UNPACKING pc=0x00007fb3848a8ea5 sp=0x00007fb3a39b3cd0 mode 2
Event: 0.587 Thread 0x00007fb39c017800 Uncommon trap: trap_request=0xffffffc6 fr.pc=0x00007fb38c358ba4 relative=0x0000000000000604
Event: 0.587 Thread 0x00007fb39c017800 Uncommon trap: reason=bimorphic_or_optimized_type_check action=maybe_recompile pc=0x00007fb38c358ba4 method=java.util.regex.Pattern$BmpCharPredicate.lambda$union$2(Ljava/util/regex/Pattern$CharPredicate;I)Z @ 2 c2
Event: 0.587 Thread 0x00007fb39c017800 DEOPT PACKING pc=0x00007fb38c358ba4 sp=0x00007fb3a39b3e20
Event: 0.587 Thread 0x00007fb39c017800 DEOPT UNPACKING pc=0x00007fb3848a8ea5 sp=0x00007fb3a39b3cd0 mode 2
Event: 5.074 Thread 0x00007fb39c3a3800 Uncommon trap: trap_request=0xffffff4d fr.pc=0x00007fb38c371e98 relative=0x00000000000002f8
Event: 5.074 Thread 0x00007fb39c3a3800 Uncommon trap: reason=unstable_if action=reinterpret pc=0x00007fb38c371e98 method=java.util.HashMap$HashIterator.<init>(Ljava/util/HashMap;)V @ 75 c2
Event: 5.074 Thread 0x00007fb39c3a3800 DEOPT PACKING pc=0x00007fb38c371e98 sp=0x00007fb36dc1cb50
Event: 5.074 Thread 0x00007fb39c3a3800 DEOPT UNPACKING pc=0x00007fb3848a8ea5 sp=0x00007fb36dc1cb08 mode 2

Classes redefined (0 events):
No events

Internal exceptions (20 events):
Event: 0.371 Thread 0x00007fb39c017800 Exception <a 'java/lang/ClassNotFoundException'{0x000000008b71df18}: org/apache/log4j/LayoutBeanInfo> (0x000000008b71df18) thrown at [./src/hotspot/share/classfile/systemDictionary.cpp, line 231]
Event: 0.371 Thread 0x00007fb39c017800 Exception <a 'java/lang/ClassNotFoundException'{0x000000008b71ec58}: java/lang/ObjectBeanInfo> (0x000000008b71ec58) thrown at [./src/hotspot/share/classfile/systemDictionary.cpp, line 231]
Event: 0.378 Thread 0x00007fb39c017800 Exception <a 'java/lang/ClassNotFoundException'{0x000000008b758bb8}: java/lang/ObjectCustomizer> (0x000000008b758bb8) thrown at [./src/hotspot/share/classfile/systemDictionary.cpp, line 231]
Event: 0.387 Thread 0x00007fb39c017800 Exception <a 'java/lang/ClassNotFoundException'{0x000000008b76f4f0}: org/apache/log4j/LayoutCustomizer> (0x000000008b76f4f0) thrown at [./src/hotspot/share/classfile/systemDictionary.cpp, line 231]
Event: 0.389 Thread 0x00007fb39c017800 Exception <a 'java/lang/ClassNotFoundException'{0x000000008b7840f0}: org/apache/log4j/PatternLayoutCustomizer> (0x000000008b7840f0) thrown at [./src/hotspot/share/classfile/systemDictionary.cpp, line 231]
Event: 0.390 Thread 0x00007fb39c017800 Exception <a 'java/lang/ClassNotFoundException'{0x000000008b78f4b0}: org/apache/log4j/ConsoleAppenderBeanInfo> (0x000000008b78f4b0) thrown at [./src/hotspot/share/classfile/systemDictionary.cpp, line 231]
Event: 0.391 Thread 0x00007fb39c017800 Exception <a 'java/lang/ClassNotFoundException'{0x000000008b794ee0}: org/apache/log4j/WriterAppenderBeanInfo> (0x000000008b794ee0) thrown at [./src/hotspot/share/classfile/systemDictionary.cpp, line 231]
Event: 0.391 Thread 0x00007fb39c017800 Exception <a 'java/lang/ClassNotFoundException'{0x000000008b79ade8}: org/apache/log4j/AppenderSkeletonBeanInfo> (0x000000008b79ade8) thrown at [./src/hotspot/share/classfile/systemDictionary.cpp, line 231]
Event: 0.391 Thread 0x00007fb39c017800 Exception <a 'java/lang/ClassNotFoundException'{0x000000008b7a0f70}: org/apache/log4j/AppenderSkeletonCustomizer> (0x000000008b7a0f70) thrown at [./src/hotspot/share/classfile/systemDictionary.cpp, line 231]
Event: 0.392 Thread 0x00007fb39c017800 Exception <a 'java/lang/ClassNotFoundException'{0x000000008b7b5860}: org/apache/log4j/WriterAppenderCustomizer> (0x000000008b7b5860) thrown at [./src/hotspot/share/classfile/systemDictionary.cpp, line 231]
Event: 0.393 Thread 0x00007fb39c017800 Exception <a 'java/lang/ClassNotFoundException'{0x000000008b7c5348}: org/apache/log4j/ConsoleAppenderCustomizer> (0x000000008b7c5348) thrown at [./src/hotspot/share/classfile/systemDictionary.cpp, line 231]
Event: 0.433 Thread 0x00007fb39c017800 Exception <a 'java/lang/ClassNotFoundException'{0x000000008b6e2738}: org/apache/log4j/DailyRollingFileAppenderBeanInfo> (0x000000008b6e2738) thrown at [./src/hotspot/share/classfile/systemDictionary.cpp, line 231]
Event: 0.433 Thread 0x00007fb39c017800 Exception <a 'java/lang/ClassNotFoundException'{0x000000008b6e7f10}: org/apache/log4j/FileAppenderBeanInfo> (0x000000008b6e7f10) thrown at [./src/hotspot/share/classfile/systemDictionary.cpp, line 231]
Event: 0.433 Thread 0x00007fb39c017800 Exception <a 'java/lang/ClassNotFoundException'{0x000000008b6edbb8}: org/apache/log4j/FileAppenderCustomizer> (0x000000008b6edbb8) thrown at [./src/hotspot/share/classfile/systemDictionary.cpp, line 231]
Event: 0.435 Thread 0x00007fb39c017800 Exception <a 'java/lang/ClassNotFoundException'{0x000000008b6fdac8}: org/apache/log4j/DailyRollingFileAppenderCustomizer> (0x000000008b6fdac8) thrown at [./src/hotspot/share/classfile/systemDictionary.cpp, line 231]
Event: 0.438 Thread 0x00007fb39c017800 Exception <a 'java/lang/ClassNotFoundException'{0x000000008b51cea8}: org/apache/log4j/RollingFileAppenderBeanInfo> (0x000000008b51cea8) thrown at [./src/hotspot/share/classfile/systemDictionary.cpp, line 231]
Event: 0.439 Thread 0x00007fb39c017800 Exception <a 'java/lang/ClassNotFoundException'{0x000000008b522c58}: org/apache/log4j/RollingFileAppenderCustomizer> (0x000000008b522c58) thrown at [./src/hotspot/share/classfile/systemDictionary.cpp, line 231]
Event: 0.453 Thread 0x00007fb39c017800 Exception <a 'java/lang/NoSuchMethodError'{0x000000008b550070}: 'int java.lang.invoke.DirectMethodHandle$Holder.invokeSpecialIFC(java.lang.Object, java.lang.Object, int)'> (0x000000008b550070) thrown at [./src/hotspot/share/interpreter/linkResolver.cpp, line 772]
Event: 5.103 Thread 0x00007fb39c3a3800 Exception <a 'org/jnetpcap/packet/UnregisteredHeaderException'{0x000000008a06b6e8}: native scanner not registered under ID=15 (WEB_IMAGE)> (0x000000008a06b6e8) thrown at [./src/hotspot/share/prims/jni.cpp, line 636]
Event: 5.122 Thread 0x00007fb39c3a3800 Exception <a 'org/jnetpcap/packet/UnregisteredHeaderException'{0x0000000089f495b0}: native scanner not registered under ID=38 (HEARTBEAT_ACK)> (0x0000000089f495b0) thrown at [./src/hotspot/share/prims/jni.cpp, line 636]

Events (20 events):
Event: 14.891 Executing VM operation: RevokeBias
Event: 14.891 Executing VM operation: RevokeBias done
Event: 14.891 Executing VM operation: RevokeBias
Event: 14.892 Executing VM operation: RevokeBias done
Event: 14.892 Executing VM operation: RevokeBias
Event: 14.892 Executing VM operation: RevokeBias done
Event: 22.816 Executing VM operation: G1CollectForAllocation
Event: 22.817 Executing VM operation: G1CollectForAllocation done
Event: 29.459 Executing VM operation: G1CollectForAllocation
Event: 29.461 Executing VM operation: G1CollectForAllocation done
Event: 35.512 Executing VM operation: G1CollectForAllocation
Event: 35.514 Executing VM operation: G1CollectForAllocation done
Event: 41.845 Executing VM operation: G1CollectForAllocation
Event: 41.846 Executing VM operation: G1CollectForAllocation done
Event: 47.885 Executing VM operation: G1CollectForAllocation
Event: 47.887 Executing VM operation: G1CollectForAllocation done
Event: 54.396 Executing VM operation: G1CollectForAllocation
Event: 54.398 Executing VM operation: G1CollectForAllocation done
Event: 57.427 Thread 0x00007fb348001800 Thread exited: 0x00007fb348001800
Event: 57.433 loading class jdk/internal/misc/Signal$1


Dynamic libraries:
84200000-8be00000 rw-p 00000000 00:00 0 
8be00000-ffe00000 ---p 00000000 00:00 0 
ffe00000-ffe47000 rw-p 01113000 08:01 798759                             /usr/lib/jvm/java-11-openjdk-amd64/lib/server/classes.jsa
ffe47000-fff00000 rw-p 00000000 00:00 0 
fff00000-fff6b000 rw-p 010a8000 08:01 798759                             /usr/lib/jvm/java-11-openjdk-amd64/lib/server/classes.jsa
fff6b000-100000000 rw-p 00000000 00:00 0 
800000000-800002000 rwxp 00001000 08:01 798759                           /usr/lib/jvm/java-11-openjdk-amd64/lib/server/classes.jsa
800002000-8010a7000 rw-p 00003000 08:01 798759                           /usr/lib/jvm/java-11-openjdk-amd64/lib/server/classes.jsa
840000000-8400c0000 rw-p 00000000 00:00 0 
8400c0000-880000000 ---p 00000000 00:00 0 
557f2c8a8000-557f2c8a9000 r--p 00000000 08:01 799275                     /usr/lib/jvm/java-11-openjdk-amd64/bin/java
557f2c8a9000-557f2c8aa000 r-xp 00001000 08:01 799275                     /usr/lib/jvm/java-11-openjdk-amd64/bin/java
557f2c8aa000-557f2c8ab000 r--p 00002000 08:01 799275                     /usr/lib/jvm/java-11-openjdk-amd64/bin/java
557f2c8ab000-557f2c8ac000 r--p 00002000 08:01 799275                     /usr/lib/jvm/java-11-openjdk-amd64/bin/java
557f2c8ac000-557f2c8ad000 rw-p 00003000 08:01 799275                     /usr/lib/jvm/java-11-openjdk-amd64/bin/java
557f2d215000-557f2d236000 rw-p 00000000 00:00 0                          [heap]
7fb314000000-7fb314021000 rw-p 00000000 00:00 0 
7fb314021000-7fb318000000 ---p 00000000 00:00 0 
7fb318000000-7fb318021000 rw-p 00000000 00:00 0 
7fb318021000-7fb31c000000 ---p 00000000 00:00 0 
7fb31c000000-7fb31c021000 rw-p 00000000 00:00 0 
7fb31c021000-7fb320000000 ---p 00000000 00:00 0 
7fb320000000-7fb32009b000 rw-p 00000000 00:00 0 
7fb32009b000-7fb324000000 ---p 00000000 00:00 0 
7fb324000000-7fb324021000 rw-p 00000000 00:00 0 
7fb324021000-7fb328000000 ---p 00000000 00:00 0 
7fb328000000-7fb328021000 rw-p 00000000 00:00 0 
7fb328021000-7fb32c000000 ---p 00000000 00:00 0 
7fb32c000000-7fb32c021000 rw-p 00000000 00:00 0 
7fb32c021000-7fb330000000 ---p 00000000 00:00 0 
7fb330000000-7fb330021000 rw-p 00000000 00:00 0 
7fb330021000-7fb334000000 ---p 00000000 00:00 0 
7fb334000000-7fb334021000 rw-p 00000000 00:00 0 
7fb334021000-7fb338000000 ---p 00000000 00:00 0 
7fb338000000-7fb338021000 rw-p 00000000 00:00 0 
7fb338021000-7fb33c000000 ---p 00000000 00:00 0 
7fb33c000000-7fb33c027000 rw-p 00000000 00:00 0 
7fb33c027000-7fb340000000 ---p 00000000 00:00 0 
7fb340000000-7fb340021000 rw-p 00000000 00:00 0 
7fb340021000-7fb344000000 ---p 00000000 00:00 0 
7fb344000000-7fb344021000 rw-p 00000000 00:00 0 
7fb344021000-7fb348000000 ---p 00000000 00:00 0 
7fb348000000-7fb348021000 rw-p 00000000 00:00 0 
7fb348021000-7fb34c000000 ---p 00000000 00:00 0 
7fb34c000000-7fb34c459000 rw-p 00000000 00:00 0 
7fb34c459000-7fb350000000 ---p 00000000 00:00 0 
7fb350000000-7fb3502f5000 rw-p 00000000 00:00 0 
7fb3502f5000-7fb354000000 ---p 00000000 00:00 0 
7fb354000000-7fb354021000 rw-p 00000000 00:00 0 
7fb354021000-7fb358000000 ---p 00000000 00:00 0 
7fb358000000-7fb358021000 rw-p 00000000 00:00 0 
7fb358021000-7fb35c000000 ---p 00000000 00:00 0 
7fb35c000000-7fb35c021000 rw-p 00000000 00:00 0 
7fb35c021000-7fb360000000 ---p 00000000 00:00 0 
7fb360000000-7fb360021000 rw-p 00000000 00:00 0 
7fb360021000-7fb364000000 ---p 00000000 00:00 0 
7fb364000000-7fb364021000 rw-p 00000000 00:00 0 
7fb364021000-7fb368000000 ---p 00000000 00:00 0 
7fb368000000-7fb368021000 rw-p 00000000 00:00 0 
7fb368021000-7fb36c000000 ---p 00000000 00:00 0 
7fb36d67f000-7fb36d71a000 rw-p 00000000 00:00 0 
7fb36d71a000-7fb36d71b000 ---p 00000000 00:00 0 
7fb36d71b000-7fb36d81c000 rw-p 00000000 00:00 0 
7fb36d81c000-7fb36d81d000 ---p 00000000 00:00 0 
7fb36d81d000-7fb36d91e000 rw-p 00000000 00:00 0 
7fb36d91e000-7fb36db1e000 rw-s 00000000 00:08 206828                     socket:[206828]
7fb36db1e000-7fb36db22000 ---p 00000000 00:00 0 
7fb36db22000-7fb36dc1f000 rw-p 00000000 00:00 0 
7fb36dc1f000-7fb36dc20000 ---p 00000000 00:00 0 
7fb36dc20000-7fb36dd21000 rw-p 00000000 00:00 0 
7fb36dd21000-7fb36dd22000 ---p 00000000 00:00 0 
7fb36dd22000-7fb36de23000 rw-p 00000000 00:00 0 
7fb36de23000-7fb36de24000 ---p 00000000 00:00 0 
7fb36de24000-7fb36df25000 rw-p 00000000 00:00 0 
7fb36df25000-7fb36df27000 r-xp 00000000 08:01 697480                     /usr/lib/libjnetpcap-pcap100.so
7fb36df27000-7fb36e126000 ---p 00002000 08:01 697480                     /usr/lib/libjnetpcap-pcap100.so
7fb36e126000-7fb36e127000 rw-p 00001000 08:01 697480                     /usr/lib/libjnetpcap-pcap100.so
7fb36e127000-7fb36e12b000 ---p 00000000 00:00 0 
7fb36e12b000-7fb36e228000 rw-p 00000000 00:00 0 
7fb36e228000-7fb36e22c000 r--p 00000000 08:01 653785                     /usr/lib/x86_64-linux-gnu/libgpg-error.so.0.29.0
7fb36e22c000-7fb36e241000 r-xp 00004000 08:01 653785                     /usr/lib/x86_64-linux-gnu/libgpg-error.so.0.29.0
7fb36e241000-7fb36e24b000 r--p 00019000 08:01 653785                     /usr/lib/x86_64-linux-gnu/libgpg-error.so.0.29.0
7fb36e24b000-7fb36e24c000 ---p 00023000 08:01 653785                     /usr/lib/x86_64-linux-gnu/libgpg-error.so.0.29.0
7fb36e24c000-7fb36e24d000 r--p 00023000 08:01 653785                     /usr/lib/x86_64-linux-gnu/libgpg-error.so.0.29.0
7fb36e24d000-7fb36e24e000 rw-p 00024000 08:01 653785                     /usr/lib/x86_64-linux-gnu/libgpg-error.so.0.29.0
7fb36e24e000-7fb36e25a000 r--p 00000000 08:01 653797                     /usr/lib/x86_64-linux-gnu/libgcrypt.so.20.2.8
7fb36e25a000-7fb36e32a000 r-xp 0000c000 08:01 653797                     /usr/lib/x86_64-linux-gnu/libgcrypt.so.20.2.8
7fb36e32a000-7fb36e367000 r--p 000dc000 08:01 653797                     /usr/lib/x86_64-linux-gnu/libgcrypt.so.20.2.8
7fb36e367000-7fb36e369000 r--p 00118000 08:01 653797                     /usr/lib/x86_64-linux-gnu/libgcrypt.so.20.2.8
7fb36e369000-7fb36e36e000 rw-p 0011a000 08:01 653797                     /usr/lib/x86_64-linux-gnu/libgcrypt.so.20.2.8
7fb36e36e000-7fb36e371000 r--p 00000000 08:01 653822                     /usr/lib/x86_64-linux-gnu/liblz4.so.1.9.3
7fb36e371000-7fb36e38c000 r-xp 00003000 08:01 653822                     /usr/lib/x86_64-linux-gnu/liblz4.so.1.9.3
7fb36e38c000-7fb36e38f000 r--p 0001e000 08:01 653822                     /usr/lib/x86_64-linux-gnu/liblz4.so.1.9.3
7fb36e38f000-7fb36e390000 r--p 00020000 08:01 653822                     /usr/lib/x86_64-linux-gnu/liblz4.so.1.9.3
7fb36e390000-7fb36e391000 rw-p 00021000 08:01 653822                     /usr/lib/x86_64-linux-gnu/liblz4.so.1.9.3
7fb36e391000-7fb36e39c000 r--p 00000000 08:01 656171                     /usr/lib/x86_64-linux-gnu/libzstd.so.1.4.8
7fb36e39c000-7fb36e457000 r-xp 0000b000 08:01 656171                     /usr/lib/x86_64-linux-gnu/libzstd.so.1.4.8
7fb36e457000-7fb36e469000 r--p 000c6000 08:01 656171                     /usr/lib/x86_64-linux-gnu/libzstd.so.1.4.8
7fb36e469000-7fb36e46a000 ---p 000d8000 08:01 656171                     /usr/lib/x86_64-linux-gnu/libzstd.so.1.4.8
7fb36e46a000-7fb36e46b000 r--p 000d8000 08:01 656171                     /usr/lib/x86_64-linux-gnu/libzstd.so.1.4.8
7fb36e46b000-7fb36e46c000 rw-p 000d9000 08:01 656171                     /usr/lib/x86_64-linux-gnu/libzstd.so.1.4.8
7fb36e46c000-7fb36e46f000 r--p 00000000 08:01 653183                     /usr/lib/x86_64-linux-gnu/liblzma.so.5.2.5
7fb36e46f000-7fb36e487000 r-xp 00003000 08:01 653183                     /usr/lib/x86_64-linux-gnu/liblzma.so.5.2.5
7fb36e487000-7fb36e492000 r--p 0001b000 08:01 653183                     /usr/lib/x86_64-linux-gnu/liblzma.so.5.2.5
7fb36e492000-7fb36e493000 r--p 00025000 08:01 653183                     /usr/lib/x86_64-linux-gnu/liblzma.so.5.2.5
7fb36e493000-7fb36e494000 rw-p 00026000 08:01 653183                     /usr/lib/x86_64-linux-gnu/liblzma.so.5.2.5
7fb36e494000-7fb36e4a6000 r--p 00000000 08:01 656183                     /usr/lib/x86_64-linux-gnu/libsystemd.so.0.30.0
7fb36e4a6000-7fb36e51e000 r-xp 00012000 08:01 656183                     /usr/lib/x86_64-linux-gnu/libsystemd.so.0.30.0
7fb36e51e000-7fb36e543000 r--p 0008a000 08:01 656183                     /usr/lib/x86_64-linux-gnu/libsystemd.so.0.30.0
7fb36e543000-7fb36e547000 r--p 000ae000 08:01 656183                     /usr/lib/x86_64-linux-gnu/libsystemd.so.0.30.0
7fb36e547000-7fb36e548000 rw-p 000b2000 08:01 656183                     /usr/lib/x86_64-linux-gnu/libsystemd.so.0.30.0
7fb36e548000-7fb36e549000 rw-p 00000000 00:00 0 
7fb36e549000-7fb36e556000 r--p 00000000 08:01 655152                     /usr/lib/x86_64-linux-gnu/libdbus-1.so.3.19.13
7fb36e556000-7fb36e586000 r-xp 0000d000 08:01 655152                     /usr/lib/x86_64-linux-gnu/libdbus-1.so.3.19.13
7fb36e586000-7fb36e59b000 r--p 0003d000 08:01 655152                     /usr/lib/x86_64-linux-gnu/libdbus-1.so.3.19.13
7fb36e59b000-7fb36e59d000 r--p 00051000 08:01 655152                     /usr/lib/x86_64-linux-gnu/libdbus-1.so.3.19.13
7fb36e59d000-7fb36e59e000 rw-p 00053000 08:01 655152                     /usr/lib/x86_64-linux-gnu/libdbus-1.so.3.19.13
7fb36e59e000-7fb36e5a4000 r--p 00000000 08:01 678868                     /usr/lib/x86_64-linux-gnu/libpcap.so.1.10.0
7fb36e5a4000-7fb36e5cc000 r-xp 00006000 08:01 678868                     /usr/lib/x86_64-linux-gnu/libpcap.so.1.10.0
7fb36e5cc000-7fb36e5e8000 r--p 0002e000 08:01 678868                     /usr/lib/x86_64-linux-gnu/libpcap.so.1.10.0
7fb36e5e8000-7fb36e5ea000 r--p 00049000 08:01 678868                     /usr/lib/x86_64-linux-gnu/libpcap.so.1.10.0
7fb36e5ea000-7fb36e5eb000 rw-p 0004b000 08:01 678868                     /usr/lib/x86_64-linux-gnu/libpcap.so.1.10.0
7fb36e601000-7fb36e62a000 r-xp 00000000 08:01 697479                     /usr/lib/libjnetpcap.so
7fb36e62a000-7fb36e82a000 ---p 00029000 08:01 697479                     /usr/lib/libjnetpcap.so
7fb36e82a000-7fb36e82b000 rw-p 00029000 08:01 697479                     /usr/lib/libjnetpcap.so
7fb36e82b000-7fb36e8af000 rw-p 00000000 00:00 0 
7fb36e8af000-7fb36e8b3000 ---p 00000000 00:00 0 
7fb36e8b3000-7fb36e9e1000 rw-p 00000000 00:00 0 
7fb36e9e1000-7fb36e9e5000 r--p 00000000 08:01 799432                     /usr/lib/jvm/java-11-openjdk-amd64/lib/libnet.so
7fb36e9e5000-7fb36e9f4000 r-xp 00004000 08:01 799432                     /usr/lib/jvm/java-11-openjdk-amd64/lib/libnet.so
7fb36e9f4000-7fb36e9f8000 r--p 00013000 08:01 799432                     /usr/lib/jvm/java-11-openjdk-amd64/lib/libnet.so
7fb36e9f8000-7fb36e9f9000 r--p 00016000 08:01 799432                     /usr/lib/jvm/java-11-openjdk-amd64/lib/libnet.so
7fb36e9f9000-7fb36e9fa000 rw-p 00017000 08:01 799432                     /usr/lib/jvm/java-11-openjdk-amd64/lib/libnet.so
7fb36e9fa000-7fb36ea01000 r--p 00000000 08:01 799433                     /usr/lib/jvm/java-11-openjdk-amd64/lib/libnio.so
7fb36ea01000-7fb36ea08000 r-xp 00007000 08:01 799433                     /usr/lib/jvm/java-11-openjdk-amd64/lib/libnio.so
7fb36ea08000-7fb36ea0b000 r--p 0000e000 08:01 799433                     /usr/lib/jvm/java-11-openjdk-amd64/lib/libnio.so
7fb36ea0b000-7fb36ea0c000 r--p 00010000 08:01 799433                     /usr/lib/jvm/java-11-openjdk-amd64/lib/libnio.so
7fb36ea0c000-7fb36ea0d000 rw-p 00011000 08:01 799433                     /usr/lib/jvm/java-11-openjdk-amd64/lib/libnio.so
7fb36ea0d000-7fb36ea11000 ---p 00000000 00:00 0 
7fb36ea11000-7fb36eb0e000 rw-p 00000000 00:00 0 
7fb36eb0e000-7fb36eb0f000 ---p 00000000 00:00 0 
7fb36eb0f000-7fb36ec10000 rw-p 00000000 00:00 0 
7fb36ec10000-7fb36ec14000 ---p 00000000 00:00 0 
7fb36ec14000-7fb36ed11000 rw-p 00000000 00:00 0 
7fb36ed11000-7fb36ed15000 ---p 00000000 00:00 0 
7fb36ed15000-7fb36ee12000 rw-p 00000000 00:00 0 
7fb36ee12000-7fb36ee16000 ---p 00000000 00:00 0 
7fb36ee16000-7fb36ef13000 rw-p 00000000 00:00 0 
7fb36ef13000-7fb36ef17000 ---p 00000000 00:00 0 
7fb36ef17000-7fb36f014000 rw-p 00000000 00:00 0 
7fb36f014000-7fb36f018000 ---p 00000000 00:00 0 
7fb36f018000-7fb36f115000 rw-p 00000000 00:00 0 
7fb36f115000-7fb36f119000 ---p 00000000 00:00 0 
7fb36f119000-7fb36f216000 rw-p 00000000 00:00 0 
7fb36f216000-7fb36f21a000 ---p 00000000 00:00 0 
7fb36f21a000-7fb36f317000 rw-p 00000000 00:00 0 
7fb36f317000-7fb36f31b000 ---p 00000000 00:00 0 
7fb36f31b000-7fb36f418000 rw-p 00000000 00:00 0 
7fb36f418000-7fb36f6ff000 r--p 00000000 08:01 653254                     /usr/lib/locale/locale-archive
7fb36f6ff000-7fb36f703000 ---p 00000000 00:00 0 
7fb36f703000-7fb36fdc0000 rw-p 00000000 00:00 0 
7fb36fdc0000-7fb370000000 ---p 00000000 00:00 0 
7fb370000000-7fb370021000 rw-p 00000000 00:00 0 
7fb370021000-7fb374000000 ---p 00000000 00:00 0 
7fb374000000-7fb374021000 rw-p 00000000 00:00 0 
7fb374021000-7fb378000000 ---p 00000000 00:00 0 
7fb378000000-7fb378021000 rw-p 00000000 00:00 0 
7fb378021000-7fb37c000000 ---p 00000000 00:00 0 
7fb37c007000-7fb37c00b000 ---p 00000000 00:00 0 
7fb37c00b000-7fb37e2f8000 rw-p 00000000 00:00 0 
7fb37e2f8000-7fb37fff8000 ---p 00000000 00:00 0 
7fb37fff8000-7fb380000000 rw-p 00000000 00:00 0 
7fb380000000-7fb380021000 rw-p 00000000 00:00 0 
7fb380021000-7fb384000000 ---p 00000000 00:00 0 
7fb384007000-7fb384008000 r--p 00000000 08:01 799413                     /usr/lib/jvm/java-11-openjdk-amd64/lib/libdt_socket.so
7fb384008000-7fb38400b000 r-xp 00001000 08:01 799413                     /usr/lib/jvm/java-11-openjdk-amd64/lib/libdt_socket.so
7fb38400b000-7fb38400c000 r--p 00004000 08:01 799413                     /usr/lib/jvm/java-11-openjdk-amd64/lib/libdt_socket.so
7fb38400c000-7fb38400d000 ---p 00005000 08:01 799413                     /usr/lib/jvm/java-11-openjdk-amd64/lib/libdt_socket.so
7fb38400d000-7fb38400e000 r--p 00005000 08:01 799413                     /usr/lib/jvm/java-11-openjdk-amd64/lib/libdt_socket.so
7fb38400e000-7fb38400f000 rw-p 00006000 08:01 799413                     /usr/lib/jvm/java-11-openjdk-amd64/lib/libdt_socket.so
7fb38400f000-7fb384010000 ---p 00000000 00:00 0 
7fb384010000-7fb384257000 rw-p 00000000 00:00 0 
7fb384257000-7fb384258000 ---p 00000000 00:00 0 
7fb384258000-7fb384359000 rw-p 00000000 00:00 0 
7fb384359000-7fb38435a000 ---p 00000000 00:00 0 
7fb38435a000-7fb38485f000 rw-p 00000000 00:00 0 
7fb38485f000-7fb384acf000 rwxp 00000000 00:00 0 
7fb384acf000-7fb384def000 ---p 00000000 00:00 0 
7fb384def000-7fb38505f000 rwxp 00000000 00:00 0 
7fb38505f000-7fb38c327000 ---p 00000000 00:00 0 
7fb38c327000-7fb38c597000 rwxp 00000000 00:00 0 
7fb38c597000-7fb39385f000 ---p 00000000 00:00 0 
7fb39c000000-7fb39c3db000 rw-p 00000000 00:00 0 
7fb39c3db000-7fb3a0000000 ---p 00000000 00:00 0 
7fb3a0000000-7fb3a0007000 r--s 00000000 08:01 655748                     /usr/lib/x86_64-linux-gnu/gconv/gconv-modules.cache
7fb3a0007000-7fb3a0209000 rw-p 00000000 00:00 0 
7fb3a0209000-7fb3a020a000 ---p 00000000 00:00 0 
7fb3a020a000-7fb3a030b000 rw-p 00000000 00:00 0 
7fb3a030b000-7fb3a030c000 ---p 00000000 00:00 0 
7fb3a030c000-7fb3a067d000 rw-p 00000000 00:00 0 
7fb3a067d000-7fb3a237d000 ---p 00000000 00:00 0 
7fb3a237d000-7fb3a23c3000 rw-p 00000000 00:00 0 
7fb3a23c3000-7fb3a2763000 ---p 00000000 00:00 0 
7fb3a2763000-7fb3a27a2000 rw-p 00000000 00:00 0 
7fb3a27a2000-7fb3a2b42000 ---p 00000000 00:00 0 
7fb3a2b42000-7fb3a2b81000 rw-p 00000000 00:00 0 
7fb3a2b81000-7fb3a2f21000 ---p 00000000 00:00 0 
7fb3a2f21000-7fb3a3528000 rw-p 00000000 00:00 0 
7fb3a3528000-7fb3a3529000 ---p 00000000 00:00 0 
7fb3a3529000-7fb3a362f000 rw-p 00000000 00:00 0 
7fb3a362f000-7fb3a3715000 ---p 00000000 00:00 0 
7fb3a3715000-7fb3a371a000 rw-p 00000000 00:00 0 
7fb3a371a000-7fb3a3800000 ---p 00000000 00:00 0 
7fb3a3800000-7fb3a3805000 rw-p 00000000 00:00 0 
7fb3a3805000-7fb3a380c000 ---p 00000000 00:00 0 
7fb3a380c000-7fb3a380f000 r--p 00000000 08:01 653510                     /usr/lib/x86_64-linux-gnu/libnss_files-2.31.so
7fb3a380f000-7fb3a3816000 r-xp 00003000 08:01 653510                     /usr/lib/x86_64-linux-gnu/libnss_files-2.31.so
7fb3a3816000-7fb3a3818000 r--p 0000a000 08:01 653510                     /usr/lib/x86_64-linux-gnu/libnss_files-2.31.so
7fb3a3818000-7fb3a3819000 r--p 0000b000 08:01 653510                     /usr/lib/x86_64-linux-gnu/libnss_files-2.31.so
7fb3a3819000-7fb3a381a000 rw-p 0000c000 08:01 653510                     /usr/lib/x86_64-linux-gnu/libnss_files-2.31.so
7fb3a381a000-7fb3a3820000 rw-p 00000000 00:00 0 
7fb3a3824000-7fb3a3826000 r--p 00000000 08:01 799441                     /usr/lib/jvm/java-11-openjdk-amd64/lib/libzip.so
7fb3a3826000-7fb3a382a000 r-xp 00002000 08:01 799441                     /usr/lib/jvm/java-11-openjdk-amd64/lib/libzip.so
7fb3a382a000-7fb3a382c000 r--p 00006000 08:01 799441                     /usr/lib/jvm/java-11-openjdk-amd64/lib/libzip.so
7fb3a382c000-7fb3a382d000 r--p 00007000 08:01 799441                     /usr/lib/jvm/java-11-openjdk-amd64/lib/libzip.so
7fb3a382d000-7fb3a382e000 rw-p 00008000 08:01 799441                     /usr/lib/jvm/java-11-openjdk-amd64/lib/libzip.so
7fb3a382e000-7fb3a3836000 rw-s 00000000 08:01 940348                     /tmp/hsperfdata_root/11078
7fb3a3836000-7fb3a3838000 r--p 00000000 08:01 799423                     /usr/lib/jvm/java-11-openjdk-amd64/lib/libjdwp.so
7fb3a3838000-7fb3a3864000 r-xp 00002000 08:01 799423                     /usr/lib/jvm/java-11-openjdk-amd64/lib/libjdwp.so
7fb3a3864000-7fb3a3872000 r--p 0002e000 08:01 799423                     /usr/lib/jvm/java-11-openjdk-amd64/lib/libjdwp.so
7fb3a3872000-7fb3a3873000 r--p 0003b000 08:01 799423                     /usr/lib/jvm/java-11-openjdk-amd64/lib/libjdwp.so
7fb3a3873000-7fb3a3874000 rw-p 0003c000 08:01 799423                     /usr/lib/jvm/java-11-openjdk-amd64/lib/libjdwp.so
7fb3a3874000-7fb3a3876000 r--p 00000000 08:01 799424                     /usr/lib/jvm/java-11-openjdk-amd64/lib/libjimage.so
7fb3a3876000-7fb3a3879000 r-xp 00002000 08:01 799424                     /usr/lib/jvm/java-11-openjdk-amd64/lib/libjimage.so
7fb3a3879000-7fb3a387a000 r--p 00005000 08:01 799424                     /usr/lib/jvm/java-11-openjdk-amd64/lib/libjimage.so
7fb3a387a000-7fb3a387b000 ---p 00006000 08:01 799424                     /usr/lib/jvm/java-11-openjdk-amd64/lib/libjimage.so
7fb3a387b000-7fb3a387c000 r--p 00006000 08:01 799424                     /usr/lib/jvm/java-11-openjdk-amd64/lib/libjimage.so
7fb3a387c000-7fb3a387d000 rw-p 00007000 08:01 799424                     /usr/lib/jvm/java-11-openjdk-amd64/lib/libjimage.so
7fb3a387d000-7fb3a388b000 r--p 00000000 08:01 799421                     /usr/lib/jvm/java-11-openjdk-amd64/lib/libjava.so
7fb3a388b000-7fb3a38a0000 r-xp 0000e000 08:01 799421                     /usr/lib/jvm/java-11-openjdk-amd64/lib/libjava.so
7fb3a38a0000-7fb3a38a7000 r--p 00023000 08:01 799421                     /usr/lib/jvm/java-11-openjdk-amd64/lib/libjava.so
7fb3a38a7000-7fb3a38a8000 r--p 00029000 08:01 799421                     /usr/lib/jvm/java-11-openjdk-amd64/lib/libjava.so
7fb3a38a8000-7fb3a38a9000 rw-p 0002a000 08:01 799421                     /usr/lib/jvm/java-11-openjdk-amd64/lib/libjava.so
7fb3a38a9000-7fb3a38aa000 rw-p 00000000 00:00 0 
7fb3a38aa000-7fb3a38ad000 r--p 00000000 08:01 653516                     /usr/lib/x86_64-linux-gnu/librt-2.31.so
7fb3a38ad000-7fb3a38b1000 r-xp 00003000 08:01 653516                     /usr/lib/x86_64-linux-gnu/librt-2.31.so
7fb3a38b1000-7fb3a38b2000 r--p 00007000 08:01 653516                     /usr/lib/x86_64-linux-gnu/librt-2.31.so
7fb3a38b2000-7fb3a38b3000 ---p 00008000 08:01 653516                     /usr/lib/x86_64-linux-gnu/librt-2.31.so
7fb3a38b3000-7fb3a38b4000 r--p 00008000 08:01 653516                     /usr/lib/x86_64-linux-gnu/librt-2.31.so
7fb3a38b4000-7fb3a38b5000 rw-p 00009000 08:01 653516                     /usr/lib/x86_64-linux-gnu/librt-2.31.so
7fb3a38b5000-7fb3a38b9000 ---p 00000000 00:00 0 
7fb3a38b9000-7fb3a39b6000 rw-p 00000000 00:00 0 
7fb3a39b6000-7fb3a39b9000 r--p 00000000 08:01 652811                     /usr/lib/x86_64-linux-gnu/libgcc_s.so.1
7fb3a39b9000-7fb3a39ca000 r-xp 00003000 08:01 652811                     /usr/lib/x86_64-linux-gnu/libgcc_s.so.1
7fb3a39ca000-7fb3a39ce000 r--p 00014000 08:01 652811                     /usr/lib/x86_64-linux-gnu/libgcc_s.so.1
7fb3a39ce000-7fb3a39cf000 r--p 00017000 08:01 652811                     /usr/lib/x86_64-linux-gnu/libgcc_s.so.1
7fb3a39cf000-7fb3a39d0000 rw-p 00018000 08:01 652811                     /usr/lib/x86_64-linux-gnu/libgcc_s.so.1
7fb3a39d0000-7fb3a39df000 r--p 00000000 08:01 653501                     /usr/lib/x86_64-linux-gnu/libm-2.31.so
7fb3a39df000-7fb3a3a79000 r-xp 0000f000 08:01 653501                     /usr/lib/x86_64-linux-gnu/libm-2.31.so
7fb3a3a79000-7fb3a3b12000 r--p 000a9000 08:01 653501                     /usr/lib/x86_64-linux-gnu/libm-2.31.so
7fb3a3b12000-7fb3a3b13000 r--p 00141000 08:01 653501                     /usr/lib/x86_64-linux-gnu/libm-2.31.so
7fb3a3b13000-7fb3a3b14000 rw-p 00142000 08:01 653501                     /usr/lib/x86_64-linux-gnu/libm-2.31.so
7fb3a3b14000-7fb3a3baa000 r--p 00000000 08:01 656155                     /usr/lib/x86_64-linux-gnu/libstdc++.so.6.0.28
7fb3a3baa000-7fb3a3c86000 r-xp 00096000 08:01 656155                     /usr/lib/x86_64-linux-gnu/libstdc++.so.6.0.28
7fb3a3c86000-7fb3a3cd0000 r--p 00172000 08:01 656155                     /usr/lib/x86_64-linux-gnu/libstdc++.so.6.0.28
7fb3a3cd0000-7fb3a3cdb000 r--p 001bb000 08:01 656155                     /usr/lib/x86_64-linux-gnu/libstdc++.so.6.0.28
7fb3a3cdb000-7fb3a3cde000 rw-p 001c6000 08:01 656155                     /usr/lib/x86_64-linux-gnu/libstdc++.so.6.0.28
7fb3a3cde000-7fb3a3ce1000 rw-p 00000000 00:00 0 
7fb3a3ce1000-7fb3a3f62000 r--p 00000000 08:01 799447                     /usr/lib/jvm/java-11-openjdk-amd64/lib/server/libjvm.so
7fb3a3f62000-7fb3a4bc8000 r-xp 00281000 08:01 799447                     /usr/lib/jvm/java-11-openjdk-amd64/lib/server/libjvm.so
7fb3a4bc8000-7fb3a4e26000 r--p 00ee7000 08:01 799447                     /usr/lib/jvm/java-11-openjdk-amd64/lib/server/libjvm.so
7fb3a4e26000-7fb3a4eea000 r--p 01144000 08:01 799447                     /usr/lib/jvm/java-11-openjdk-amd64/lib/server/libjvm.so
7fb3a4eea000-7fb3a4f25000 rw-p 01208000 08:01 799447                     /usr/lib/jvm/java-11-openjdk-amd64/lib/server/libjvm.so
7fb3a4f25000-7fb3a4f7e000 rw-p 00000000 00:00 0 
7fb3a4f7e000-7fb3a4f85000 r--p 00000000 08:01 653513                     /usr/lib/x86_64-linux-gnu/libpthread-2.31.so
7fb3a4f85000-7fb3a4f95000 r-xp 00007000 08:01 653513                     /usr/lib/x86_64-linux-gnu/libpthread-2.31.so
7fb3a4f95000-7fb3a4f9a000 r--p 00017000 08:01 653513                     /usr/lib/x86_64-linux-gnu/libpthread-2.31.so
7fb3a4f9a000-7fb3a4f9b000 r--p 0001b000 08:01 653513                     /usr/lib/x86_64-linux-gnu/libpthread-2.31.so
7fb3a4f9b000-7fb3a4f9c000 rw-p 0001c000 08:01 653513                     /usr/lib/x86_64-linux-gnu/libpthread-2.31.so
7fb3a4f9c000-7fb3a4fa0000 rw-p 00000000 00:00 0 
7fb3a4fa0000-7fb3a4fa1000 r--p 00000000 08:01 653500                     /usr/lib/x86_64-linux-gnu/libdl-2.31.so
7fb3a4fa1000-7fb3a4fa3000 r-xp 00001000 08:01 653500                     /usr/lib/x86_64-linux-gnu/libdl-2.31.so
7fb3a4fa3000-7fb3a4fa4000 r--p 00003000 08:01 653500                     /usr/lib/x86_64-linux-gnu/libdl-2.31.so
7fb3a4fa4000-7fb3a4fa5000 r--p 00003000 08:01 653500                     /usr/lib/x86_64-linux-gnu/libdl-2.31.so
7fb3a4fa5000-7fb3a4fa6000 rw-p 00004000 08:01 653500                     /usr/lib/x86_64-linux-gnu/libdl-2.31.so
7fb3a4fa6000-7fb3a4fa9000 r--p 00000000 08:01 655006                     /usr/lib/x86_64-linux-gnu/libz.so.1.2.11
7fb3a4fa9000-7fb3a4fba000 r-xp 00003000 08:01 655006                     /usr/lib/x86_64-linux-gnu/libz.so.1.2.11
7fb3a4fba000-7fb3a4fc0000 r--p 00014000 08:01 655006                     /usr/lib/x86_64-linux-gnu/libz.so.1.2.11
7fb3a4fc0000-7fb3a4fc1000 ---p 0001a000 08:01 655006                     /usr/lib/x86_64-linux-gnu/libz.so.1.2.11
7fb3a4fc1000-7fb3a4fc2000 r--p 0001a000 08:01 655006                     /usr/lib/x86_64-linux-gnu/libz.so.1.2.11
7fb3a4fc2000-7fb3a4fc3000 rw-p 0001b000 08:01 655006                     /usr/lib/x86_64-linux-gnu/libz.so.1.2.11
7fb3a4fc3000-7fb3a4fe8000 r--p 00000000 08:01 652826                     /usr/lib/x86_64-linux-gnu/libc-2.31.so
7fb3a4fe8000-7fb3a5133000 r-xp 00025000 08:01 652826                     /usr/lib/x86_64-linux-gnu/libc-2.31.so
7fb3a5133000-7fb3a517d000 r--p 00170000 08:01 652826                     /usr/lib/x86_64-linux-gnu/libc-2.31.so
7fb3a517d000-7fb3a517e000 ---p 001ba000 08:01 652826                     /usr/lib/x86_64-linux-gnu/libc-2.31.so
7fb3a517e000-7fb3a5181000 r--p 001ba000 08:01 652826                     /usr/lib/x86_64-linux-gnu/libc-2.31.so
7fb3a5181000-7fb3a5184000 rw-p 001bd000 08:01 652826                     /usr/lib/x86_64-linux-gnu/libc-2.31.so
7fb3a5184000-7fb3a5188000 rw-p 00000000 00:00 0 
7fb3a5188000-7fb3a518a000 r--s 0000c000 08:01 1059857                    /usr/share/java/java-atk-wrapper.jar
7fb3a518a000-7fb3a518b000 ---p 00000000 00:00 0 
7fb3a518b000-7fb3a518c000 r--p 00000000 00:00 0 
7fb3a518c000-7fb3a5191000 r--p 00000000 08:01 799440                     /usr/lib/jvm/java-11-openjdk-amd64/lib/libverify.so
7fb3a5191000-7fb3a5198000 r-xp 00005000 08:01 799440                     /usr/lib/jvm/java-11-openjdk-amd64/lib/libverify.so
7fb3a5198000-7fb3a519a000 r--p 0000c000 08:01 799440                     /usr/lib/jvm/java-11-openjdk-amd64/lib/libverify.so
7fb3a519a000-7fb3a519b000 ---p 0000e000 08:01 799440                     /usr/lib/jvm/java-11-openjdk-amd64/lib/libverify.so
7fb3a519b000-7fb3a519d000 r--p 0000e000 08:01 799440                     /usr/lib/jvm/java-11-openjdk-amd64/lib/libverify.so
7fb3a519d000-7fb3a519e000 rw-p 00010000 08:01 799440                     /usr/lib/jvm/java-11-openjdk-amd64/lib/libverify.so
7fb3a519e000-7fb3a51a1000 r--p 00000000 08:01 799406                     /usr/lib/jvm/java-11-openjdk-amd64/lib/jli/libjli.so
7fb3a51a1000-7fb3a51ab000 r-xp 00003000 08:01 799406                     /usr/lib/jvm/java-11-openjdk-amd64/lib/jli/libjli.so
7fb3a51ab000-7fb3a51ae000 r--p 0000d000 08:01 799406                     /usr/lib/jvm/java-11-openjdk-amd64/lib/jli/libjli.so
7fb3a51ae000-7fb3a51af000 ---p 00010000 08:01 799406                     /usr/lib/jvm/java-11-openjdk-amd64/lib/jli/libjli.so
7fb3a51af000-7fb3a51b0000 r--p 00010000 08:01 799406                     /usr/lib/jvm/java-11-openjdk-amd64/lib/jli/libjli.so
7fb3a51b0000-7fb3a51b1000 rw-p 00011000 08:01 799406                     /usr/lib/jvm/java-11-openjdk-amd64/lib/jli/libjli.so
7fb3a51b1000-7fb3a51b3000 rw-p 00000000 00:00 0 
7fb3a51b3000-7fb3a51b4000 r--p 00000000 08:01 652821                     /usr/lib/x86_64-linux-gnu/ld-2.31.so
7fb3a51b4000-7fb3a51d4000 r-xp 00001000 08:01 652821                     /usr/lib/x86_64-linux-gnu/ld-2.31.so
7fb3a51d4000-7fb3a51dc000 r--p 00021000 08:01 652821                     /usr/lib/x86_64-linux-gnu/ld-2.31.so
7fb3a51dd000-7fb3a51de000 r--p 00029000 08:01 652821                     /usr/lib/x86_64-linux-gnu/ld-2.31.so
7fb3a51de000-7fb3a51df000 rw-p 0002a000 08:01 652821                     /usr/lib/x86_64-linux-gnu/ld-2.31.so
7fb3a51df000-7fb3a51e0000 rw-p 00000000 00:00 0 
7fffa95f6000-7fffa9618000 rw-p 00000000 00:00 0                          [stack]
7fffa963e000-7fffa9642000 r--p 00000000 00:00 0                          [vvar]
7fffa9642000-7fffa9644000 r-xp 00000000 00:00 0                          [vdso]


VM Arguments:
jvm_args: -agentlib:jdwp=transport=dt_socket,server=n,suspend=y,address=127.0.0.1:33739 -Dfile.encoding=UTF-8 -Duser.country=US -Duser.language=en -Duser.variant 
java_command: edu.ncat.susman.ifm.Cmd
java_class_path (initial): /root/Documents/Panda/build/classes/java/main:/root/Documents/Panda/build/resources/main:/root/.m2/repository/org/apache/logging/log4j/log4j-core/2.11.0/log4j-core-2.11.0.jar:/root/.m2/repository/org/slf4j/slf4j-log4j12/1.7.25/slf4j-log4j12-1.7.25.jar:/root/.m2/repository/org/jnetpcap/jnetpcap/1.4.1/jnetpcap-1.4.1.jar:/root/.m2/repository/junit/junit/4.12/junit-4.12.jar:/root/.m2/repository/org/apache/commons/commons-lang3/3.6/commons-lang3-3.6.jar:/root/.m2/repository/org/apache/commons/commons-math3/3.5/commons-math3-3.5.jar:/root/.m2/repository/commons-io/commons-io/2.5/commons-io-2.5.jar:/root/.m2/repository/nz/ac/waikato/cms/weka/weka-stable/3.6.14/weka-stable-3.6.14.jar:/root/.gradle/caches/modules-2/files-2.1/org.jfree/jfreechart/1.5.0/bc7919249bac68c15c433ed51cb798a1bf8cd74e/jfreechart-1.5.0.jar:/root/.m2/repository/com/google/guava/guava/23.6-jre/guava-23.6-jre.jar:/root/.m2/repository/org/apache/tika/tika-core/1.17/tika-core-1.17.jar:/root/.m2/repository/org/apache/logging/log4j/log4j-api/2.11.0/log4j-api-2.11.0.jar:/root/.m2/repository/org/slf4j/slf4j-api/1.7.25/slf4j-api-1.7.25.jar:/root/.m2/repository/log4j/log4j/1.2.17/log4j-1.2.17.jar:/root/.m2/repository/org/hamcrest/hamcrest-core/1.3/hamcrest-core-1.3.jar:/root/.m2/repository/net/sf/squirrel-sql/thirdparty-non-maven/java-cup/0.11a/java-cup-0.11a.jar:/root/.m2/repository/com/google/code/findbugs/jsr305/1.3.9/jsr305-1.3.9.jar:/root/.m2/repository/org/checkerframework/checker-compat-qual/2.0.0/checker-compat-qual-2.0.0.jar:/root/.m2/repository/com/google/errorprone/error_prone_annotations/2.1.3/error_prone_annotations-2.1.3.jar:/root/.m2/repository/com/google/j2objc/j2objc-annotations/1.1/j2objc-annotations-1.1.jar:/root/.m2/repository/org/codehaus/mojo/animal-sniffer-annotations/1.14/animal-sniffer-annotations-1.14.jar
Launcher Type: SUN_STANDARD

[Global flags]
     intx CICompilerCount                          = 3                                         {product} {ergonomic}
     uint ConcGCThreads                            = 2                                         {product} {ergonomic}
     uint G1ConcRefinementThreads                  = 6                                         {product} {ergonomic}
   size_t G1HeapRegionSize                         = 1048576                                   {product} {ergonomic}
    uintx GCDrainStackTargetSize                   = 64                                        {product} {ergonomic}
   size_t InitialHeapSize                          = 130023424                                 {product} {ergonomic}
   size_t MarkStackSize                            = 4194304                                   {product} {ergonomic}
   size_t MaxHeapSize                              = 2078277632                                {product} {ergonomic}
   size_t MaxNewSize                               = 1246756864                                {product} {ergonomic}
   size_t MinHeapDeltaBytes                        = 1048576                                   {product} {ergonomic}
    uintx NonNMethodCodeHeapSize                   = 5830732                                {pd product} {ergonomic}
    uintx NonProfiledCodeHeapSize                  = 122913754                              {pd product} {ergonomic}
    uintx ProfiledCodeHeapSize                     = 122913754                              {pd product} {ergonomic}
    uintx ReservedCodeCacheSize                    = 251658240                              {pd product} {ergonomic}
     bool SegmentedCodeCache                       = true                                      {product} {ergonomic}
     bool UseCompressedClassPointers               = true                                 {lp64_product} {ergonomic}
     bool UseCompressedOops                        = true                                 {lp64_product} {ergonomic}
     bool UseG1GC                                  = true                                      {product} {ergonomic}

Logging:
Log output configuration:
 #0: stdout all=warning uptime,level,tags
 #1: stderr all=off uptime,level,tags

Environment Variables:
PATH=/home/james/.sdkman/candidates/gradle/current/bin:/usr/local/bin:/usr/bin:/bin:/usr/local/games:/usr/games
USERNAME=james
SHELL=/bin/bash
DISPLAY=:0
LANG=en_US.UTF-8

Signal Handlers:
SIGSEGV: [libjvm.so+0xe754c0], sa_mask[0]=11111111011111111101111111111110, sa_flags=SA_RESTART|SA_SIGINFO
SIGBUS: [libjvm.so+0xe754c0], sa_mask[0]=11111111011111111101111111111110, sa_flags=SA_RESTART|SA_SIGINFO
SIGFPE: [libjvm.so+0xe754c0], sa_mask[0]=11111111011111111101111111111110, sa_flags=SA_RESTART|SA_SIGINFO
SIGPIPE: [libjvm.so+0xbc4070], sa_mask[0]=11111111011111111101111111111110, sa_flags=SA_RESTART|SA_SIGINFO
SIGXFSZ: [libjvm.so+0xbc4070], sa_mask[0]=11111111011111111101111111111110, sa_flags=SA_RESTART|SA_SIGINFO
SIGILL: [libjvm.so+0xe754c0], sa_mask[0]=11111111011111111101111111111110, sa_flags=SA_RESTART|SA_SIGINFO
SIGUSR2: [libjvm.so+0xbc3f10], sa_mask[0]=00100000000000000000000000000000, sa_flags=SA_RESTART|SA_SIGINFO
SIGHUP: [libjvm.so+0xbc44a0], sa_mask[0]=11111111011111111101111111111110, sa_flags=SA_RESTART|SA_SIGINFO
SIGINT: [libjvm.so+0xbc44a0], sa_mask[0]=11111111011111111101111111111110, sa_flags=SA_RESTART|SA_SIGINFO
SIGTERM: [libjvm.so+0xbc44a0], sa_mask[0]=11111111011111111101111111111110, sa_flags=SA_RESTART|SA_SIGINFO
SIGQUIT: [libjvm.so+0xbc44a0], sa_mask[0]=11111111011111111101111111111110, sa_flags=SA_RESTART|SA_SIGINFO


---------------  S Y S T E M  ---------------

OS:PRETTY_NAME="Debian GNU/Linux 11 (bullseye)"
NAME="Debian GNU/Linux"
VERSION_ID="11"
VERSION="11 (bullseye)"
VERSION_CODENAME=bullseye
ID=debian
HOME_URL="https://www.debian.org/"
SUPPORT_URL="https://www.debian.org/support"
BUG_REPORT_URL="https://bugs.debian.org/"
uname:Linux 5.10.0-8-amd64 #1 SMP Debian 5.10.46-4 (2021-08-03) x86_64
OS uptime: 0 days 1:58 hours
libc:glibc 2.31 NPTL 2.31 
rlimit (soft/hard): STACK 8192k/infinity , CORE 0k/infinity , NPROC 31525/31525 , NOFILE 1048576/1048576 , AS infinity/infinity , CPU infinity/infinity , DATA infinity/infinity , FSIZE infinity/infinity , MEMLOCK 1014550k/1014550k
load average:1.89 2.01 2.01

/proc/meminfo:
MemTotal:        8116400 kB
MemFree:          148096 kB
MemAvailable:     484832 kB
Buffers:           21696 kB
Cached:           538068 kB
SwapCached:       129336 kB
Active:          1169040 kB
Inactive:        6429372 kB
Active(anon):     911704 kB
Inactive(anon):  6164568 kB
Active(file):     257336 kB
Inactive(file):   264804 kB
Unevictable:          16 kB
Mlocked:              16 kB
SwapTotal:        998396 kB
SwapFree:          47984 kB
Dirty:               380 kB
Writeback:             0 kB
AnonPages:       6909376 kB
Mapped:           308508 kB
Shmem:             37616 kB
KReclaimable:      71832 kB
Slab:             161260 kB
SReclaimable:      71832 kB
SUnreclaim:        89428 kB
KernelStack:       25888 kB
PageTables:        44616 kB
NFS_Unstable:          0 kB
Bounce:                0 kB
WritebackTmp:          0 kB
CommitLimit:     5056596 kB
Committed_AS:   13057924 kB
VmallocTotal:   34359738367 kB
VmallocUsed:       42936 kB
VmallocChunk:          0 kB
Percpu:            90112 kB
HardwareCorrupted:     0 kB
AnonHugePages:   1804288 kB
ShmemHugePages:        0 kB
ShmemPmdMapped:        0 kB
FileHugePages:         0 kB
FilePmdMapped:         0 kB
HugePages_Total:       0
HugePages_Free:        0
HugePages_Rsvd:        0
HugePages_Surp:        0
Hugepagesize:       2048 kB
Hugetlb:               0 kB
DirectMap4k:      241536 kB
DirectMap2M:     6049792 kB
DirectMap1G:     4194304 kB

/sys/kernel/mm/transparent_hugepage/enabled:
[always] madvise never
/sys/kernel/mm/transparent_hugepage/defrag (defrag/compaction efforts parameter):
always defer defer+madvise [madvise] never

Process Memory:
Virtual Size: 5311024K (peak: 13465000K)
Resident Set Size: 134428K (peak: 135764K) (anon: 105320K, file: 29108K, shmem: 0K)
Swapped out: 0K
C-Heap outstanding allocations: 4975K

/proc/sys/kernel/threads-max (system-wide limit on the number of threads):
63050
/proc/sys/vm/max_map_count (maximum number of memory map areas a process may have):
65530
/proc/sys/kernel/pid_max (system-wide limit on number of process identifiers):
4194304

VMWare virtualization detected
Steal ticks since vm start: 0
Steal ticks percentage since vm start:  0.000

CPU:total 6 (initial active 6) (3 cores per cpu, 1 threads per core) family 6 model 158 stepping 10 microcode 0xb4, cmov, cx8, fxsr, mmx, sse, sse2, sse3, ssse3, sse4.1, sse4.2, popcnt, avx, avx2, aes, clmul, erms, 3dnowpref, lzcnt, tsc, tscinvbit, bmi1, bmi2, adx, fma
CPU Model and flags from /proc/cpuinfo:
model name	: Intel(R) Core(TM) i7-8700K CPU @ 3.70GHz
flags		: fpu vme de pse tsc msr pae mce cx8 apic sep mtrr pge mca cmov pat pse36 clflush mmx fxsr sse sse2 ss ht syscall nx pdpe1gb rdtscp lm constant_tsc arch_perfmon nopl xtopology tsc_reliable nonstop_tsc cpuid pni pclmulqdq ssse3 fma cx16 pcid sse4_1 sse4_2 x2apic movbe popcnt tsc_deadline_timer aes xsave avx f16c rdrand hypervisor lahf_lm abm 3dnowprefetch cpuid_fault invpcid_single pti ssbd ibrs ibpb stibp fsgsbase tsc_adjust bmi1 avx2 smep bmi2 invpcid rdseed adx smap clflushopt xsaveopt xsavec xgetbv1 xsaves arat md_clear flush_l1d arch_capabilities
Online cpus:
0-5
Offline cpus:
6-127
BIOS frequency limitation:
<Not Available>
Frequency switch latency (ns):
<Not Available>
Available cpu frequencies:
<Not Available>
Current governor:
<Not Available>
Core performance/turbo boost:
<Not Available>

Memory: 4k page, physical 8116400k(148096k free), swap 998396k(47984k free)

vm_info: OpenJDK 64-Bit Server VM (11.0.12+7-post-Debian-2) for linux-amd64 JRE (11.0.12+7-post-Debian-2), built on Jul 21 2021 07:03:54 by "unknown" with gcc 10.2.1 20210110

END.
